\BOOKMARK [-1][-]{part.1}{\376\377\000I\000\040\000D\000S\000L\000\040\000D\000e\000s\000i\000g\000n}{}% 1
\BOOKMARK [0][-]{chapter.1}{\376\377\000C\000o\000r\000e\000\040\000D\000e\000s\000i\000g\000n\000\040\000D\000i\000m\000e\000n\000s\000i\000o\000n\000s}{part.1}% 2
\BOOKMARK [1][-]{section.1.1}{\376\377\000P\000r\000o\000g\000r\000a\000m\000s\000,\000\040\000L\000a\000n\000g\000u\000a\000g\000e\000s\000,\000\040\000D\000o\000m\000a\000i\000n\000s}{chapter.1}% 3
\BOOKMARK [1][-]{section.1.2}{\376\377\000E\000x\000p\000r\000e\000s\000s\000i\000v\000i\000t\000y}{chapter.1}% 4
\BOOKMARK [1][-]{section.1.3}{\376\377\000C\000o\000v\000e\000r\000a\000g\000e}{chapter.1}% 5
\BOOKMARK [1][-]{section.1.4}{\376\377\000S\000e\000m\000a\000n\000t\000i\000c\000s\000\040\000a\000n\000d\000\040\000E\000x\000e\000c\000u\000t\000i\000o\000n}{chapter.1}% 6
\BOOKMARK [1][-]{section.1.5}{\376\377\000S\000e\000p\000a\000r\000a\000t\000i\000o\000n\000\040\000o\000f\000\040\000C\000o\000n\000c\000e\000r\000n\000s}{chapter.1}% 7
\BOOKMARK [1][-]{section.1.6}{\376\377\000C\000o\000m\000p\000l\000e\000t\000e\000n\000e\000s\000s}{chapter.1}% 8
\BOOKMARK [1][-]{section.1.7}{\376\377\000S\000t\000r\000u\000c\000t\000u\000r\000i\000n\000g\000\040\000P\000r\000o\000g\000r\000a\000m\000s}{chapter.1}% 9
\BOOKMARK [1][-]{section.1.8}{\376\377\000L\000a\000n\000g\000u\000a\000g\000e\000\040\000M\000o\000d\000u\000l\000a\000r\000i\000t\000y}{chapter.1}% 10
\BOOKMARK [1][-]{section.1.9}{\376\377\000C\000o\000n\000c\000r\000e\000t\000e\000\040\000S\000y\000n\000t\000a\000x}{chapter.1}% 11
\BOOKMARK [0][-]{chapter.2}{\376\377\000H\000i\000g\000h\000-\000L\000e\000v\000e\000l\000\040\000D\000r\000i\000v\000e\000r\000s}{part.1}% 12
\BOOKMARK [0][-]{chapter.3}{\376\377\000T\000o\000o\000l\000i\000n\000g\000\040\000I\000n\000f\000l\000u\000e\000n\000c\000e\000s}{part.1}% 13
\BOOKMARK [1][-]{section.3.1}{\376\377\000P\000r\000o\000j\000e\000c\000t\000i\000o\000n\000\040\000v\000s\000.\000\040\000P\000a\000r\000s\000i\000n\000g}{chapter.3}% 14
\BOOKMARK [0][-]{chapter.4}{\376\377\000P\000r\000o\000c\000e\000s\000s}{part.1}% 15
\BOOKMARK [1][-]{section.4.1}{\376\377\000R\000e\000q\000u\000i\000r\000e\000m\000e\000n\000t\000s\000\040\000f\000o\000r\000\040\000t\000h\000e\000\040\000L\000a\000n\000g\000u\000a\000g\000e}{chapter.4}% 16
\BOOKMARK [1][-]{section.4.2}{\376\377\000I\000t\000e\000r\000a\000t\000i\000v\000e\000\040\000D\000e\000v\000e\000l\000o\000p\000m\000e\000n\000t}{chapter.4}% 17
\BOOKMARK [1][-]{section.4.3}{\376\377\000C\000o\000-\000e\000v\000o\000l\000v\000e\000\040\000c\000o\000n\000c\000e\000p\000t\000s\000\040\000a\000n\000d\000\040\000l\000a\000n\000g\000u\000a\000g\000e}{chapter.4}% 18
\BOOKMARK [1][-]{section.4.4}{\376\377\000D\000o\000c\000u\000m\000e\000n\000t\000a\000t\000i\000o\000n\000\040\000i\000s\000\040\000s\000t\000i\000l\000l\000\040\000n\000e\000c\000e\000s\000s\000a\000r\000y}{chapter.4}% 19
\BOOKMARK [1][-]{section.4.5}{\376\377\000R\000e\000v\000i\000e\000w\000s}{chapter.4}% 20
\BOOKMARK [1][-]{section.4.6}{\376\377\000L\000e\000t\000\040\000p\000e\000o\000p\000l\000e\000\040\000d\000o\000\040\000w\000h\000a\000t\000\040\000t\000h\000e\000y\000\040\000a\000r\000e\000\040\000g\000o\000o\000d\000\040\000a\000t}{chapter.4}% 21
\BOOKMARK [1][-]{section.4.7}{\376\377\000D\000o\000m\000a\000i\000n\000\040\000U\000s\000e\000r\000s\000\040\000P\000r\000o\000g\000r\000a\000m\000m\000i\000n\000g\000?}{chapter.4}% 22
\BOOKMARK [1][-]{section.4.8}{\376\377\000D\000o\000m\000a\000i\000n\000\040\000U\000s\000e\000r\000s\000\040\000v\000s\000.\000\040\000D\000o\000m\000a\000i\000n\000\040\000E\000x\000p\000e\000r\000t\000s}{chapter.4}% 23
\BOOKMARK [1][-]{section.4.9}{\376\377\000D\000S\000L\000\040\000a\000s\000\040\000a\000\040\000P\000r\000o\000d\000u\000c\000t}{chapter.4}% 24
\BOOKMARK [1][-]{section.4.10}{\376\377\000C\000o\000m\000p\000a\000t\000i\000b\000l\000e\000\040\000O\000r\000g\000a\000n\000i\000z\000a\000t\000i\000o\000n}{chapter.4}% 25
\BOOKMARK [1][-]{section.4.11}{\376\377\000E\000v\000o\000l\000u\000t\000i\000o\000n}{chapter.4}% 26
\BOOKMARK [1][-]{section.4.12}{\376\377\000D\000i\000s\000c\000u\000s\000s\000i\000o\000n}{chapter.4}% 27
