This is pdfTeX, Version 3.1415926-1.40.11 (TeX Live 2010) (format=pdflatex 2010.11.22)  6 OCT 2011 17:46
entering extended mode
 restricted \write18 enabled.
 Source specials enabled.
 %&-line parsing enabled.
**doc.tex
(./doc.tex
LaTeX2e <2009/09/24>
Babel <v3.8l> and hyphenation patterns for english, dumylang, nohyphenation, ge
rman-x-2009-06-19, ngerman-x-2009-06-19, ancientgreek, ibycus, arabic, armenian
, basque, bulgarian, catalan, pinyin, coptic, croatian, czech, danish, dutch, u
kenglish, usenglishmax, esperanto, estonian, farsi, finnish, french, galician, 
german, ngerman, swissgerman, monogreek, greek, hungarian, icelandic, assamese,
 bengali, gujarati, hindi, kannada, malayalam, marathi, oriya, panjabi, tamil, 
telugu, indonesian, interlingua, irish, italian, kurmanji, lao, latin, latvian,
 lithuanian, mongolian, mongolianlmc, bokmal, nynorsk, polish, portuguese, roma
nian, russian, sanskrit, serbian, slovak, slovenian, spanish, swedish, turkish,
 turkmen, ukrainian, uppersorbian, welsh, loaded.
(./tufte-book.cls
Document Class: tufte-book 2009/12/11 v3.5.0 Tufte-book class
(./tufte-common.def
File: tufte-common.def 2009/12/11 v3.5.0 Common code for the Tufte-LaTeX styles


(/usr/local/texlive/2010/texmf-dist/tex/latex/xkeyval/xkeyval.sty
Package: xkeyval 2008/08/13 v2.6a package option processing (HA)

(/usr/local/texlive/2010/texmf-dist/tex/generic/xkeyval/xkeyval.tex
\XKV@toks=\toks14
\XKV@tempa@toks=\toks15
\XKV@depth=\count79
File: xkeyval.tex 2008/08/13 v2.6a key=value parser (HA)

(/usr/local/texlive/2010/texmf-dist/tex/generic/xkeyval/keyval.tex)))
(/usr/local/texlive/2010/texmf-dist/tex/latex/xifthen/xifthen.sty
Package: xifthen 2009/04/17 v1.3 Extended ifthen features

(/usr/local/texlive/2010/texmf-dist/tex/latex/etex-pkg/etex.sty
Package: etex 1998/03/26 v2.0 eTeX basic definition package (PEB)
\et@xins=\count80
)
(/usr/local/texlive/2010/texmf-dist/tex/latex/tools/calc.sty
Package: calc 2007/08/22 v4.3 Infix arithmetic (KKT,FJ)
\calc@Acount=\count81
\calc@Bcount=\count82
\calc@Adimen=\dimen102
\calc@Bdimen=\dimen103
\calc@Askip=\skip41
\calc@Bskip=\skip42
LaTeX Info: Redefining \setlength on input line 76.
LaTeX Info: Redefining \addtolength on input line 77.
\calc@Ccount=\count83
\calc@Cskip=\skip43
)
(/usr/local/texlive/2010/texmf-dist/tex/latex/base/ifthen.sty
Package: ifthen 2001/05/26 v1.1c Standard LaTeX ifthen package (DPC)
)
(/usr/local/texlive/2010/texmf-dist/tex/latex/ifmtarg/ifmtarg.sty
Package: ifmtarg 2009/09/02 v1.2a check for an empty argument
))
Class tufte-book Info: Loading the base class `book'.

(/usr/local/texlive/2010/texmf-dist/tex/latex/base/book.cls
Document Class: book 2007/10/19 v1.4h Standard LaTeX document class
(/usr/local/texlive/2010/texmf-dist/tex/latex/base/bk10.clo
File: bk10.clo 2007/10/19 v1.4h Standard LaTeX file (size option)
)
\c@part=\count84
\c@chapter=\count85
\c@section=\count86
\c@subsection=\count87
\c@subsubsection=\count88
\c@paragraph=\count89
\c@subparagraph=\count90
\c@figure=\count91
\c@table=\count92
\abovecaptionskip=\skip44
\belowcaptionskip=\skip45
\bibindent=\dimen104
)
(/usr/local/texlive/2010/texmf-dist/tex/generic/oberdiek/ifpdf.sty
Package: ifpdf 2010/01/28 v2.1 Provides the ifpdf switch (HO)
Package ifpdf Info: pdfTeX in pdf mode detected.
)
(/usr/local/texlive/2010/texmf-dist/tex/generic/ifxetex/ifxetex.sty
Package: ifxetex 2009/01/23 v0.5 Provides ifxetex conditional
)
(/usr/local/texlive/2010/texmf-dist/tex/latex/titlesec/titlesec.sty
Package: titlesec 2007/08/12 v2.8 Sectioning titles
\ttl@box=\box26
\beforetitleunit=\skip46
\aftertitleunit=\skip47
\ttl@plus=\dimen105
\ttl@minus=\dimen106
\ttl@toksa=\toks16
\titlewidth=\dimen107
\titlewidthlast=\dimen108
\titlewidthfirst=\dimen109
)
(/usr/local/texlive/2010/texmf-dist/tex/latex/titlesec/titletoc.sty
Package: titletoc 2007/08/12 v1.6 TOC entries
\ttl@leftsep=\dimen110
)
(/usr/local/texlive/2010/texmf-dist/tex/latex/hyperref/hyperref.sty
Package: hyperref 2010/06/18 v6.81g Hypertext links for LaTeX

(/usr/local/texlive/2010/texmf-dist/tex/generic/oberdiek/ltxcmds.sty
Package: ltxcmds 2010/04/26 v1.7 LaTeX kernel commands for general use (HO)
)
(/usr/local/texlive/2010/texmf-dist/tex/generic/oberdiek/kvsetkeys.sty
Package: kvsetkeys 2010/03/01 v1.9 Key value parser (HO)

(/usr/local/texlive/2010/texmf-dist/tex/generic/oberdiek/infwarerr.sty
Package: infwarerr 2010/04/08 v1.3 Providing info/warning/message (HO)
)
(/usr/local/texlive/2010/texmf-dist/tex/generic/oberdiek/etexcmds.sty
Package: etexcmds 2010/01/28 v1.3 Prefix for e-TeX command names (HO)
Package etexcmds Info: Could not find \expanded.
(etexcmds)             That can mean that you are not using pdfTeX 1.50 or
(etexcmds)             that some package has redefined \expanded.
(etexcmds)             In the latter case, load this package earlier.
))
(/usr/local/texlive/2010/texmf-dist/tex/generic/oberdiek/pdfescape.sty
Package: pdfescape 2010/03/01 v1.9 Provides hex, PDF name and string conversion
s (HO)

(/usr/local/texlive/2010/texmf-dist/tex/generic/oberdiek/pdftexcmds.sty
Package: pdftexcmds 2010/04/01 v0.9 Utility functions of pdfTeX for LuaTeX (HO)


(/usr/local/texlive/2010/texmf-dist/tex/generic/oberdiek/ifluatex.sty
Package: ifluatex 2010/03/01 v1.3 Provides the ifluatex switch (HO)
Package ifluatex Info: LuaTeX not detected.
)
Package pdftexcmds Info: LuaTeX not detected.
Package pdftexcmds Info: \pdf@primitive is available.
Package pdftexcmds Info: \pdf@ifprimitive is available.
))
(/usr/local/texlive/2010/texmf-dist/tex/generic/oberdiek/ifvtex.sty
Package: ifvtex 2010/03/01 v1.5 Switches for detecting VTeX and its modes (HO)
Package ifvtex Info: VTeX not detected.
)
(/usr/local/texlive/2010/texmf-dist/tex/latex/oberdiek/hycolor.sty
Package: hycolor 2009/12/12 v1.6 Color options of hyperref/bookmark (HO)

(/usr/local/texlive/2010/texmf-dist/tex/latex/oberdiek/xcolor-patch.sty
Package: xcolor-patch 2009/12/12 xcolor patch
))
(/usr/local/texlive/2010/texmf-dist/tex/latex/oberdiek/letltxmacro.sty
Package: letltxmacro 2008/06/24 v1.3 Let assignment for LaTeX macros (HO)
)
\@linkdim=\dimen111
\Hy@linkcounter=\count93
\Hy@pagecounter=\count94

(/usr/local/texlive/2010/texmf-dist/tex/latex/hyperref/pd1enc.def
File: pd1enc.def 2010/06/18 v6.81g Hyperref: PDFDocEncoding definition (HO)
)
(/usr/local/texlive/2010/texmf-dist/tex/generic/oberdiek/intcalc.sty
Package: intcalc 2007/09/27 v1.1 Expandable integer calculations (HO)
)
(/usr/local/texlive/2010/texmf-dist/tex/latex/latexconfig/hyperref.cfg
File: hyperref.cfg 2002/06/06 v1.2 hyperref configuration of TeXLive
)
(/usr/local/texlive/2010/texmf-dist/tex/latex/oberdiek/kvoptions.sty
Package: kvoptions 2010/02/22 v3.7 Keyval support for LaTeX options (HO)
)
Package hyperref Info: Option `unicode' set `true' on input line 3577.

(/usr/local/texlive/2010/texmf-dist/tex/latex/hyperref/puenc.def
File: puenc.def 2010/06/18 v6.81g Hyperref: PDF Unicode definition (HO)
)
Package hyperref Info: Option `hyperfootnotes' set `false' on input line 3577.
Package hyperref Info: Hyper figures OFF on input line 3658.
Package hyperref Info: Link nesting OFF on input line 3663.
Package hyperref Info: Hyper index ON on input line 3666.
Package hyperref Info: Plain pages OFF on input line 3673.
Package hyperref Info: Backreferencing OFF on input line 3678.

Implicit mode ON; LaTeX internals redefined
Package hyperref Info: Bookmarks ON on input line 3874.
(/usr/local/texlive/2010/texmf-dist/tex/latex/url/url.sty
\Urlmuskip=\muskip10
Package: url 2006/04/12  ver 3.3  Verb mode for urls, etc.
)
LaTeX Info: Redefining \url on input line 4159.

(/usr/local/texlive/2010/texmf-dist/tex/generic/oberdiek/bitset.sty
Package: bitset 2007/09/28 v1.0 Data type bit set (HO)

(/usr/local/texlive/2010/texmf-dist/tex/generic/oberdiek/bigintcalc.sty
Package: bigintcalc 2007/11/11 v1.1 Expandable big integer calculations (HO)
))
\Fld@menulength=\count95
\Field@Width=\dimen112
\Fld@charsize=\dimen113
\Field@toks=\toks17
Package hyperref Info: Hyper figures OFF on input line 5137.
Package hyperref Info: Link nesting OFF on input line 5142.
Package hyperref Info: Hyper index ON on input line 5145.
Package hyperref Info: backreferencing OFF on input line 5152.
Package hyperref Info: Link coloring OFF on input line 5157.
Package hyperref Info: Link coloring with OCG OFF on input line 5162.
Package hyperref Info: PDF/A mode OFF on input line 5167.
LaTeX Info: Redefining \ref on input line 5207.
LaTeX Info: Redefining \pageref on input line 5211.

(/usr/local/texlive/2010/texmf-dist/tex/generic/oberdiek/atbegshi.sty
Package: atbegshi 2010/03/25 v1.12 At begin shipout hook (HO)
)
\Hy@abspage=\count96
\c@Item=\count97
)
* hyperref using default driver hpdftex *
(/usr/local/texlive/2010/texmf-dist/tex/latex/hyperref/hpdftex.def
File: hpdftex.def 2010/06/18 v6.81g Hyperref driver for pdfTeX

(/usr/local/texlive/2010/texmf-dist/tex/latex/oberdiek/atveryend.sty
Package: atveryend 2010/03/24 v1.5 Hooks at very end of document (HO)
Package atveryend Info: \enddocument detected (standard).
)
\Fld@listcount=\count98
\c@bookmark@seq@number=\count99

(/usr/local/texlive/2010/texmf-dist/tex/latex/oberdiek/rerunfilecheck.sty
Package: rerunfilecheck 2010/03/16 v1.6 Rerun checks for auxiliary files (HO)

(/usr/local/texlive/2010/texmf-dist/tex/generic/oberdiek/uniquecounter.sty
Package: uniquecounter 2009/12/18 v1.1 Provides unlimited unique counter (HO)
)
Package uniquecounter Info: New unique counter `rerunfilecheck' on input line 2
71.
)
\Hy@SectionHShift=\skip48
)

Package hyperref Warning: Option `pagecolor' is not available anymore.

(/usr/local/texlive/2010/texmf-dist/tex/latex/ms/ragged2e.sty
Package: ragged2e 2009/05/21 v2.1 ragged2e Package (MS)

(/usr/local/texlive/2010/texmf-dist/tex/latex/ms/everysel.sty
Package: everysel 2009/05/30 v1.1 EverySelectfont Package (MS)
)
\CenteringLeftskip=\skip49
\RaggedLeftLeftskip=\skip50
\RaggedRightLeftskip=\skip51
\CenteringRightskip=\skip52
\RaggedLeftRightskip=\skip53
\RaggedRightRightskip=\skip54
\CenteringParfillskip=\skip55
\RaggedLeftParfillskip=\skip56
\RaggedRightParfillskip=\skip57
\JustifyingParfillskip=\skip58
\CenteringParindent=\skip59
\RaggedLeftParindent=\skip60
\RaggedRightParindent=\skip61
\JustifyingParindent=\skip62
)
(/usr/local/texlive/2010/texmf-dist/tex/latex/geometry/geometry.sty
Package: geometry 2010/07/13 v5.5 Page Geometry
\Gm@cnth=\count100
\Gm@cntv=\count101
\c@Gm@tempcnt=\count102
\Gm@bindingoffset=\dimen114
\Gm@wd@mp=\dimen115
\Gm@odd@mp=\dimen116
\Gm@even@mp=\dimen117
\Gm@layoutwidth=\dimen118
\Gm@layoutheight=\dimen119
\Gm@layouthoffset=\dimen120
\Gm@layoutvoffset=\dimen121
\Gm@dimlist=\toks18
)
(/usr/local/texlive/2010/texmf-dist/tex/latex/changepage/changepage.sty
Package: changepage 2009/10/20 v1.0c check page and change page layout
\c@cp@cntr=\count103
\cp@tempcnt=\count104
)
\@tufte@overhang=\skip63
\@tufte@fullwidth=\skip64
\@tufte@caption@fill=\skip65

(/usr/local/texlive/2010/texmf-dist/tex/latex/paralist/paralist.sty
Package: paralist 2002/03/18 v2.3b Extended list environments (BS)
\pltopsep=\skip66
\plpartopsep=\skip67
\plitemsep=\skip68
\plparsep=\skip69
\pl@lab=\toks19
)
(/usr/local/texlive/2010/texmf-dist/tex/latex/textcase/textcase.sty
Package: textcase 2004/10/07 v0.07 Text only upper/lower case changing (DPC)
)
(/usr/local/texlive/2010/texmf-dist/tex/latex/microtype/letterspace.sty
Package: letterspace 2010/01/10 v2.4 Robust letterspacing (RS)
LaTeX Info: Redefining \lsstyle on input line 277.
LaTeX Info: Redefining \lslig on input line 278.
LaTeX Info: Redefining \textls on input line 303.
\MT@outer@kern=\dimen122
)
(/usr/local/texlive/2010/texmf-dist/tex/latex/setspace/setspace.sty
Package: setspace 2000/12/01 6.7 Contributed and Supported LaTeX2e package

Package: `setspace' 6.7 <2000/12/01>
) (/usr/local/texlive/2010/texmf-dist/tex/latex/natbib/natbib.sty
Package: natbib 2009/11/07 8.31a (PWD, AO)
\bibhang=\skip70
\bibsep=\skip71
LaTeX Info: Redefining \cite on input line 694.
\c@NAT@ctr=\count105
)
(/usr/local/texlive/2010/texmf-dist/tex/latex/natbib/bibentry.sty
Package: bibentry 2007/10/30 1.5 (PWD)
) (./doc.bbl
Runaway argument?
T.~Parr. \newblock {\em The De
! Forbidden control sequence found while scanning use of \BR@c@bibitem.
<inserted text> 
                \par 
l.1371 \newblock {\em The De^^L
                               finitive ANTLR Reference: Building Domain-Spe...
I suspect you have forgotten a `}', causing me
to read past where you wanted me to stop.
I'll try to recover; but if the error is serious,
you'd better type `E' or `X' now and fix your file.


! LaTeX Error: Missing \begin{document}.

See the LaTeX manual or LaTeX Companion for explanation.
Type  H <return>  for immediate help.
 ...                                              
                                                  
l.1371 \newblock {\em The De^^Lf
                                initive ANTLR Reference: Building Domain-Spe...

You're in trouble here.  Try typing  <return>  to proceed.
If that doesn't work, type  X <return>  to quit.


! LaTeX Error: Missing \begin{document}.

See the LaTeX manual or LaTeX Companion for explanation.
Type  H <return>  for immediate help.
 ...                                              
                                                  
l.1371 ...R Reference: Building Domain-Specifi^^Lc
                                                  
You're in trouble here.  Try typing  <return>  to proceed.
If that doesn't work, type  X <return>  to quit.

! Extra }, or forgotten \endgroup.
l.1372   Languages}
                   .
I've deleted a group-closing symbol because it seems to be
spurious, as in `$x}$'. But perhaps the } is legitimate and
you forgot something else, as in `\hbox{$x}'. In such cases
the way to recover is to insert both the forgotten and the
deleted material, e.g., by typing `I$}'.

)
\c@@tufte@num@bibkeys=\count106
 (/usr/local/texlive/2010/texmf-dist/tex/latex/sauerj/optparams.sty
Package: optparams 2004/08/14 v0.9 multiple optional parameters in macros
)
\@tufte@sidenote@vertical@offset=\skip72

(/usr/local/texlive/2010/texmf-dist/tex/latex/placeins/placeins.sty
Package: placeins 2005/04/18  v 2.2
)
\@tufte@margin@floatbox=\box27
\@tufte@figure@box=\box28
\@tufte@caption@box=\box29
\@tufte@caption@vertical@offset=\skip73
\@tufte@float@contents@width=\skip74

(/usr/local/texlive/2010/texmf-dist/tex/latex/psnfss/mathpazo.sty
Package: mathpazo 2005/04/12 PSNFSS-v9.2a Palatino w/ Pazo Math (D.Puga, WaS) 
\symupright=\mathgroup4
)
(/usr/local/texlive/2010/texmf-dist/tex/latex/psnfss/helvet.sty
Package: helvet 2005/04/12 PSNFSS-v9.2a (WaS) 
)
(/usr/local/texlive/2010/texmf-dist/tex/latex/bera/beramono.sty
Package: beramono 2004/01/31 (WaS)
)
(/usr/local/texlive/2010/texmf-dist/tex/latex/base/fontenc.sty
Package: fontenc 2005/09/27 v1.99g Standard LaTeX package

(/usr/local/texlive/2010/texmf-dist/tex/latex/base/t1enc.def
File: t1enc.def 2005/09/27 v1.99g Standard LaTeX file
LaTeX Font Info:    Redeclaring font encoding T1 on input line 43.
))
(/usr/local/texlive/2010/texmf-dist/tex/latex/base/textcomp.sty
Package: textcomp 2005/09/27 v1.99g Standard LaTeX package
Package textcomp Info: Sub-encoding information:
(textcomp)               5 = only ISO-Adobe without \textcurrency
(textcomp)               4 = 5 + \texteuro
(textcomp)               3 = 4 + \textohm
(textcomp)               2 = 3 + \textestimated + \textcurrency
(textcomp)               1 = TS1 - \textcircled - \t
(textcomp)               0 = TS1 (full)
(textcomp)             Font families with sub-encoding setting implement
(textcomp)             only a restricted character set as indicated.
(textcomp)             Family '?' is the default used for unknown fonts.
(textcomp)             See the documentation for details.
Package textcomp Info: Setting ? sub-encoding to TS1/1 on input line 71.

(/usr/local/texlive/2010/texmf-dist/tex/latex/base/ts1enc.def
File: ts1enc.def 2001/06/05 v3.0e (jk/car/fm) Standard LaTeX file
)
LaTeX Info: Redefining \oldstylenums on input line 266.
Package textcomp Info: Setting cmr sub-encoding to TS1/0 on input line 281.
Package textcomp Info: Setting cmss sub-encoding to TS1/0 on input line 282.
Package textcomp Info: Setting cmtt sub-encoding to TS1/0 on input line 283.
Package textcomp Info: Setting cmvtt sub-encoding to TS1/0 on input line 284.
Package textcomp Info: Setting cmbr sub-encoding to TS1/0 on input line 285.
Package textcomp Info: Setting cmtl sub-encoding to TS1/0 on input line 286.
Package textcomp Info: Setting ccr sub-encoding to TS1/0 on input line 287.
Package textcomp Info: Setting ptm sub-encoding to TS1/4 on input line 288.
Package textcomp Info: Setting pcr sub-encoding to TS1/4 on input line 289.
Package textcomp Info: Setting phv sub-encoding to TS1/4 on input line 290.
Package textcomp Info: Setting ppl sub-encoding to TS1/3 on input line 291.
Package textcomp Info: Setting pag sub-encoding to TS1/4 on input line 292.
Package textcomp Info: Setting pbk sub-encoding to TS1/4 on input line 293.
Package textcomp Info: Setting pnc sub-encoding to TS1/4 on input line 294.
Package textcomp Info: Setting pzc sub-encoding to TS1/4 on input line 295.
Package textcomp Info: Setting bch sub-encoding to TS1/4 on input line 296.
Package textcomp Info: Setting put sub-encoding to TS1/5 on input line 297.
Package textcomp Info: Setting uag sub-encoding to TS1/5 on input line 298.
Package textcomp Info: Setting ugq sub-encoding to TS1/5 on input line 299.
Package textcomp Info: Setting ul8 sub-encoding to TS1/4 on input line 300.
Package textcomp Info: Setting ul9 sub-encoding to TS1/4 on input line 301.
Package textcomp Info: Setting augie sub-encoding to TS1/5 on input line 302.
Package textcomp Info: Setting dayrom sub-encoding to TS1/3 on input line 303.
Package textcomp Info: Setting dayroms sub-encoding to TS1/3 on input line 304.

Package textcomp Info: Setting pxr sub-encoding to TS1/0 on input line 305.
Package textcomp Info: Setting pxss sub-encoding to TS1/0 on input line 306.
Package textcomp Info: Setting pxtt sub-encoding to TS1/0 on input line 307.
Package textcomp Info: Setting txr sub-encoding to TS1/0 on input line 308.
Package textcomp Info: Setting txss sub-encoding to TS1/0 on input line 309.
Package textcomp Info: Setting txtt sub-encoding to TS1/0 on input line 310.
Package textcomp Info: Setting futs sub-encoding to TS1/4 on input line 311.
Package textcomp Info: Setting futx sub-encoding to TS1/4 on input line 312.
Package textcomp Info: Setting futj sub-encoding to TS1/4 on input line 313.
Package textcomp Info: Setting hlh sub-encoding to TS1/3 on input line 314.
Package textcomp Info: Setting hls sub-encoding to TS1/3 on input line 315.
Package textcomp Info: Setting hlst sub-encoding to TS1/3 on input line 316.
Package textcomp Info: Setting hlct sub-encoding to TS1/5 on input line 317.
Package textcomp Info: Setting hlx sub-encoding to TS1/5 on input line 318.
Package textcomp Info: Setting hlce sub-encoding to TS1/5 on input line 319.
Package textcomp Info: Setting hlcn sub-encoding to TS1/5 on input line 320.
Package textcomp Info: Setting hlcw sub-encoding to TS1/5 on input line 321.
Package textcomp Info: Setting hlcf sub-encoding to TS1/5 on input line 322.
Package textcomp Info: Setting pplx sub-encoding to TS1/3 on input line 323.
Package textcomp Info: Setting pplj sub-encoding to TS1/3 on input line 324.
Package textcomp Info: Setting ptmx sub-encoding to TS1/4 on input line 325.
Package textcomp Info: Setting ptmj sub-encoding to TS1/4 on input line 326.
)
(/usr/local/texlive/2010/texmf-dist/tex/latex/fancyhdr/fancyhdr.sty
\fancy@headwidth=\skip75
\f@ncyO@elh=\skip76
\f@ncyO@erh=\skip77
\f@ncyO@olh=\skip78
\f@ncyO@orh=\skip79
\f@ncyO@elf=\skip80
\f@ncyO@erf=\skip81
\f@ncyO@olf=\skip82
\f@ncyO@orf=\skip83
)
(/usr/local/texlive/2010/texmf-dist/tex/latex/xcolor/xcolor.sty
Package: xcolor 2007/01/21 v2.11 LaTeX color extensions (UK)

(/usr/local/texlive/2010/texmf-dist/tex/latex/latexconfig/color.cfg
File: color.cfg 2007/01/18 v1.5 color configuration of teTeX/TeXLive
)
Package xcolor Info: Package option `usenames' ignored on input line 216.
Package xcolor Info: Driver file: pdftex.def on input line 225.

(/usr/local/texlive/2010/texmf-dist/tex/latex/pdftex-def/pdftex.def
File: pdftex.def 2010/02/14 v0.04n Graphics/color for pdfTeX
\Gread@gobject=\count107
)
Package xcolor Info: Model `cmy' substituted by `cmy0' on input line 1337.
Package xcolor Info: Model `hsb' substituted by `rgb' on input line 1341.
Package xcolor Info: Model `RGB' extended on input line 1353.
Package xcolor Info: Model `HTML' substituted by `rgb' on input line 1355.
Package xcolor Info: Model `Hsb' substituted by `hsb' on input line 1356.
Package xcolor Info: Model `tHsb' substituted by `hsb' on input line 1357.
Package xcolor Info: Model `HSB' substituted by `hsb' on input line 1358.
Package xcolor Info: Model `Gray' substituted by `gray' on input line 1359.
Package xcolor Info: Model `wave' substituted by `hsb' on input line 1360.

(/usr/local/texlive/2010/texmf-dist/tex/latex/graphics/dvipsnam.def
File: dvipsnam.def 1999/02/16 v3.0i Driver-dependant file (DPC,SPQR)
)
(/usr/local/texlive/2010/texmf-dist/tex/latex/xcolor/svgnam.def
File: svgnam.def 2007/01/21 v2.11 Predefined colors according to SVG 1.1 (UK)
))
\langwohyphens=\language72

(/usr/local/texlive/2010/texmf-dist/tex/latex/tools/multicol.sty
Package: multicol 2008/12/05 v1.6h multicolumn formatting (FMi)
\c@tracingmulticols=\count108
\mult@box=\box30
\multicol@leftmargin=\dimen123
\c@unbalance=\count109
\c@collectmore=\count110
\doublecol@number=\count111
\multicoltolerance=\count112
\multicolpretolerance=\count113
\full@width=\dimen124
\page@free=\dimen125
\premulticols=\dimen126
\postmulticols=\dimen127
\multicolsep=\skip84
\multicolbaselineskip=\skip85
\partial@page=\box31
\last@line=\box32
\mult@rightbox=\box33
\mult@grightbox=\box34
\mult@gfirstbox=\box35
\mult@firstbox=\box36
\@tempa=\box37
\@tempa=\box38
\@tempa=\box39
\@tempa=\box40
\@tempa=\box41
\@tempa=\box42
\@tempa=\box43
\@tempa=\box44
\@tempa=\box45
\@tempa=\box46
\@tempa=\box47
\@tempa=\box48
\@tempa=\box49
\@tempa=\box50
\@tempa=\box51
\@tempa=\box52
\@tempa=\box53
\c@columnbadness=\count114
\c@finalcolumnbadness=\count115
\last@try=\dimen128
\multicolovershoot=\dimen129
\multicolundershoot=\dimen130
\mult@nat@firstbox=\box54
\colbreak@box=\box55
)))
(/usr/local/texlive/2010/texmf-dist/tex/latex/amsmath/amsmath.sty
Package: amsmath 2000/07/18 v2.13 AMS math features
\@mathmargin=\skip86

For additional information on amsmath, use the `?' option.
(/usr/local/texlive/2010/texmf-dist/tex/latex/amsmath/amstext.sty
Package: amstext 2000/06/29 v2.01

(/usr/local/texlive/2010/texmf-dist/tex/latex/amsmath/amsgen.sty
File: amsgen.sty 1999/11/30 v2.0
\@emptytoks=\toks20
\ex@=\dimen131
))
(/usr/local/texlive/2010/texmf-dist/tex/latex/amsmath/amsbsy.sty
Package: amsbsy 1999/11/29 v1.2d
\pmbraise@=\dimen132
)
(/usr/local/texlive/2010/texmf-dist/tex/latex/amsmath/amsopn.sty
Package: amsopn 1999/12/14 v2.01 operator names
)
\inf@bad=\count116
LaTeX Info: Redefining \frac on input line 211.
\uproot@=\count117
\leftroot@=\count118
LaTeX Info: Redefining \overline on input line 307.
\classnum@=\count119
\DOTSCASE@=\count120
LaTeX Info: Redefining \ldots on input line 379.
LaTeX Info: Redefining \dots on input line 382.
LaTeX Info: Redefining \cdots on input line 467.
\Mathstrutbox@=\box56
\strutbox@=\box57
\big@size=\dimen133
LaTeX Font Info:    Redeclaring font encoding OML on input line 567.
LaTeX Font Info:    Redeclaring font encoding OMS on input line 568.
\macc@depth=\count121
\c@MaxMatrixCols=\count122
\dotsspace@=\muskip11
\c@parentequation=\count123
\dspbrk@lvl=\count124
\tag@help=\toks21
\row@=\count125
\column@=\count126
\maxfields@=\count127
\andhelp@=\toks22
\eqnshift@=\dimen134
\alignsep@=\dimen135
\tagshift@=\dimen136
\tagwidth@=\dimen137
\totwidth@=\dimen138
\lineht@=\dimen139
\@envbody=\toks23
\multlinegap=\skip87
\multlinetaggap=\skip88
\mathdisplay@stack=\toks24
LaTeX Info: Redefining \[ on input line 2666.
LaTeX Info: Redefining \] on input line 2667.
)
(/usr/local/texlive/2010/texmf-dist/tex/latex/amsfonts/amssymb.sty
Package: amssymb 2009/06/22 v3.00

(./amsfonts.sty
Package: amsfonts 2009/06/22 v3.00 Basic AMSFonts support
\symAMSa=\mathgroup5
\symAMSb=\mathgroup6
)) (/usr/local/texlive/2010/texmf-dist/tex/latex/soul/soul.sty
Package: soul 2003/11/17 v2.4 letterspacing/underlining (mf)
\SOUL@word=\toks25
\SOUL@lasttoken=\toks26
\SOUL@cmds=\toks27
\SOUL@buffer=\toks28
\SOUL@token=\toks29
\SOUL@spaceskip=\skip89
\SOUL@ttwidth=\dimen140
\SOUL@uldp=\dimen141
\SOUL@ulht=\dimen142
)
(/usr/local/texlive/2010/texmf-dist/tex/latex/graphics/graphicx.sty
Package: graphicx 1999/02/16 v1.0f Enhanced LaTeX Graphics (DPC,SPQR)

(/usr/local/texlive/2010/texmf-dist/tex/latex/graphics/graphics.sty
Package: graphics 2009/02/05 v1.0o Standard LaTeX Graphics (DPC,SPQR)

(/usr/local/texlive/2010/texmf-dist/tex/latex/graphics/trig.sty
Package: trig 1999/03/16 v1.09 sin cos tan (DPC)
)
(/usr/local/texlive/2010/texmf-dist/tex/latex/latexconfig/graphics.cfg
File: graphics.cfg 2010/04/23 v1.9 graphics configuration of TeX Live
)
Package graphics Info: Driver file: pdftex.def on input line 91.
)
\Gin@req@height=\dimen143
\Gin@req@width=\dimen144
)
(/usr/local/texlive/2010/texmf-dist/tex/latex/base/inputenc.sty
Package: inputenc 2008/03/30 v1.1d Input encoding file
\inpenc@prehook=\toks30
\inpenc@posthook=\toks31

(/usr/local/texlive/2010/texmf-dist/tex/latex/base/utf8.def
File: utf8.def 2008/04/05 v1.1m UTF-8 support for inputenc
Now handling font encoding OML ...
... no UTF-8 mapping file for font encoding OML
Now handling font encoding T1 ...
... processing UTF-8 mapping file for font encoding T1

(/usr/local/texlive/2010/texmf-dist/tex/latex/base/t1enc.dfu
File: t1enc.dfu 2008/04/05 v1.1m UTF-8 support for inputenc
   defining Unicode char U+00A1 (decimal 161)
   defining Unicode char U+00A3 (decimal 163)
   defining Unicode char U+00AB (decimal 171)
   defining Unicode char U+00BB (decimal 187)
   defining Unicode char U+00BF (decimal 191)
   defining Unicode char U+00C0 (decimal 192)
   defining Unicode char U+00C1 (decimal 193)
   defining Unicode char U+00C2 (decimal 194)
   defining Unicode char U+00C3 (decimal 195)
   defining Unicode char U+00C4 (decimal 196)
   defining Unicode char U+00C5 (decimal 197)
   defining Unicode char U+00C6 (decimal 198)
   defining Unicode char U+00C7 (decimal 199)
   defining Unicode char U+00C8 (decimal 200)
   defining Unicode char U+00C9 (decimal 201)
   defining Unicode char U+00CA (decimal 202)
   defining Unicode char U+00CB (decimal 203)
   defining Unicode char U+00CC (decimal 204)
   defining Unicode char U+00CD (decimal 205)
   defining Unicode char U+00CE (decimal 206)
   defining Unicode char U+00CF (decimal 207)
   defining Unicode char U+00D0 (decimal 208)
   defining Unicode char U+00D1 (decimal 209)
   defining Unicode char U+00D2 (decimal 210)
   defining Unicode char U+00D3 (decimal 211)
   defining Unicode char U+00D4 (decimal 212)
   defining Unicode char U+00D5 (decimal 213)
   defining Unicode char U+00D6 (decimal 214)
   defining Unicode char U+00D8 (decimal 216)
   defining Unicode char U+00D9 (decimal 217)
   defining Unicode char U+00DA (decimal 218)
   defining Unicode char U+00DB (decimal 219)
   defining Unicode char U+00DC (decimal 220)
   defining Unicode char U+00DD (decimal 221)
   defining Unicode char U+00DE (decimal 222)
   defining Unicode char U+00DF (decimal 223)
   defining Unicode char U+00E0 (decimal 224)
   defining Unicode char U+00E1 (decimal 225)
   defining Unicode char U+00E2 (decimal 226)
   defining Unicode char U+00E3 (decimal 227)
   defining Unicode char U+00E4 (decimal 228)
   defining Unicode char U+00E5 (decimal 229)
   defining Unicode char U+00E6 (decimal 230)
   defining Unicode char U+00E7 (decimal 231)
   defining Unicode char U+00E8 (decimal 232)
   defining Unicode char U+00E9 (decimal 233)
   defining Unicode char U+00EA (decimal 234)
   defining Unicode char U+00EB (decimal 235)
   defining Unicode char U+00EC (decimal 236)
   defining Unicode char U+00ED (decimal 237)
   defining Unicode char U+00EE (decimal 238)
   defining Unicode char U+00EF (decimal 239)
   defining Unicode char U+00F0 (decimal 240)
   defining Unicode char U+00F1 (decimal 241)
   defining Unicode char U+00F2 (decimal 242)
   defining Unicode char U+00F3 (decimal 243)
   defining Unicode char U+00F4 (decimal 244)
   defining Unicode char U+00F5 (decimal 245)
   defining Unicode char U+00F6 (decimal 246)
   defining Unicode char U+00F8 (decimal 248)
   defining Unicode char U+00F9 (decimal 249)
   defining Unicode char U+00FA (decimal 250)
   defining Unicode char U+00FB (decimal 251)
   defining Unicode char U+00FC (decimal 252)
   defining Unicode char U+00FD (decimal 253)
   defining Unicode char U+00FE (decimal 254)
   defining Unicode char U+00FF (decimal 255)
   defining Unicode char U+0102 (decimal 258)
   defining Unicode char U+0103 (decimal 259)
   defining Unicode char U+0104 (decimal 260)
   defining Unicode char U+0105 (decimal 261)
   defining Unicode char U+0106 (decimal 262)
   defining Unicode char U+0107 (decimal 263)
   defining Unicode char U+010C (decimal 268)
   defining Unicode char U+010D (decimal 269)
   defining Unicode char U+010E (decimal 270)
   defining Unicode char U+010F (decimal 271)
   defining Unicode char U+0110 (decimal 272)
   defining Unicode char U+0111 (decimal 273)
   defining Unicode char U+0118 (decimal 280)
   defining Unicode char U+0119 (decimal 281)
   defining Unicode char U+011A (decimal 282)
   defining Unicode char U+011B (decimal 283)
   defining Unicode char U+011E (decimal 286)
   defining Unicode char U+011F (decimal 287)
   defining Unicode char U+0130 (decimal 304)
   defining Unicode char U+0131 (decimal 305)
   defining Unicode char U+0132 (decimal 306)
   defining Unicode char U+0133 (decimal 307)
   defining Unicode char U+0139 (decimal 313)
   defining Unicode char U+013A (decimal 314)
   defining Unicode char U+013D (decimal 317)
   defining Unicode char U+013E (decimal 318)
   defining Unicode char U+0141 (decimal 321)
   defining Unicode char U+0142 (decimal 322)
   defining Unicode char U+0143 (decimal 323)
   defining Unicode char U+0144 (decimal 324)
   defining Unicode char U+0147 (decimal 327)
   defining Unicode char U+0148 (decimal 328)
   defining Unicode char U+014A (decimal 330)
   defining Unicode char U+014B (decimal 331)
   defining Unicode char U+0150 (decimal 336)
   defining Unicode char U+0151 (decimal 337)
   defining Unicode char U+0152 (decimal 338)
   defining Unicode char U+0153 (decimal 339)
   defining Unicode char U+0154 (decimal 340)
   defining Unicode char U+0155 (decimal 341)
   defining Unicode char U+0158 (decimal 344)
   defining Unicode char U+0159 (decimal 345)
   defining Unicode char U+015A (decimal 346)
   defining Unicode char U+015B (decimal 347)
   defining Unicode char U+015E (decimal 350)
   defining Unicode char U+015F (decimal 351)
   defining Unicode char U+0160 (decimal 352)
   defining Unicode char U+0161 (decimal 353)
   defining Unicode char U+0162 (decimal 354)
   defining Unicode char U+0163 (decimal 355)
   defining Unicode char U+0164 (decimal 356)
   defining Unicode char U+0165 (decimal 357)
   defining Unicode char U+016E (decimal 366)
   defining Unicode char U+016F (decimal 367)
   defining Unicode char U+0170 (decimal 368)
   defining Unicode char U+0171 (decimal 369)
   defining Unicode char U+0178 (decimal 376)
   defining Unicode char U+0179 (decimal 377)
   defining Unicode char U+017A (decimal 378)
   defining Unicode char U+017B (decimal 379)
   defining Unicode char U+017C (decimal 380)
   defining Unicode char U+017D (decimal 381)
   defining Unicode char U+017E (decimal 382)
   defining Unicode char U+200C (decimal 8204)
   defining Unicode char U+2013 (decimal 8211)
   defining Unicode char U+2014 (decimal 8212)
   defining Unicode char U+2018 (decimal 8216)
   defining Unicode char U+2019 (decimal 8217)
   defining Unicode char U+201A (decimal 8218)
   defining Unicode char U+201C (decimal 8220)
   defining Unicode char U+201D (decimal 8221)
   defining Unicode char U+201E (decimal 8222)
   defining Unicode char U+2030 (decimal 8240)
   defining Unicode char U+2031 (decimal 8241)
   defining Unicode char U+2039 (decimal 8249)
   defining Unicode char U+203A (decimal 8250)
   defining Unicode char U+2423 (decimal 9251)
)
Now handling font encoding OT1 ...
... processing UTF-8 mapping file for font encoding OT1

(/usr/local/texlive/2010/texmf-dist/tex/latex/base/ot1enc.dfu
File: ot1enc.dfu 2008/04/05 v1.1m UTF-8 support for inputenc
   defining Unicode char U+00A1 (decimal 161)
   defining Unicode char U+00A3 (decimal 163)
   defining Unicode char U+00B8 (decimal 184)
   defining Unicode char U+00BF (decimal 191)
   defining Unicode char U+00C5 (decimal 197)
   defining Unicode char U+00C6 (decimal 198)
   defining Unicode char U+00D8 (decimal 216)
   defining Unicode char U+00DF (decimal 223)
   defining Unicode char U+00E6 (decimal 230)
   defining Unicode char U+00EC (decimal 236)
   defining Unicode char U+00ED (decimal 237)
   defining Unicode char U+00EE (decimal 238)
   defining Unicode char U+00EF (decimal 239)
   defining Unicode char U+00F8 (decimal 248)
   defining Unicode char U+0131 (decimal 305)
   defining Unicode char U+0141 (decimal 321)
   defining Unicode char U+0142 (decimal 322)
   defining Unicode char U+0152 (decimal 338)
   defining Unicode char U+0153 (decimal 339)
   defining Unicode char U+2013 (decimal 8211)
   defining Unicode char U+2014 (decimal 8212)
   defining Unicode char U+2018 (decimal 8216)
   defining Unicode char U+2019 (decimal 8217)
   defining Unicode char U+201C (decimal 8220)
   defining Unicode char U+201D (decimal 8221)
)
Now handling font encoding OMS ...
... processing UTF-8 mapping file for font encoding OMS

(/usr/local/texlive/2010/texmf-dist/tex/latex/base/omsenc.dfu
File: omsenc.dfu 2008/04/05 v1.1m UTF-8 support for inputenc
   defining Unicode char U+00A7 (decimal 167)
   defining Unicode char U+00B6 (decimal 182)
   defining Unicode char U+00B7 (decimal 183)
   defining Unicode char U+2020 (decimal 8224)
   defining Unicode char U+2021 (decimal 8225)
   defining Unicode char U+2022 (decimal 8226)
)
Now handling font encoding OMX ...
... no UTF-8 mapping file for font encoding OMX
Now handling font encoding U ...
... no UTF-8 mapping file for font encoding U
Now handling font encoding PD1 ...
... no UTF-8 mapping file for font encoding PD1
Now handling font encoding PU ...
... no UTF-8 mapping file for font encoding PU
Now handling font encoding TS1 ...
... processing UTF-8 mapping file for font encoding TS1

(/usr/local/texlive/2010/texmf-dist/tex/latex/base/ts1enc.dfu
File: ts1enc.dfu 2008/04/05 v1.1m UTF-8 support for inputenc
   defining Unicode char U+00A2 (decimal 162)
   defining Unicode char U+00A3 (decimal 163)
   defining Unicode char U+00A4 (decimal 164)
   defining Unicode char U+00A5 (decimal 165)
   defining Unicode char U+00A6 (decimal 166)
   defining Unicode char U+00A7 (decimal 167)
   defining Unicode char U+00A8 (decimal 168)
   defining Unicode char U+00A9 (decimal 169)
   defining Unicode char U+00AA (decimal 170)
   defining Unicode char U+00AC (decimal 172)
   defining Unicode char U+00AE (decimal 174)
   defining Unicode char U+00AF (decimal 175)
   defining Unicode char U+00B0 (decimal 176)
   defining Unicode char U+00B1 (decimal 177)
   defining Unicode char U+00B2 (decimal 178)
   defining Unicode char U+00B3 (decimal 179)
   defining Unicode char U+00B4 (decimal 180)
   defining Unicode char U+00B5 (decimal 181)
   defining Unicode char U+00B6 (decimal 182)
   defining Unicode char U+00B7 (decimal 183)
   defining Unicode char U+00B9 (decimal 185)
   defining Unicode char U+00BA (decimal 186)
   defining Unicode char U+00BC (decimal 188)
   defining Unicode char U+00BD (decimal 189)
   defining Unicode char U+00BE (decimal 190)
   defining Unicode char U+00D7 (decimal 215)
   defining Unicode char U+00F7 (decimal 247)
   defining Unicode char U+0192 (decimal 402)
   defining Unicode char U+02C7 (decimal 711)
   defining Unicode char U+02D8 (decimal 728)
   defining Unicode char U+02DD (decimal 733)
   defining Unicode char U+0E3F (decimal 3647)
   defining Unicode char U+2016 (decimal 8214)
   defining Unicode char U+2020 (decimal 8224)
   defining Unicode char U+2021 (decimal 8225)
   defining Unicode char U+2022 (decimal 8226)
   defining Unicode char U+2030 (decimal 8240)
   defining Unicode char U+2031 (decimal 8241)
   defining Unicode char U+203B (decimal 8251)
   defining Unicode char U+203D (decimal 8253)
   defining Unicode char U+2044 (decimal 8260)
   defining Unicode char U+204E (decimal 8270)
   defining Unicode char U+2052 (decimal 8274)
   defining Unicode char U+20A1 (decimal 8353)
   defining Unicode char U+20A4 (decimal 8356)
   defining Unicode char U+20A6 (decimal 8358)
   defining Unicode char U+20A9 (decimal 8361)
   defining Unicode char U+20AB (decimal 8363)
   defining Unicode char U+20AC (decimal 8364)
   defining Unicode char U+20B1 (decimal 8369)
   defining Unicode char U+2103 (decimal 8451)
   defining Unicode char U+2116 (decimal 8470)
   defining Unicode char U+2117 (decimal 8471)
   defining Unicode char U+211E (decimal 8478)
   defining Unicode char U+2120 (decimal 8480)
   defining Unicode char U+2122 (decimal 8482)
   defining Unicode char U+2126 (decimal 8486)
   defining Unicode char U+2127 (decimal 8487)
   defining Unicode char U+212E (decimal 8494)
   defining Unicode char U+2190 (decimal 8592)
   defining Unicode char U+2191 (decimal 8593)
   defining Unicode char U+2192 (decimal 8594)
   defining Unicode char U+2193 (decimal 8595)
   defining Unicode char U+2329 (decimal 9001)
   defining Unicode char U+232A (decimal 9002)
   defining Unicode char U+2422 (decimal 9250)
   defining Unicode char U+25E6 (decimal 9702)
   defining Unicode char U+25EF (decimal 9711)
   defining Unicode char U+266A (decimal 9834)
)
   defining Unicode char U+00A9 (decimal 169)
   defining Unicode char U+00AA (decimal 170)
   defining Unicode char U+00AE (decimal 174)
   defining Unicode char U+00BA (decimal 186)
   defining Unicode char U+02C6 (decimal 710)
   defining Unicode char U+02DC (decimal 732)
   defining Unicode char U+200C (decimal 8204)
   defining Unicode char U+2026 (decimal 8230)
   defining Unicode char U+2122 (decimal 8482)
   defining Unicode char U+2423 (decimal 9251)
))
(/usr/local/texlive/2010/texmf-dist/tex/latex/comment/comment.sty
\CommentStream=\write3

Excluding comment 'comment')
(/usr/local/texlive/2010/texmf-dist/tex/latex/wrapfig/wrapfig.sty
\wrapoverhang=\dimen145
\WF@size=\dimen146
\c@WF@wrappedlines=\count128
\WF@box=\box58
\WF@everypar=\toks32
Package: wrapfig 2003/01/31  v 3.6
)
(/usr/local/texlive/2010/texmf-dist/tex/latex/boxedminipage/boxedminipage.sty)
\bx@S=\insert233
\bx@T=\insert232
\bx@U=\insert231
\bx@V=\insert230
\bx@W=\insert229
\bx@X=\insert228
\bx@Y=\insert227
\bx@Z=\insert226
\bx@a=\insert225
\bx@b=\insert224
\bx@c=\insert223
\bx@d=\insert222
\bx@e=\insert221
\bx@f=\insert220
\bx@g=\insert219
\bx@h=\insert218
\bx@i=\insert217
\bx@j=\insert216
\bx@k=\insert215
\bx@l=\insert214
\bx@m=\insert213
\bx@n=\insert212
\bx@o=\insert211
\bx@p=\insert210
\bx@q=\insert209
\bx@r=\insert208
\bx@s=\insert207
\bx@t=\insert206
\bx@u=\insert205
\bx@v=\insert204
\bx@w=\insert203
\bx@x=\insert202
\bx@y=\insert201
\bx@z=\insert200
\bx@AA=\insert199
\bx@BB=\insert198
\bx@CC=\insert197
\bx@DD=\insert196
\bx@EE=\insert195
\bx@FF=\insert194
\bx@GG=\insert193
\bx@HH=\insert192
\bx@II=\insert191
\bx@JJ=\insert190
\bx@KK=\insert189
\bx@LL=\insert188
\bx@MM=\insert187
\bx@NN=\insert186
\bx@OO=\insert185
\bx@PP=\insert184
\bx@QQ=\insert183
\bx@RR=\insert182
\bx@SS=\insert181
\bx@TT=\insert180
\bx@UU=\insert179
\bx@VV=\insert178
\bx@WW=\insert177
\bx@XX=\insert176
\bx@YY=\insert175
\bx@ZZ=\insert174

(/usr/local/texlive/2010/texmf-dist/tex/latex/base/fontenc.sty
Package: fontenc 2005/09/27 v1.99g Standard LaTeX package

(/usr/local/texlive/2010/texmf-dist/tex/latex/base/t1enc.def
File: t1enc.def 2005/09/27 v1.99g Standard LaTeX file
LaTeX Font Info:    Redeclaring font encoding T1 on input line 43.
)) (./breakurl.sty
Package: breakurl 2009/01/24 v1.30 Breakable hyperref URLs


Package breakurl Warning: You are using breakurl while processing via pdflatex.

(breakurl)                \burl will be just a synonym of \url.
(breakurl)                 on input line 47.

) (./doc.aux)
\openout1 = `doc.aux'.

LaTeX Font Info:    Checking defaults for OML/cmm/m/it on input line 117.
LaTeX Font Info:    ... okay on input line 117.
LaTeX Font Info:    Checking defaults for T1/cmr/m/n on input line 117.
LaTeX Font Info:    ... okay on input line 117.
LaTeX Font Info:    Checking defaults for OT1/cmr/m/n on input line 117.
LaTeX Font Info:    ... okay on input line 117.
LaTeX Font Info:    Checking defaults for OMS/cmsy/m/n on input line 117.
LaTeX Font Info:    ... okay on input line 117.
LaTeX Font Info:    Checking defaults for OMX/cmex/m/n on input line 117.
LaTeX Font Info:    ... okay on input line 117.
LaTeX Font Info:    Checking defaults for U/cmr/m/n on input line 117.
LaTeX Font Info:    ... okay on input line 117.
LaTeX Font Info:    Checking defaults for PD1/pdf/m/n on input line 117.
LaTeX Font Info:    ... okay on input line 117.
LaTeX Font Info:    Checking defaults for PU/pdf/m/n on input line 117.
LaTeX Font Info:    ... okay on input line 117.
LaTeX Font Info:    Checking defaults for TS1/cmr/m/n on input line 117.
LaTeX Font Info:    Try loading font information for TS1+cmr on input line 117.

 (/usr/local/texlive/2010/texmf-dist/tex/latex/base/ts1cmr.fd
File: ts1cmr.fd 1999/05/25 v2.5h Standard LaTeX font definitions
)
LaTeX Font Info:    ... okay on input line 117.
LaTeX Font Info:    Try loading font information for T1+pplj on input line 117.


(/usr/local/texlive/2010/texmf-dist/tex/latex/psnfss/t1pplj.fd
File: t1pplj.fd 2004/09/06 font definitions for T1/pplj.
)
\AtBeginShipoutBox=\box59
Package hyperref Info: Link coloring OFF on input line 117.

(/usr/local/texlive/2010/texmf-dist/tex/latex/hyperref/nameref.sty
Package: nameref 2010/04/30 v2.40 Cross-referencing by name of section

(/usr/local/texlive/2010/texmf-dist/tex/latex/oberdiek/refcount.sty
Package: refcount 2008/08/11 v3.1 Data extraction from references (HO)
)
(/usr/local/texlive/2010/texmf-dist/tex/generic/oberdiek/gettitlestring.sty
Package: gettitlestring 2009/12/18 v1.3 Cleanup title references (HO)
)
\c@section@level=\count129
)
LaTeX Info: Redefining \ref on input line 117.
LaTeX Info: Redefining \pageref on input line 117.
LaTeX Info: Redefining \nameref on input line 117.

(./doc.out) (./doc.out)
\@outlinefile=\write4
\openout4 = `doc.out'.

LaTeX Info: Redefining \selectfont on input line 117.

*geometry* driver: auto-detecting
*geometry* detected driver: pdftex
*geometry* verbose mode - [ preamble ] result:
* driver: pdftex
* paper: letterpaper
* layout: <same size as paper>
* layoutoffset:(h,v)=(0.0pt,0.0pt)
* modes: twoside asymmetric 
* h-part:(L,W,R)=(72.26999pt, 312.0pt, 230.02501pt)
* v-part:(T,H,B)=(72.26999pt, 616.0pt, 106.7pt)
* \paperwidth=614.295pt
* \paperheight=794.96999pt
* \textwidth=312.0pt
* \textheight=616.0pt
* \oddsidemargin=0.0pt
* \evensidemargin=0.0pt
* \topmargin=-42.0pt
* \headheight=14.0pt
* \headsep=28.0pt
* \topskip=10.0pt
* \footskip=25.29494pt
* \marginparwidth=144.0pt
* \marginparsep=24.0pt
* \columnsep=10.0pt
* \skip\footins=9.0pt plus 4.0pt minus 2.0pt
* \hoffset=0.0pt
* \voffset=0.0pt
* \mag=1000
* \@twocolumnfalse
* \@twosidetrue
* \@mparswitchfalse
* \@reversemarginfalse
* (1in=72.27pt=25.4mm, 1cm=28.453pt)

(/usr/local/texlive/2010/texmf-dist/tex/context/base/supp-pdf.mkii
[Loading MPS to PDF converter (version 2006.09.02).]
\scratchcounter=\count130
\scratchdimen=\dimen147
\scratchbox=\box60
\nofMPsegments=\count131
\nofMParguments=\count132
\everyMPshowfont=\toks33
\MPscratchCnt=\count133
\MPscratchDim=\dimen148
\MPnumerator=\count134
\everyMPtoPDFconversion=\toks34
) (/usr/local/texlive/2010/texmf-dist/tex/latex/oberdiek/epstopdf-base.sty
Package: epstopdf-base 2010/02/09 v2.5 Base part for package epstopdf

(/usr/local/texlive/2010/texmf-dist/tex/latex/oberdiek/grfext.sty
Package: grfext 2007/09/30 v1.0 Managing graphics extensions (HO)
)
Package grfext Info: Graphics extension search list:
(grfext)             [.png,.pdf,.jpg,.mps,.jpeg,.jbig2,.jb2,.PNG,.PDF,.JPG,.JPE
G,.JBIG2,.JB2,.eps]
(grfext)             \AppendGraphicsExtensions on input line 436.

(/usr/local/texlive/2010/texmf-dist/tex/latex/latexconfig/epstopdf-sys.cfg
File: epstopdf-sys.cfg 2010/07/13 v1.3 Configuration of (r)epstopdf for TeX Liv
e
))
[1{/usr/local/texlive/2010/texmf-var/fonts/map/pdftex/updmap/pdftex.map}

]
[2

]
LaTeX Font Info:    Try loading font information for T1+phv on input line 119.
 (/usr/local/texlive/2010/texmf-dist/tex/latex/psnfss/t1phv.fd
File: t1phv.fd 2001/06/04 scalable font definitions for T1/phv.
)
LaTeX Font Info:    Font shape `T1/phv/m/n' will be
(Font)              scaled to size 8.99994pt on input line 119.
LaTeX Font Info:    Font shape `T1/phv/m/n' will be
(Font)              scaled to size 16.19989pt on input line 119.
LaTeX Font Info:    Font shape `T1/phv/m/n' will be
(Font)              scaled to size 32.39978pt on input line 119.
LaTeX Font Info:    Font shape `T1/phv/m/n' will be
(Font)              scaled to size 12.59991pt on input line 119.
 [3]
(./body.ltx (./01-introduction.ltx [4


]
LaTeX Font Info:    Font shape `T1/pplj/bx/n' in size <20.74> not available
(Font)              Font shape `T1/pplj/b/n' tried instead on input line 1.
LaTeX Font Info:    Font shape `T1/pplj/bx/n' in size <24> not available
(Font)              Font shape `T1/pplj/b/n' tried instead on input line 1.
 [5] [6]
Chapter 1.
LaTeX Font Info:    Try loading font information for T1+fvm on input line 8.
(/usr/local/texlive/2010/texmf-dist/tex/latex/bera/t1fvm.fd
File: t1fvm.fd 2004/09/07 scalable font definitions for T1/fvm.
)
LaTeX Font Info:    Font shape `T1/fvm/m/n' will be
(Font)              scaled to size 8.50006pt on input line 8.
) (./02-domain.ltx
LaTeX Font Info:    Try loading font information for OT1+pplx on input line 7.

(/usr/local/texlive/2010/texmf-dist/tex/latex/psnfss/ot1pplx.fd
File: ot1pplx.fd 2004/09/06 font definitions for OT1/pplx.
)
LaTeX Font Info:    Try loading font information for OML+zplm on input line 7.

(/usr/local/texlive/2010/texmf-dist/tex/latex/psnfss/omlzplm.fd
File: omlzplm.fd 2002/09/08 Fontinst v1.914 font definitions for OML/zplm.
)
LaTeX Font Info:    Try loading font information for OMS+zplm on input line 7.

(/usr/local/texlive/2010/texmf-dist/tex/latex/psnfss/omszplm.fd
File: omszplm.fd 2002/09/08 Fontinst v1.914 font definitions for OMS/zplm.
)
LaTeX Font Info:    Try loading font information for OMX+zplm on input line 7.

(/usr/local/texlive/2010/texmf-dist/tex/latex/psnfss/omxzplm.fd
File: omxzplm.fd 2002/09/08 Fontinst v1.914 font definitions for OMX/zplm.
)
LaTeX Font Info:    Try loading font information for OT1+zplm on input line 7.

(/usr/local/texlive/2010/texmf-dist/tex/latex/psnfss/ot1zplm.fd
File: ot1zplm.fd 2002/09/08 Fontinst v1.914 font definitions for OT1/zplm.
)
LaTeX Font Info:    Font shape `U/msa/m/n' will be
(Font)              scaled to size 10.42007pt on input line 7.
LaTeX Font Info:    Font shape `U/msa/m/n' will be
(Font)              scaled to size 7.91925pt on input line 7.
LaTeX Font Info:    Font shape `U/msa/m/n' will be
(Font)              scaled to size 6.25204pt on input line 7.
LaTeX Font Info:    Font shape `U/msb/m/n' will be
(Font)              scaled to size 10.42007pt on input line 7.
LaTeX Font Info:    Font shape `U/msb/m/n' will be
(Font)              scaled to size 7.91925pt on input line 7.
LaTeX Font Info:    Font shape `U/msb/m/n' will be
(Font)              scaled to size 6.25204pt on input line 7.

Underfull \vbox (badness 10000) has occurred while \output is active []

 [7

]
LaTeX Font Info:    Font shape `T1/pplj/bx/n' in size <10> not available
(Font)              Font shape `T1/pplj/b/n' tried instead on input line 26.

<figures/domain.png, id=102, 228.855pt x 160.6pt>
File: figures/domain.png Graphic file (type png)
 <use figures/domain.png>
[8 <./figures/domain.png>]
<figures/domainApprox.png, id=111, 228.855pt x 160.6pt>
File: figures/domainApprox.png Graphic file (type png)

<use figures/domainApprox.png>

LaTeX Warning: Marginpar on page 9 moved.

[9 <./figures/domainApprox.png>]

LaTeX Warning: Marginpar on page 10 moved.

LaTeX Font Info:    Font shape `U/msa/m/n' will be
(Font)              scaled to size 8.33606pt on input line 134.
LaTeX Font Info:    Font shape `U/msa/m/n' will be
(Font)              scaled to size 5.21004pt on input line 134.
LaTeX Font Info:    Font shape `U/msb/m/n' will be
(Font)              scaled to size 8.33606pt on input line 134.
LaTeX Font Info:    Font shape `U/msb/m/n' will be
(Font)              scaled to size 5.21004pt on input line 134.

LaTeX Warning: Marginpar on page 10 moved.

LaTeX Font Info:    Try loading font information for T1+cmtt on input line 140.

(/usr/local/texlive/2010/texmf-dist/tex/latex/base/t1cmtt.fd
File: t1cmtt.fd 1999/05/25 v2.5h Standard LaTeX font definitions
)
Overfull \hbox (81.98575pt too wide) in paragraph at lines 157--157
 \T1/pplj/m/n/10 par-ent of the type and the init ex-pres-sion 3. The con-cept 
\T1/cmtt/m/n/10 LocalVariableDeclaration 
 []


Overfull \hbox (7.91411pt too wide) in paragraph at lines 157--157
 \T1/pplj/m/n/10 de-fines the con-tain-ment re-la-tion-ships \T1/cmtt/m/n/10 ty
pe \T1/pplj/m/n/10 and \T1/cmtt/m/n/10 init\T1/pplj/m/n/10 , re-spec-tively. $\
U/msa/m/n/10 J$  
 []


Underfull \vbox (badness 10000) has occurred while \output is active []

 [10]
Overfull \hbox (4.77983pt too wide) in paragraph at lines 193--197
[]\T1/pplj/m/n/10 An \T1/pplj/m/it/10 in-de-pen-dent frag-ment \T1/pplj/m/n/10 
is one where all non-containing cross-references
 []

[11] <figures/hierarchicalDomains.png, id=139, 445.06274pt x 133.6995pt>
File: figures/hierarchicalDomains.png Graphic file (type png)

<use figures/hierarchicalDomains.png>
Underfull \hbox (badness 1436) in paragraph at lines 274--274
\T1/pplj/m/n/8 human-to-human com-mu-ni-ca-tion out-
 []


LaTeX Warning: Marginpar on page 12 moved.

[12 <./figures/hierarchicalDomains.png>] [13]

LaTeX Warning: Marginpar on page 14 moved.

LaTeX Font Info:    Font shape `T1/pplj/bx/n' in size <8> not available
(Font)              Font shape `T1/pplj/b/n' tried instead on input line 332.

LaTeX Warning: Marginpar on page 14 moved.


LaTeX Warning: Marginpar on page 14 moved.

) (./03-expressivity.ltx
Overfull \hbox (0.26985pt too wide) in paragraph at lines 12--12
 []\T1/pplj/b/n/10 Refrigerators: \T1/pplj/m/n/10 Cool-ing al-go-rithms ex-pres
sed with the cool-ing DSL 
 []


LaTeX Warning: Marginpar on page 14 moved.

[14]

LaTeX Warning: Marginpar on page 15 moved.


LaTeX Warning: Marginpar on page 15 moved.


LaTeX Warning: Marginpar on page 15 moved.


LaTeX Warning: Marginpar on page 15 moved.

[15]
Underfull \hbox (badness 1168) in paragraph at lines 116--116
\T1/pplj/m/n/8 domain-specific lan-guage en-gi-neer-ing.
 []


LaTeX Warning: Marginpar on page 16 moved.


Underfull \hbox (badness 1052) in paragraph at lines 127--127
$[]$\T1/pplj/m/n/8 By "se-man-ti-cally rel-e-vant" we mean
 []


Underfull \hbox (badness 1509) in paragraph at lines 127--127
\T1/pplj/m/n/8 model pur-pose (anal-y-sis, trans-la-tion)
 []


LaTeX Warning: Marginpar on page 16 moved.

LaTeX Font Info:    Font shape `T1/fvm/m/n' will be
(Font)              scaled to size 6.80005pt on input line 132.

Overfull \hbox (3.20935pt too wide) in paragraph at lines 138--138
[]      \T1/fvm/m/n/8 sum += arr[i];                      for (int i=0;  i<arr.
size(); i++) {[] 
 []

[16]

LaTeX Warning: Marginpar on page 17 moved.


LaTeX Warning: Marginpar on page 17 moved.

[17]
Underfull \hbox (badness 1577) in paragraph at lines 210--210
\T1/pplj/m/n/8 tions in-clude pro-ce-dures, classes, or
 []


LaTeX Warning: Marginpar on page 18 moved.


Overfull \hbox (0.48651pt too wide) in paragraph at lines 220--220
 \T1/pplj/m/n/10 who are not fa-mil-iar with defin-ing ab-strac-tions. As a con
-se-quence, 
 []

[18]

LaTeX Warning: Marginpar on page 19 moved.


Underfull \hbox (badness 1460) in paragraph at lines 270--270
[]\T1/pplj/m/n/8 Modular lan-guage ex-ten-sion, as dis-
 []


LaTeX Warning: Marginpar on page 19 moved.

[19]

LaTeX Warning: Marginpar on page 20 moved.


LaTeX Warning: Marginpar on page 20 moved.


LaTeX Warning: Marginpar on page 20 moved.


LaTeX Warning: Marginpar on page 20 moved.


LaTeX Warning: Marginpar on page 20 moved.


LaTeX Warning: Marginpar on page 20 moved.


Underfull \vbox (badness 10000) has occurred while \output is active []

 [20])
(./04-coverage.ltx

LaTeX Warning: Marginpar on page 21 moved.

LaTeX Font Info:    Font shape `U/msa/m/n' will be
(Font)              scaled to size 9.37807pt on input line 15.
LaTeX Font Info:    Font shape `U/msa/m/n' will be
(Font)              scaled to size 7.29405pt on input line 15.
LaTeX Font Info:    Font shape `U/msb/m/n' will be
(Font)              scaled to size 9.37807pt on input line 15.
LaTeX Font Info:    Font shape `U/msb/m/n' will be
(Font)              scaled to size 7.29405pt on input line 15.

Overfull \hbox (2.35927pt too wide) detected at line 28
\OML/zplm/m/it/10 C[]\OT1/zplm/m/n/10 (\OML/zplm/m/it/10 L\OT1/zplm/m/n/10 ) = 
[] = []
 []

[21]

LaTeX Warning: Marginpar on page 22 moved.


Overfull \hbox (1.42648pt too wide) in paragraph at lines 61--61
 \T1/pplj/m/n/10 which have for-mal pa-ram-e-ters. Nav-i-gate state-ments gen-e
r-ate links 
 []

) (./05-semantics.ltx
Underfull \vbox (badness 10000) has occurred while \output is active []

 [22]

LaTeX Warning: Marginpar on page 23 moved.


LaTeX Warning: Marginpar on page 23 moved.


Underfull \hbox (badness 1337) in paragraph at lines 48--48
\T1/pplj/m/it/8 ing SUCH_AND_SUCH, found SOME-
 []


Underfull \hbox (badness 1668) in paragraph at lines 48--48
\T1/pplj/m/n/8 the con-straint er-ror mes-sage can be
 []


LaTeX Warning: Marginpar on page 23 moved.


Overfull \hbox (159.38977pt too wide) in paragraph at lines 61--61
 \T1/cmtt/m/n/10 Statemachine: states.select(s|!s.isInstanceOf(StopState)).sele
ct(s|s.transitions.size 
 []

[23]

LaTeX Warning: Marginpar on page 24 moved.


LaTeX Warning: Marginpar on page 24 moved.

! Misplaced \cr.
<argument> ...t that this variable be of type \cr 
                                                  {int}. Alternatively, a ty...
l.103 expression.}
                  
I can't figure out why you would want to use a tab mark
or \cr or \span just now. If something like a right brace
up above has ended a previous alignment prematurely,
you're probably due for more error messages, and you
might try typing `S' now just to see what is salvageable.

[24] [25]
Overfull \hbox (3.90648pt too wide) in paragraph at lines 162--162
 \T1/pplj/m/n/10 de-scribed in-ter-faces, com-po-nents and sys-tems. This is al
l structure- 
 []


Underfull \vbox (badness 10000) has occurred while \output is active []

 [26]

LaTeX Warning: Marginpar on page 27 moved.


LaTeX Warning: Marginpar on page 27 moved.


Underfull \vbox (badness 2753) has occurred while \output is active []

 [27]

LaTeX Warning: Marginpar on page 28 moved.


Underfull \vbox (badness 1668) has occurred while \output is active []

 [28]
<figures/platform.png, id=244, 646.415pt x 619.31375pt>
File: figures/platform.png Graphic file (type png)

<use figures/platform.png>
<figures/cave.png, id=245, 280.04625pt x 210.18526pt>
File: figures/cave.png Graphic file (type png)
 <use figures/cave.png>

LaTeX Warning: Marginpar on page 29 moved.

[29 <./figures/platform.png> <./figures/cave.png>]

LaTeX Warning: Marginpar on page 30 moved.

[30]
Overfull \hbox (5.3699pt too wide) in paragraph at lines 384--393
[]\T1/pplj/m/n/10 The code gen-er-a-tor can per-form op-ti-miza-
 []


LaTeX Warning: Marginpar on page 31 moved.


Overfull \hbox (1.69989pt too wide) in paragraph at lines 393--400
[][]\T1/pplj/m/n/10 Generated code can be tai-lored to any tar-get plat-
 []


LaTeX Warning: Marginpar on page 31 moved.


Overfull \hbox (0.23982pt too wide) in paragraph at lines 410--415
\T1/pplj/m/n/10 am-ple, trans-for-ma-tion can cre-ate an in-ter-me-di-ate rep-r
e-sen-ta-tion which
 []


LaTeX Warning: Marginpar on page 31 moved.

[31]

LaTeX Warning: Marginpar on page 32 moved.

LaTeX Font Info:    Try loading font information for TS1+pplj on input line 468
.
(/usr/local/texlive/2010/texmf-dist/tex/latex/psnfss/ts1pplj.fd
File: ts1pplj.fd 2004/09/06 font definitions for TS1/pplj.
) [32]

LaTeX Warning: Marginpar on page 33 moved.


LaTeX Warning: Marginpar on page 33 moved.

[33]

LaTeX Warning: Marginpar on page 34 moved.

) (./06-viewpoints.ltx
Underfull \hbox (badness 1406) in paragraph at lines 8--8
[]\T1/pplj/m/n/8 For em-bed-ded soft-ware, these could
 []


LaTeX Warning: Marginpar on page 34 moved.

<figures/compositionalDomains.png, id=281, 352.31625pt x 105.39375pt>
File: figures/compositionalDomains.png Graphic file (type png)

<use figures/compositionalDomains.png>
<figures/viewpoints.png, id=283, 704.6325pt x 189.70876pt>
File: figures/viewpoints.png Graphic file (type png)

<use figures/viewpoints.png>
Underfull \hbox (badness 2126) in paragraph at lines 58--58
\T1/pplj/m/n/8 Kats, and E. Visser.  Static con-sis-
 []


Underfull \vbox (badness 1092) has occurred while \output is active []

 [34 <./figures/compositionalDomains.png>]

LaTeX Warning: Marginpar on page 35 moved.


LaTeX Warning: Marginpar on page 35 moved.


Underfull \hbox (badness 2253) in paragraph at lines 88--88
\T1/pplj/m/n/8 ing view-points is when the tool-ing
 []


LaTeX Warning: Marginpar on page 35 moved.

[35 <./figures/viewpoints.png>]
Underfull \hbox (badness 5802) in paragraph at lines 135--135
$[]$[]\T1/pplj/m/n/8 W. Ji-ra-pan-thong and A. Zis-man.
 []


Underfull \hbox (badness 1057) in paragraph at lines 135--135
\T1/pplj/m/n/8 Sup-port-ing prod-uct line de-vel-op-ment
 []


LaTeX Warning: Marginpar on page 36 moved.


LaTeX Warning: Marginpar on page 36 moved.

<figures/progressiveRefinement.png, id=299, 253.54726pt x 204.765pt>
File: figures/progressiveRefinement.png Graphic file (type png)

<use figures/progressiveRefinement.png>
Underfull \vbox (badness 1990) has occurred while \output is active []

 [36]

LaTeX Warning: Marginpar on page 37 moved.


LaTeX Warning: Marginpar on page 37 moved.


Overfull \hbox (3.00981pt too wide) in paragraph at lines 186--186
 []\T1/pplj/b/n/10 Embedded C: \T1/pplj/m/n/10 An-no-ta-tions are used for stor
-ing re-quire-ments traces 
 []

) (./07-completeness.ltx
Underfull \vbox (badness 10000) has occurred while \output is active []

 [37 <./figures/progressiveRefinement.png>]

LaTeX Warning: Marginpar on page 38 moved.


LaTeX Warning: Marginpar on page 38 moved.


LaTeX Warning: Marginpar on page 38 moved.

[38]

LaTeX Warning: Marginpar on page 39 moved.


Underfull \hbox (badness 3514) in paragraph at lines 87--87
[]\T1/pplj/m/n/8 This re-quires elab-o-rate col-lab-o-ra-tion
 []


LaTeX Warning: Marginpar on page 39 moved.

[39]

LaTeX Warning: Marginpar on page 40 moved.


LaTeX Warning: Marginpar on page 40 moved.


LaTeX Warning: Marginpar on page 40 moved.

[40]
Underfull \hbox (badness 7168) in paragraph at lines 179--179
$[]$[]\T1/pplj/m/n/8 D. Beyer, T. A. Hen-zinger, and
 []


LaTeX Warning: Marginpar on page 41 moved.


LaTeX Warning: Marginpar on page 41 moved.


LaTeX Warning: Marginpar on page 41 moved.


Underfull \hbox (badness 5817) in paragraph at lines 199--199
[]\T1/pplj/m/n/8 We gen-er-ally rec-om-mend to avoid
 []


LaTeX Warning: Marginpar on page 41 moved.


LaTeX Warning: Marginpar on page 41 moved.


Underfull \vbox (badness 2635) has occurred while \output is active []

 [41]
Overfull \hbox (11.41653pt too wide) in paragraph at lines 215--215
 []\T1/pplj/b/n/10 Component Ar-chi-tec-ture: \T1/pplj/m/n/10 Roundtrip-ping is
 not sup-ported. Changes 
 []

) (./08-structuring.ltx
Underfull \hbox (badness 1184) in paragraph at lines 20--20
[]\T1/pplj/m/n/8 The lan-guage de-sign al-ter-na-tives de-
 []


LaTeX Warning: Marginpar on page 42 moved.


LaTeX Warning: Marginpar on page 42 moved.

[42]
Overfull \hbox (6.13994pt too wide) in paragraph at lines 47--47
 []\T1/pplj/b/n/10 Component Ar-chi-tec-ture: \T1/pplj/m/n/10 Com-po-nents and 
in-ter-faces live in name- 
 []


Overfull \hbox (4.14322pt too wide) in paragraph at lines 47--47
 \T1/pplj/m/n/10 pri-vate. In-ter-faces and data types may be pub-lic or pri-va
te. Names- 
 []


LaTeX Warning: Marginpar on page 43 moved.

[43]
Overfull \hbox (3.39984pt too wide) in paragraph at lines 94--97
[][]\T1/pplj/m/n/10 where are links stored (are they al-ways stored in the mode
l
 []


Overfull \hbox (3.53981pt too wide) in paragraph at lines 94--97
\T1/pplj/m/n/10 that log-i-cally "points to" an-other one)?, and if not, how/wh
ere/when
 []


Overfull \hbox (8.16982pt too wide) in paragraph at lines 133--141
[][]\T1/pplj/m/n/10 The other col-lab-o-ra-tion mode is commit-based where a us
er's changes
 []

[44]
Overfull \hbox (1.48979pt too wide) in paragraph at lines 144--153
\T1/pplj/m/n/10 men-ta-tion sup-ports plug-ging in dif-fer-ent im-ple-men-ta-ti
ons for the same
 []


LaTeX Warning: Marginpar on page 45 moved.


LaTeX Warning: Marginpar on page 45 moved.


LaTeX Warning: Marginpar on page 45 moved.


LaTeX Warning: Marginpar on page 45 moved.

[45]
Underfull \hbox (badness 1178) in paragraph at lines 199--199
\T1/pplj/m/n/8 this from classes and ob-jects (where
 []


Underfull \hbox (badness 2556) in paragraph at lines 199--199
\T1/pplj/m/n/8 con-struc-tor pa-ram-e-ters are used for
 []


Underfull \hbox (badness 1122) in paragraph at lines 199--199
\T1/pplj/m/n/8 parametriza-tion) or from com-po-nents
 []


LaTeX Warning: Marginpar on page 46 moved.


LaTeX Warning: Marginpar on page 46 moved.


LaTeX Warning: Marginpar on page 46 moved.

[46]
Overfull \hbox (7.16986pt too wide) in paragraph at lines 261--261
 \T1/pplj/m/n/10 over time, while re-tain-ing rep-docua-bil-ity for cal-cu-la-t
ions per-formed 
 []

[47]

LaTeX Warning: Marginpar on page 48 moved.


LaTeX Warning: Marginpar on page 48 moved.

[48] [49]

LaTeX Warning: Marginpar on page 50 moved.


LaTeX Warning: Marginpar on page 50 moved.


LaTeX Warning: Marginpar on page 50 moved.


LaTeX Warning: Marginpar on page 50 moved.


Overfull \hbox (9.14989pt too wide) in paragraph at lines 395--402
[] []\T1/pplj/m/it/10 Re-ac-tive/Event-based/Agent[] []\T1/pplj/m/n/10 In this 
paradigm, be-hav-ior is trig-gered based
 []

[50]
Overfull \hbox (0.75989pt too wide) in paragraph at lines 424--424
 []\T1/pplj/b/n/10 Refrigerators: \T1/pplj/m/n/10 The cool-ing lan-guage comes 
with a sim-u-la-tor based 
 []

<figures/graphicalFlow.png, id=397, 186.6975pt x 103.587pt>
File: figures/graphicalFlow.png Graphic file (type png)

<use figures/graphicalFlow.png> [51]

LaTeX Warning: Marginpar on page 52 moved.


Underfull \vbox (badness 10000) has occurred while \output is active []

 [52 <./figures/graphicalFlow.png>]

LaTeX Warning: Marginpar on page 53 moved.

[53]) (./09-modularization.ltx

LaTeX Warning: Marginpar on page 54 moved.

<figures/quadrants.png, id=416, 609.477pt x 263.18324pt>
File: figures/quadrants.png Graphic file (type png)

<use figures/quadrants.png>
Underfull \hbox (badness 3128) in paragraph at lines 31--31
\T1/pplj/m/n/8 mod-u-lar-iza-tion and com-po-si-tion ap-
 []


Overfull \hbox (0.43985pt too wide) in paragraph at lines 33--40
\T1/pplj/m/n/10 signed with knowl-edge about a par-tic-u-lar com-po-si-tion par
t-ner in mind
 []


Overfull \hbox (1.0065pt too wide) in paragraph at lines 33--40
\T1/pplj/m/n/10 whether the two com-posed lan-guages can be syn-tac-ti-cally mi
xed. Since
 []

<figures/fragAndLang.png, id=417, 554.67226pt x 271.61475pt>
File: figures/fragAndLang.png Graphic file (type png)

<use figures/fragAndLang.png> (./09a-referencing.ltx
<figures/langReferencing.png, id=419, 697.4055pt x 142.73325pt>
File: figures/langReferencing.png Graphic file (type png)

<use figures/langReferencing.png> [54]) (./09b-extension.ltx [55]
<figures/langExtension.png, id=435, 320.397pt x 110.814pt>
File: figures/langExtension.png Graphic file (type png)

<use figures/langExtension.png> [56 <./figures/quadrants.png> <./figures/fragAn
dLang.png>]
Underfull \vbox (badness 10000) has occurred while \output is active []

 [57 <./figures/langReferencing.png> <./figures/langExtension.png>]) (./09c-reu
se.ltx

LaTeX Warning: Marginpar on page 58 moved.

<figures/langReuse.png, id=453, 578.76225pt x 277.63725pt>
File: figures/langReuse.png Graphic file (type png)

<use figures/langReuse.png> [58]
Overfull \hbox (0.30978pt too wide) in paragraph at lines 67--72
\T1/pplj/m/n/10 de-pen-den-cies on the other lan-guages and can be reused in-de
-pen-dently.
 []

) (./09d-embedding.ltx
<figures/langEmbedding.png, id=463, 579.3645pt x 278.2395pt>
File: figures/langEmbedding.png Graphic file (type png)

<use figures/langEmbedding.png> [59]

LaTeX Warning: Marginpar on page 60 moved.


Overfull \hbox (3.54977pt too wide) in paragraph at lines 63--63
 []\T1/pplj/b/n/10 WebDSL: \T1/pplj/m/n/10 In or-der to sup-port queries over p
er-sis-tent data, WebDSL 
 []


Overfull \hbox (1.94983pt too wide) in paragraph at lines 86--90
[][]\T1/pplj/m/n/10 in prod-uct line en-gi-neer-ing de-scribe whether a pro-
 []

) (./09e-challengesAndSolutions.ltx [60]
Overfull \hbox (31.78122pt too wide) in paragraph at lines 14--26
\T1/cmtt/m/n/10 StateMachine\T1/pplj/m/n/10 , be-cause \T1/cmtt/m/n/10 StateMac
hine \T1/pplj/m/n/10 can-not di-rectly ex-tend \T1/cmtt/m/n/10 IModuleContent
 []


Underfull \vbox (badness 1454) has occurred while \output is active []

 [61]
<figures/referencingCaseA.png, id=483, 184.2885pt x 154.77824pt>
File: figures/referencingCaseA.png Graphic file (type png)

<use figures/referencingCaseA.png>
<figures/referencingCaseB.png, id=485, 192.11775pt x 155.3805pt>
File: figures/referencingCaseB.png Graphic file (type png)

<use figures/referencingCaseB.png>
Underfull \hbox (badness 1748) in paragraph at lines 83--83
[]\T1/pplj/m/n/8 Figure 1.17: A sin-gle multi-sourced
 []


LaTeX Warning: `h' float specifier changed to `ht'.

[62 <./figures/langReuse.png>]
<figures/referencingCaseC.png, id=492, 193.32225pt x 245.718pt>
File: figures/referencingCaseC.png Graphic file (type png)

<use figures/referencingCaseC.png>
<figures/transExtension.png, id=496, 408.92775pt x 163.20975pt>
File: figures/transExtension.png Graphic file (type png)

<use figures/transExtension.png> [63 <./figures/langEmbedding.png>]

LaTeX Warning: Marginpar on page 64 moved.

<figures/reuseCaseA.png, id=502, 246.9225pt x 176.45924pt>
File: figures/reuseCaseA.png Graphic file (type png)

<use figures/reuseCaseA.png>

LaTeX Warning: Marginpar on page 64 moved.


Overfull \hbox (3.85648pt too wide) in paragraph at lines 172--181
[][]\T1/pplj/m/n/10 There are three cases to con-sider. The first one, il-lus-t
rated in Fig. []1.20[],
 []

<figures/reuseCaseB.png, id=504, 206.57175pt x 146.949pt>
File: figures/reuseCaseB.png Graphic file (type png)

<use figures/reuseCaseB.png>

LaTeX Warning: Marginpar on page 64 moved.

<figures/reuseCaseC.png, id=506, 245.718pt x 282.45525pt>
File: figures/reuseCaseC.png Graphic file (type png)

<use figures/reuseCaseC.png>

LaTeX Warning: Marginpar on page 64 moved.


Overfull \hbox (1.39975pt too wide) in paragraph at lines 202--207
\T1/pplj/m/n/10 We gen-er-ate three dif-fer-ent in-de-pen-dent, ho-mo-ge-neous 
frag-ments, and
 []

[64 <./figures/referencingCaseA.png> <./figures/referencingCaseB.png> <./figure
s/referencingCaseC.png> <./figures/transExtension.png>]
<figures/transEmbedding.png, id=517, 318.59026pt x 139.722pt>
File: figures/transEmbedding.png Graphic file (type png)

<use figures/transEmbedding.png>
Overfull \hbox (48.88953pt too wide) in paragraph at lines 251--251
$[]$\T1/pplj/m/n/8 http://code.google.com/a/eclipselabs.org/p/xtext-
 []


LaTeX Warning: Marginpar on page 65 moved.

[65 <./figures/reuseCaseA.png> <./figures/reuseCaseB.png>]
Overfull \hbox (0.77917pt too wide) in paragraph at lines 283--292
[][]\T1/pplj/m/n/10 MPS has an-other ap-proach for lan-guage em-bed-ding called
 \T1/pplj/m/it/10 at-tributes\T1/pplj/m/n/10 .
 []


Overfull \hbox (20.84245pt too wide) in paragraph at lines 283--292
\T1/pplj/m/n/10 ni-tion of that other lan-guage. By mak-ing an at-tribute ap-pl
y to \T1/cmtt/m/n/10 BaseConcept\T1/pplj/m/n/10 ,
 []


LaTeX Warning: Marginpar on page 66 moved.


Underfull \vbox (badness 10000) has occurred while \output is active []

 [66 <./figures/reuseCaseC.png> <./figures/transEmbedding.png>]
Underfull \hbox (badness 3601) in paragraph at lines 332--332
$[]$[]\T1/pplj/m/n/8 M. Braven-boer, ric Tan-ter, and
 []


Overfull \hbox (9.55574pt too wide) in paragraph at lines 324--334
\T1/pplj/m/n/10 tax Def-i-ni-tion For-mal-ism []. Since SDF uses the Scan-ner-l
ess Generalized-
 []


LaTeX Warning: Marginpar on page 67 moved.


LaTeX Warning: Marginpar on page 67 moved.


Underfull \hbox (badness 2961) in paragraph at lines 336--336
\T1/pplj/m/n/8 pages 13--26, 1998; and []M. Braven-
 []


Package natbib Warning: Citation `KatsVisser-SCAM-2010' undefined on input line
 343.


LaTeX Warning: Marginpar on page 67 moved.


LaTeX Warning: Marginpar on page 67 moved.

)) (./10-syntax.ltx

LaTeX Warning: Marginpar on page 67 moved.

[67]

LaTeX Warning: Marginpar on page 68 moved.


Underfull \hbox (badness 1226) in paragraph at lines 30--30
\T1/pplj/m/n/8 freely com-bin-ing and in-te-grat-ing the
 []


LaTeX Warning: Marginpar on page 68 moved.

<figures/graphicalRel.png, id=544, 127.07475pt x 96.96225pt>
File: figures/graphicalRel.png Graphic file (type png)

<use figures/graphicalRel.png>

LaTeX Warning: Marginpar on page 68 moved.

File: figures/graphicalFlow.png Graphic file (type png)
<use figures/graphicalFlow.png>

LaTeX Warning: Marginpar on page 68 moved.

<figures/graphicalCause.png, id=545, 174.6525pt x 76.48575pt>
File: figures/graphicalCause.png Graphic file (type png)

<use figures/graphicalCause.png>
Underfull \hbox (badness 1817) in paragraph at lines 46--46
[]\T1/pplj/m/n/8 Figure 1.26: Graph-i-cal No-ta-tion for
 []


LaTeX Warning: Marginpar on page 68 moved.


LaTeX Warning: Marginpar on page 68 moved.


Underfull \vbox (badness 1253) has occurred while \output is active []

 [68 <./figures/graphicalRel.png>]

LaTeX Warning: Marginpar on page 69 moved.


Underfull \hbox (badness 2027) in paragraph at lines 137--137
$[]$\T1/pplj/m/n/8 Not ev-ery tool can sup-port ev-ery
 []

[69 <./figures/graphicalCause.png>]

LaTeX Warning: Marginpar on page 70 moved.

) (./11-process.ltx [70]

! LaTeX Error: Float(s) lost.

See the LaTeX manual or LaTeX Companion for explanation.
Type  H <return>  for immediate help.
 ...                                              
                                                  
l.1 \chapter
            {Process Issues}
You've lost some text.  Try typing  <return>  to proceed.
If that doesn't work, type  X <return>  to quit.

Chapter 2.

Overfull \hbox (2.30984pt too wide) in paragraph at lines 10--10
 \T1/pplj/m/n/10 what's re-quired for any other reusable ar-ti-fact such as a f
rame- 
 []

[71

]

LaTeX Warning: Marginpar on page 72 moved.

<figures/languageWaves.png, id=571, 525.76425pt x 340.8735pt>
File: figures/languageWaves.png Graphic file (type png)

<use figures/languageWaves.png> [72 <./figures/languageWaves.png>]
Overfull \hbox (10.26979pt too wide) in paragraph at lines 132--139
\T1/pplj/m/n/10 strac-tions, no-ta-tions and con-straints to ac-cu-rately cap-t
ure do-main knowl-
 []

[73] [74] [75]

LaTeX Warning: Marginpar on page 76 moved.

) (./12-discussion.ltx

LaTeX Warning: Marginpar on page 76 moved.


Underfull \hbox (badness 2237) in paragraph at lines 10--10
$[]$[]\T1/pplj/m/n/8 D. Spinel-lis.  No-table de-sign pat-
 []


LaTeX Warning: Marginpar on page 76 moved.


LaTeX Warning: Marginpar on page 76 moved.

[76]
Underfull \hbox (badness 1577) in paragraph at lines 24--24
$[]$[]\T1/pplj/m/n/8 M. Mernik, J. Heer-ing, and A. M.
 []


LaTeX Warning: Marginpar on page 77 moved.


Underfull \hbox (badness 2027) in paragraph at lines 34--34
\T1/pplj/m/n/8 of domain-specific lan-guages.  \T1/pplj/m/it/8 SPE\T1/pplj/m/n/
8 ,
 []


LaTeX Warning: Marginpar on page 77 moved.


LaTeX Warning: Marginpar on page 77 moved.


Underfull \hbox (badness 10000) in paragraph at lines 62--62
$[]$[]\T1/pplj/m/n/8 M. Braven-boer, E. Dol-stra, and
 []


Underfull \hbox (badness 1092) in paragraph at lines 62--62
\T1/pplj/m/n/8 with syn-tax em-bed-dings.  In \T1/pplj/m/it/8 GPCE\T1/pplj/m/n/
8 ,
 []


LaTeX Warning: Marginpar on page 77 moved.


LaTeX Warning: Marginpar on page 77 moved.


LaTeX Warning: Marginpar on page 77 moved.


LaTeX Warning: Marginpar on page 77 moved.


LaTeX Warning: Marginpar on page 77 moved.


LaTeX Warning: Marginpar on page 77 moved.


LaTeX Warning: Marginpar on page 77 moved.


Underfull \vbox (badness 10000) has occurred while \output is active []

 [77]

LaTeX Warning: Marginpar on page 78 moved.


LaTeX Warning: Marginpar on page 78 moved.


LaTeX Warning: Marginpar on page 78 moved.


LaTeX Warning: Marginpar on page 78 moved.


LaTeX Warning: Marginpar on page 78 moved.


LaTeX Warning: Marginpar on page 78 moved.


LaTeX Warning: Marginpar on page 78 moved.


LaTeX Warning: Marginpar on page 78 moved.


LaTeX Warning: Marginpar on page 78 moved.

)) (./doc.bbl
Runaway argument?
T.~Parr. \newblock {\em The De
! Forbidden control sequence found while scanning use of \BR@c@bibitem.
<inserted text> 
                \par 
l.1371 \newblock {\em The De^^L
                               finitive ANTLR Reference: Building Domain-Spe...
I suspect you have forgotten a `}', causing me
to read past where you wanted me to stop.
I'll try to recover; but if the error is serious,
you'd better type `E' or `X' now and fix your file.

! Extra }, or forgotten \endgroup.
l.1372   Languages}
                   .
I've deleted a group-closing symbol because it seems to be
spurious, as in `$x}$'. But perhaps the } is legitimate and
you forgot something else, as in `\hbox{$x}'. In such cases
the way to recover is to insert both the forgotten and the
deleted material, e.g., by typing `I$}'.

)

Package natbib Warning: There were undefined citations.

Package atveryend Info: Empty hook `BeforeClearDocument' on input line 126.
[78]
Package atveryend Info: Empty hook `AfterLastShipout' on input line 126.
 (./doc.aux)
Package atveryend Info: Executing hook `AtVeryEndDocument' on input line 126.
Package rerunfilecheck Info: File `doc.out' has not changed.
(rerunfilecheck)             Checksum: BD9A4B7B1D99E6BE7DBCD2700737390C;2056.
 ) 
Here is how much of TeX's memory you used:
 13327 strings out of 493747
 193438 string characters out of 3143545
 338336 words of memory out of 3000000
 15944 multiletter control sequences out of 15000+200000
 108452 words of font info for 175 fonts, out of 3000000 for 9000
 714 hyphenation exceptions out of 8191
 42i,12n,45p,359b,1581s stack positions out of 5000i,500n,10000p,200000b,50000s
{/usr/local/texlive/2010/texmf-dist/fonts/enc/dvips/cm-super/cm-super-t1.enc}
{/usr/local/texlive/2010/texmf-dist/fonts/enc/dvips/base/8r.enc}</usr/local/tex
live/2010/texmf-dist/fonts/type1/public/amsfonts/cm/cmmi10.pfb></usr/local/texl
ive/2010/texmf-dist/fonts/type1/public/amsfonts/cm/cmr10.pfb></usr/local/texliv
e/2010/texmf-dist/fonts/type1/public/amsfonts/cm/cmsy10.pfb></usr/local/texlive
/2010/texmf-dist/fonts/type1/public/fpl/fplrc8a.pfb></usr/local/texlive/2010/te
xmf-dist/fonts/type1/public/fpl/fplrij8a.pfb></usr/local/texlive/2010/texmf-dis
t/fonts/type1/public/bera/fvmr8a.pfb></usr/local/texlive/2010/texmf-dist/fonts/
type1/public/amsfonts/symbols/msam10.pfb></usr/local/texlive/2010/texmf-dist/fo
nts/type1/public/cm-super/sftt0800.pfb></usr/local/texlive/2010/texmf-dist/font
s/type1/public/cm-super/sftt1000.pfb></usr/local/texlive/2010/texmf-dist/fonts/
type1/urw/helvetic/uhvr8a.pfb></usr/local/texlive/2010/texmf-dist/fonts/type1/u
rw/palatino/uplb8a.pfb></usr/local/texlive/2010/texmf-dist/fonts/type1/urw/pala
tino/uplr8a.pfb></usr/local/texlive/2010/texmf-dist/fonts/type1/urw/palatino/up
lri8a.pfb>
Output written on doc.pdf (78 pages, 832037 bytes).
PDF statistics:
 727 PDF objects out of 1000 (max. 8388607)
 576 compressed objects within 6 object streams
 225 named destinations out of 1000 (max. 500000)
 2811 words of extra memory for PDF output out of 10000 (max. 10000000)

