\BOOKMARK [0][-]{chapter.1}{\376\377\000D\000S\000L\000s\000\040\000a\000n\000d\000\040\000R\000e\000q\000u\000i\000r\000e\000m\000e\000n\000t\000s}{}% 1
\BOOKMARK [1][-]{section.1.1}{\376\377\000W\000h\000a\000t\000\040\000i\000s\000\040\000R\000e\000q\000u\000i\000r\000e\000m\000e\000n\000t\000s\000\040\000E\000n\000g\000i\000n\000e\000e\000r\000i\000n\000g}{chapter.1}% 2
\BOOKMARK [1][-]{section.1.2}{\376\377\000R\000e\000q\000u\000i\000r\000e\000m\000e\000n\000t\000s\000\040\000v\000s\000.\000\040\000D\000e\000s\000i\000g\000n\000\040\000v\000s\000.\000\040\000I\000m\000p\000l\000e\000m\000e\000n\000t\000a\000t\000i\000o\000n}{chapter.1}% 3
\BOOKMARK [1][-]{section.1.3}{\376\377\000U\000s\000i\000n\000g\000\040\000D\000S\000L\000s\000\040\000f\000o\000r\000\040\000R\000e\000q\000u\000i\000r\000e\000m\000e\000n\000t\000s\000\040\000E\000n\000g\000i\000n\000e\000e\000r\000i\000n\000g}{chapter.1}% 4
\BOOKMARK [1][-]{section.1.4}{\376\377\000I\000n\000t\000e\000g\000r\000a\000t\000i\000o\000n\000\040\000w\000i\000t\000h\000\040\000P\000l\000a\000i\000n\000\040\000T\000e\000x\000t\000\040\000R\000e\000q\000u\000i\000r\000e\000m\000e\000n\000t\000s}{chapter.1}% 5
\BOOKMARK [1][-]{section.1.5}{\376\377\000R\000e\000q\000u\000i\000r\000e\000m\000e\000n\000t\000s\000\040\000T\000r\000a\000c\000e\000a\000b\000i\000l\000i\000t\000y}{chapter.1}% 6
\BOOKMARK [1][-]{section.1.6}{\376\377\000S\000u\000m\000m\000i\000n\000g\000\040\000U\000p}{chapter.1}% 7
\BOOKMARK [0][-]{chapter.2}{\376\377\000D\000S\000L\000s\000\040\000a\000n\000d\000\040\000S\000o\000f\000t\000w\000a\000r\000e\000\040\000A\000r\000c\000h\000i\000t\000e\000c\000t\000u\000r\000e}{}% 8
\BOOKMARK [1][-]{section.2.1}{\376\377\000W\000h\000a\000t\000\040\000i\000s\000\040\000S\000o\000f\000t\000w\000a\000r\000e\000\040\000A\000r\000c\000h\000i\000t\000e\000c\000t\000u\000r\000e}{chapter.2}% 9
\BOOKMARK [1][-]{section.2.2}{\376\377\000A\000r\000c\000h\000i\000t\000e\000c\000t\000u\000r\000e\000\040\000D\000S\000L\000s}{chapter.2}% 10
\BOOKMARK [1][-]{section.2.3}{\376\377\000E\000m\000b\000e\000d\000d\000i\000n\000g\000\040\000B\000u\000s\000i\000n\000e\000s\000s\000\040\000L\000o\000g\000i\000c\000\040\000v\000i\000a\000\040\000D\000S\000L\000s}{chapter.2}% 11
\BOOKMARK [1][-]{section.2.4}{\376\377\000C\000o\000m\000p\000o\000n\000e\000n\000t\000\040\000M\000o\000d\000e\000l\000s}{chapter.2}% 12
\BOOKMARK [1][-]{section.2.5}{\376\377\000S\000u\000m\000m\000i\000n\000g\000\040\000U\000p}{chapter.2}% 13
\BOOKMARK [0][-]{chapter.3}{\376\377\000D\000S\000L\000s\000\040\000a\000n\000d\000\040\000P\000r\000o\000d\000u\000c\000t\000\040\000L\000i\000n\000e\000s}{}% 14
\BOOKMARK [1][-]{section.3.1}{\376\377\000I\000n\000t\000r\000o\000d\000u\000c\000t\000i\000o\000n}{chapter.3}% 15
\BOOKMARK [1][-]{section.3.2}{\376\377\000F\000r\000o\000m\000\040\000F\000e\000a\000t\000u\000r\000e\000\040\000M\000o\000d\000e\000l\000s\000\040\000t\000o\000\040\000D\000S\000L\000s}{chapter.3}% 16
\BOOKMARK [1][-]{section.3.3}{\376\377\000C\000o\000m\000b\000i\000n\000i\000n\000g\000\040\000D\000S\000L\000s\000\040\000a\000n\000d\000\040\000F\000e\000a\000t\000u\000r\000e\000\040\000M\000o\000d\000e\000l\000s}{chapter.3}% 17
\BOOKMARK [1][-]{section.3.4}{\376\377\000B\000e\000n\000e\000f\000i\000t\000s\000\040\000o\000f\000\040\000T\000o\000o\000l\000s}{chapter.3}% 18
\BOOKMARK [1][-]{section.3.5}{\376\377\000E\000x\000a\000m\000p\000l\000e\000s}{chapter.3}% 19
\BOOKMARK [1][-]{section.3.6}{\376\377\000C\000o\000n\000c\000e\000p\000t\000u\000a\000l\000\040\000M\000a\000p\000p\000i\000n\000g\000\040\000f\000r\000o\000m\000\040\000P\000L\000E\000\040\000t\000o\000\040\000D\000S\000L\000s}{chapter.3}% 20
\BOOKMARK [1][-]{section.3.7}{\376\377\000F\000u\000t\000u\000r\000e\000\040\000W\000o\000r\000k}{chapter.3}% 21
\BOOKMARK [1][-]{section.3.8}{\376\377\000C\000o\000n\000c\000l\000u\000s\000i\000o\000n}{chapter.3}% 22
