This is pdfTeX, Version 3.1415926-1.40.11 (MiKTeX 2.9) (preloaded format=pdflatex 2011.9.12)  19 SEP 2011 18:54
entering extended mode
**doc.tex
(L:\book\DSLBook\book3-DSLsInSwEng\doc.tex
LaTeX2e <2009/09/24>
Babel <v3.8l> and hyphenation patterns for english, afrikaans, ancientgreek, ar
abic, armenian, assamese, basque, bengali, bokmal, bulgarian, catalan, coptic, 
croatian, czech, danish, dutch, esperanto, estonian, farsi, finnish, french, ga
lician, german, german-x-2009-06-19, greek, gujarati, hindi, hungarian, iceland
ic, indonesian, interlingua, irish, italian, kannada, kurmanji, lao, latin, lat
vian, lithuanian, malayalam, marathi, mongolian, mongolianlmc, monogreek, ngerm
an, ngerman-x-2009-06-19, nynorsk, oriya, panjabi, pinyin, polish, portuguese, 
romanian, russian, sanskrit, serbian, slovak, slovenian, spanish, swedish, swis
sgerman, tamil, telugu, turkish, turkmen, ukenglish, ukrainian, uppersorbian, u
senglishmax, welsh, loaded.
(L:\book\DSLBook\book3-DSLsInSwEng\tufte-book.cls
Document Class: tufte-book 2009/12/11 v3.5.0 Tufte-book class
(L:\book\DSLBook\book3-DSLsInSwEng\tufte-common.def
File: tufte-common.def 2009/12/11 v3.5.0 Common code for the Tufte-LaTeX styles


(C:\data\javadev\commonTools\miktex-2.9\tex\latex\xkeyval\xkeyval.sty
Package: xkeyval 2008/08/13 v2.6a package option processing (HA)

(C:\data\javadev\commonTools\miktex-2.9\tex\generic\xkeyval\xkeyval.tex
\XKV@toks=\toks14
\XKV@tempa@toks=\toks15
\XKV@depth=\count79
File: xkeyval.tex 2008/08/13 v2.6a key=value parser (HA)

(C:\data\javadev\commonTools\miktex-2.9\tex\generic\xkeyval\keyval.tex)))
(C:\Users\Markus\AppData\Roaming\MiKTeX\2.9\tex\latex\xifthen\xifthen.sty
Package: xifthen 2009/04/17 v1.3 Extended ifthen features

(C:\data\javadev\commonTools\miktex-2.9\tex\latex\misc\etex.sty
Package: etex 1998/03/26 v2.0 eTeX basic definition package (PEB)
\et@xins=\count80
)
(C:\data\javadev\commonTools\miktex-2.9\tex\latex\tools\calc.sty
Package: calc 2007/08/22 v4.3 Infix arithmetic (KKT,FJ)
\calc@Acount=\count81
\calc@Bcount=\count82
\calc@Adimen=\dimen102
\calc@Bdimen=\dimen103
\calc@Askip=\skip41
\calc@Bskip=\skip42
LaTeX Info: Redefining \setlength on input line 76.
LaTeX Info: Redefining \addtolength on input line 77.
\calc@Ccount=\count83
\calc@Cskip=\skip43
)
(C:\data\javadev\commonTools\miktex-2.9\tex\latex\base\ifthen.sty
Package: ifthen 2001/05/26 v1.1c Standard LaTeX ifthen package (DPC)
)
(C:\Users\Markus\AppData\Roaming\MiKTeX\2.9\tex\latex\ifmtarg\ifmtarg.sty
Package: ifmtarg 2009/09/02 v1.2a check for an empty argument
))
Class tufte-book Info: Loading the base class `book'.

(C:\data\javadev\commonTools\miktex-2.9\tex\latex\base\book.cls
Document Class: book 2007/10/19 v1.4h Standard LaTeX document class
(C:\data\javadev\commonTools\miktex-2.9\tex\latex\base\bk10.clo
File: bk10.clo 2007/10/19 v1.4h Standard LaTeX file (size option)
)
\c@part=\count84
\c@chapter=\count85
\c@section=\count86
\c@subsection=\count87
\c@subsubsection=\count88
\c@paragraph=\count89
\c@subparagraph=\count90
\c@figure=\count91
\c@table=\count92
\abovecaptionskip=\skip44
\belowcaptionskip=\skip45
\bibindent=\dimen104
)
(C:\data\javadev\commonTools\miktex-2.9\tex\generic\oberdiek\ifpdf.sty
Package: ifpdf 2010/01/28 v2.1 Provides the ifpdf switch (HO)
Package ifpdf Info: pdfTeX in pdf mode detected.
)
(C:\data\javadev\commonTools\miktex-2.9\tex\generic\ifxetex\ifxetex.sty
Package: ifxetex 2010/09/12 v0.6 Provides ifxetex conditional
)
(C:\Users\Markus\AppData\Roaming\MiKTeX\2.9\tex\latex\titlesec\titlesec.sty
Package: titlesec 2011/08/28 v2.9.1 Sectioning titles
\ttl@box=\box26
\beforetitleunit=\skip46
\aftertitleunit=\skip47
\ttl@plus=\dimen105
\ttl@minus=\dimen106
\ttl@toksa=\toks16
\titlewidth=\dimen107
\titlewidthlast=\dimen108
\titlewidthfirst=\dimen109
)
(C:\Users\Markus\AppData\Roaming\MiKTeX\2.9\tex\latex\titlesec\titletoc.sty
Package: titletoc 2011/08/28 v1.6 TOC entries
\ttl@leftsep=\dimen110
)
(C:\data\javadev\commonTools\miktex-2.9\tex\latex\hyperref\hyperref.sty
Package: hyperref 2010/09/17 v6.81q Hypertext links for LaTeX

(C:\data\javadev\commonTools\miktex-2.9\tex\generic\oberdiek\ltxcmds.sty
Package: ltxcmds 2010/04/26 v1.7 LaTeX kernel commands for general use (HO)
)
(C:\data\javadev\commonTools\miktex-2.9\tex\generic\oberdiek\infwarerr.sty
Package: infwarerr 2010/04/08 v1.3 Providing info/warning/message (HO)
)
(C:\data\javadev\commonTools\miktex-2.9\tex\generic\oberdiek\kvsetkeys.sty
Package: kvsetkeys 2010/03/01 v1.9 Key value parser (HO)

(C:\data\javadev\commonTools\miktex-2.9\tex\generic\oberdiek\etexcmds.sty
Package: etexcmds 2010/01/28 v1.3 Prefix for e-TeX command names (HO)
Package etexcmds Info: Could not find \expanded.
(etexcmds)             That can mean that you are not using pdfTeX 1.50 or
(etexcmds)             that some package has redefined \expanded.
(etexcmds)             In the latter case, load this package earlier.
))
(C:\data\javadev\commonTools\miktex-2.9\tex\generic\oberdiek\pdfescape.sty
Package: pdfescape 2010/03/01 v1.9 Provides hex, PDF name and string conversion
s (HO)

(C:\data\javadev\commonTools\miktex-2.9\tex\generic\oberdiek\pdftexcmds.sty
Package: pdftexcmds 2010/04/01 v0.9 Utility functions of pdfTeX for LuaTeX (HO)


(C:\data\javadev\commonTools\miktex-2.9\tex\generic\oberdiek\ifluatex.sty
Package: ifluatex 2010/03/01 v1.3 Provides the ifluatex switch (HO)
Package ifluatex Info: LuaTeX not detected.
)
Package pdftexcmds Info: LuaTeX not detected.
Package pdftexcmds Info: \pdf@primitive is available.
Package pdftexcmds Info: \pdf@ifprimitive is available.
))
(C:\data\javadev\commonTools\miktex-2.9\tex\generic\oberdiek\ifvtex.sty
Package: ifvtex 2010/03/01 v1.5 Switches for detecting VTeX and its modes (HO)
Package ifvtex Info: VTeX not detected.
)
(C:\data\javadev\commonTools\miktex-2.9\tex\latex\oberdiek\hycolor.sty
Package: hycolor 2009/12/12 v1.6 Color options of hyperref/bookmark (HO)

(C:\data\javadev\commonTools\miktex-2.9\tex\latex\oberdiek\xcolor-patch.sty
Package: xcolor-patch 2009/12/12 xcolor patch
))
(C:\data\javadev\commonTools\miktex-2.9\tex\latex\oberdiek\letltxmacro.sty
Package: letltxmacro 2008/06/24 v1.3 Let assignment for LaTeX macros (HO)
)
(C:\data\javadev\commonTools\miktex-2.9\tex\latex\oberdiek\kvoptions.sty
Package: kvoptions 2010/02/22 v3.7 Keyval support for LaTeX options (HO)
)
\@linkdim=\dimen111
\Hy@linkcounter=\count93
\Hy@pagecounter=\count94

(C:\data\javadev\commonTools\miktex-2.9\tex\latex\hyperref\pd1enc.def
File: pd1enc.def 2010/09/17 v6.81q Hyperref: PDFDocEncoding definition (HO)
)
(C:\data\javadev\commonTools\miktex-2.9\tex\generic\oberdiek\intcalc.sty
Package: intcalc 2007/09/27 v1.1 Expandable integer calculations (HO)
)
\Hy@SavedSpaceFactor=\count95

(C:\data\javadev\commonTools\miktex-2.9\tex\latex\00miktex\hyperref.cfg
File: hyperref.cfg 2002/06/06 v1.2 hyperref configuration of TeXLive
)
Package hyperref Info: Option `unicode' set `true' on input line 3798.

(C:\data\javadev\commonTools\miktex-2.9\tex\latex\hyperref\puenc.def
File: puenc.def 2010/09/17 v6.81q Hyperref: PDF Unicode definition (HO)
)
Package hyperref Info: Option `hyperfootnotes' set `false' on input line 3798.
Package hyperref Info: Hyper figures OFF on input line 3902.
Package hyperref Info: Link nesting OFF on input line 3907.
Package hyperref Info: Hyper index ON on input line 3910.
Package hyperref Info: Plain pages OFF on input line 3917.
Package hyperref Info: Backreferencing OFF on input line 3922.
Package hyperref Info: Implicit mode ON; LaTeX internals redefined.
Package hyperref Info: Bookmarks ON on input line 4132.
\c@Hy@tempcnt=\count96

(C:\data\javadev\commonTools\miktex-2.9\tex\latex\ltxmisc\url.sty
\Urlmuskip=\muskip10
Package: url 2006/04/12  ver 3.3  Verb mode for urls, etc.
)
LaTeX Info: Redefining \url on input line 4487.

(C:\data\javadev\commonTools\miktex-2.9\tex\generic\oberdiek\bitset.sty
Package: bitset 2007/09/28 v1.0 Data type bit set (HO)

(C:\data\javadev\commonTools\miktex-2.9\tex\generic\oberdiek\bigintcalc.sty
Package: bigintcalc 2007/11/11 v1.1 Expandable big integer calculations (HO)
))
\Fld@menulength=\count97
\Field@Width=\dimen112
\Fld@charsize=\dimen113
Package hyperref Info: Hyper figures OFF on input line 5526.
Package hyperref Info: Link nesting OFF on input line 5531.
Package hyperref Info: Hyper index ON on input line 5534.
Package hyperref Info: backreferencing OFF on input line 5541.
Package hyperref Info: Link coloring OFF on input line 5546.
Package hyperref Info: Link coloring with OCG OFF on input line 5551.
Package hyperref Info: PDF/A mode OFF on input line 5556.
LaTeX Info: Redefining \ref on input line 5596.
LaTeX Info: Redefining \pageref on input line 5600.

(C:\data\javadev\commonTools\miktex-2.9\tex\generic\oberdiek\atbegshi.sty
Package: atbegshi 2010/03/25 v1.12 At begin shipout hook (HO)
)
\Hy@abspage=\count98
\c@Item=\count99
)

Package hyperref Message: Driver (autodetected): hpdftex.

(C:\data\javadev\commonTools\miktex-2.9\tex\latex\hyperref\hpdftex.def
File: hpdftex.def 2010/09/17 v6.81q Hyperref driver for pdfTeX

(C:\data\javadev\commonTools\miktex-2.9\tex\latex\oberdiek\atveryend.sty
Package: atveryend 2010/03/24 v1.5 Hooks at very end of document (HO)
Package atveryend Info: \enddocument detected (standard).
)
\Fld@listcount=\count100
\c@bookmark@seq@number=\count101

(C:\data\javadev\commonTools\miktex-2.9\tex\latex\oberdiek\rerunfilecheck.sty
Package: rerunfilecheck 2010/03/16 v1.6 Rerun checks for auxiliary files (HO)

(C:\data\javadev\commonTools\miktex-2.9\tex\generic\oberdiek\uniquecounter.sty
Package: uniquecounter 2009/12/18 v1.1 Provides unlimited unique counter (HO)
)
Package uniquecounter Info: New unique counter `rerunfilecheck' on input line 2
71.
)
\Hy@SectionHShift=\skip48
)

Package hyperref Warning: Option `pagecolor' is not available anymore.

(C:\Users\Markus\AppData\Roaming\MiKTeX\2.9\tex\latex\ms\ragged2e.sty
Package: ragged2e 2009/05/21 v2.1 ragged2e Package (MS)

(C:\Users\Markus\AppData\Roaming\MiKTeX\2.9\tex\latex\ms\everysel.sty
Package: everysel 2009/05/30 v1.1 EverySelectfont Package (MS)
)
\CenteringLeftskip=\skip49
\RaggedLeftLeftskip=\skip50
\RaggedRightLeftskip=\skip51
\CenteringRightskip=\skip52
\RaggedLeftRightskip=\skip53
\RaggedRightRightskip=\skip54
\CenteringParfillskip=\skip55
\RaggedLeftParfillskip=\skip56
\RaggedRightParfillskip=\skip57
\JustifyingParfillskip=\skip58
\CenteringParindent=\skip59
\RaggedLeftParindent=\skip60
\RaggedRightParindent=\skip61
\JustifyingParindent=\skip62
)
(C:\data\javadev\commonTools\miktex-2.9\tex\latex\geometry\geometry.sty
Package: geometry 2010/09/12 v5.6 Page Geometry
\Gm@cnth=\count102
\Gm@cntv=\count103
\c@Gm@tempcnt=\count104
\Gm@bindingoffset=\dimen114
\Gm@wd@mp=\dimen115
\Gm@odd@mp=\dimen116
\Gm@even@mp=\dimen117
\Gm@layoutwidth=\dimen118
\Gm@layoutheight=\dimen119
\Gm@layouthoffset=\dimen120
\Gm@layoutvoffset=\dimen121
\Gm@dimlist=\toks17

(C:\data\javadev\commonTools\miktex-2.9\tex\latex\geometry\geometry.cfg))
(C:\Users\Markus\AppData\Roaming\MiKTeX\2.9\tex\latex\changepage\changepage.sty
Package: changepage 2009/10/20 v1.0c check page and change page layout
\c@cp@cntr=\count105
\cp@tempcnt=\count106
)
\@tufte@overhang=\skip63
\@tufte@fullwidth=\skip64
\@tufte@caption@fill=\skip65
 (C:\Users\Markus\AppData\Roaming\MiKTeX\2.9\tex\latex\paralist\paralist.sty
Package: paralist 2002/03/18 v2.3b Extended list environments (BS)
\pltopsep=\skip66
\plpartopsep=\skip67
\plitemsep=\skip68
\plparsep=\skip69
\pl@lab=\toks18
)
(C:\Users\Markus\AppData\Roaming\MiKTeX\2.9\tex\latex\textcase\textcase.sty
Package: textcase 2004/10/07 v0.07 Text only upper/lower case changing (DPC)
)
(C:\Users\Markus\AppData\Roaming\MiKTeX\2.9\tex\latex\microtype\letterspace.sty
Package: letterspace 2010/01/10 v2.4 Robust letterspacing (RS)
LaTeX Info: Redefining \lsstyle on input line 277.
LaTeX Info: Redefining \lslig on input line 278.
LaTeX Info: Redefining \textls on input line 303.
\MT@outer@kern=\dimen122
) (C:\Users\Markus\AppData\Roaming\MiKTeX\2.9\tex\latex\setspace\setspace.sty
Package: setspace 2000/12/01 6.7 Contributed and Supported LaTeX2e package

Package: `setspace' 6.7 <2000/12/01>
) (C:\Users\Markus\AppData\Roaming\MiKTeX\2.9\tex\latex\natbib\natbib.sty
Package: natbib 2010/09/13 8.31b (PWD, AO)
\bibhang=\skip70
\bibsep=\skip71
LaTeX Info: Redefining \cite on input line 694.
\c@NAT@ctr=\count107
)
(C:\Users\Markus\AppData\Roaming\MiKTeX\2.9\tex\latex\natbib\bibentry.sty
Package: bibentry 2007/10/30 1.5 (PWD)
)
(L:\book\DSLBook\book3-DSLsInSwEng\doc.bbl)
\c@@tufte@num@bibkeys=\count108

(C:\Users\Markus\AppData\Roaming\MiKTeX\2.9\tex\latex\sauerj\optparams.sty
Package: optparams 2004/08/14 v0.9 multiple optional parameters in macros
)
\@tufte@sidenote@vertical@offset=\skip72

(C:\Users\Markus\AppData\Roaming\MiKTeX\2.9\tex\latex\placeins\placeins.sty
Package: placeins 2005/04/18  v 2.2
)
\@tufte@margin@floatbox=\box27
\@tufte@figure@box=\box28
\@tufte@caption@box=\box29
\@tufte@caption@vertical@offset=\skip73
\@tufte@float@contents@width=\skip74

(C:\data\javadev\commonTools\miktex-2.9\tex\latex\psnfss\mathpazo.sty
Package: mathpazo 2005/04/12 PSNFSS-v9.2a Palatino w/ Pazo Math (D.Puga, WaS) 
\symupright=\mathgroup4
)
(C:\data\javadev\commonTools\miktex-2.9\tex\latex\psnfss\helvet.sty
Package: helvet 2005/04/12 PSNFSS-v9.2a (WaS) 
)
(C:\Users\Markus\AppData\Roaming\MiKTeX\2.9\tex\latex\bera\beramono.sty
Package: beramono 2004/01/31 (WaS)
)
(C:\data\javadev\commonTools\miktex-2.9\tex\latex\base\fontenc.sty
Package: fontenc 2005/09/27 v1.99g Standard LaTeX package

(C:\data\javadev\commonTools\miktex-2.9\tex\latex\base\t1enc.def
File: t1enc.def 2005/09/27 v1.99g Standard LaTeX file
LaTeX Font Info:    Redeclaring font encoding T1 on input line 43.
))
(C:\data\javadev\commonTools\miktex-2.9\tex\latex\base\textcomp.sty
Package: textcomp 2005/09/27 v1.99g Standard LaTeX package
Package textcomp Info: Sub-encoding information:
(textcomp)               5 = only ISO-Adobe without \textcurrency
(textcomp)               4 = 5 + \texteuro
(textcomp)               3 = 4 + \textohm
(textcomp)               2 = 3 + \textestimated + \textcurrency
(textcomp)               1 = TS1 - \textcircled - \t
(textcomp)               0 = TS1 (full)
(textcomp)             Font families with sub-encoding setting implement
(textcomp)             only a restricted character set as indicated.
(textcomp)             Family '?' is the default used for unknown fonts.
(textcomp)             See the documentation for details.
Package textcomp Info: Setting ? sub-encoding to TS1/1 on input line 71.

(C:\data\javadev\commonTools\miktex-2.9\tex\latex\base\ts1enc.def
File: ts1enc.def 2001/06/05 v3.0e (jk/car/fm) Standard LaTeX file
)
LaTeX Info: Redefining \oldstylenums on input line 266.
Package textcomp Info: Setting cmr sub-encoding to TS1/0 on input line 281.
Package textcomp Info: Setting cmss sub-encoding to TS1/0 on input line 282.
Package textcomp Info: Setting cmtt sub-encoding to TS1/0 on input line 283.
Package textcomp Info: Setting cmvtt sub-encoding to TS1/0 on input line 284.
Package textcomp Info: Setting cmbr sub-encoding to TS1/0 on input line 285.
Package textcomp Info: Setting cmtl sub-encoding to TS1/0 on input line 286.
Package textcomp Info: Setting ccr sub-encoding to TS1/0 on input line 287.
Package textcomp Info: Setting ptm sub-encoding to TS1/4 on input line 288.
Package textcomp Info: Setting pcr sub-encoding to TS1/4 on input line 289.
Package textcomp Info: Setting phv sub-encoding to TS1/4 on input line 290.
Package textcomp Info: Setting ppl sub-encoding to TS1/3 on input line 291.
Package textcomp Info: Setting pag sub-encoding to TS1/4 on input line 292.
Package textcomp Info: Setting pbk sub-encoding to TS1/4 on input line 293.
Package textcomp Info: Setting pnc sub-encoding to TS1/4 on input line 294.
Package textcomp Info: Setting pzc sub-encoding to TS1/4 on input line 295.
Package textcomp Info: Setting bch sub-encoding to TS1/4 on input line 296.
Package textcomp Info: Setting put sub-encoding to TS1/5 on input line 297.
Package textcomp Info: Setting uag sub-encoding to TS1/5 on input line 298.
Package textcomp Info: Setting ugq sub-encoding to TS1/5 on input line 299.
Package textcomp Info: Setting ul8 sub-encoding to TS1/4 on input line 300.
Package textcomp Info: Setting ul9 sub-encoding to TS1/4 on input line 301.
Package textcomp Info: Setting augie sub-encoding to TS1/5 on input line 302.
Package textcomp Info: Setting dayrom sub-encoding to TS1/3 on input line 303.
Package textcomp Info: Setting dayroms sub-encoding to TS1/3 on input line 304.

Package textcomp Info: Setting pxr sub-encoding to TS1/0 on input line 305.
Package textcomp Info: Setting pxss sub-encoding to TS1/0 on input line 306.
Package textcomp Info: Setting pxtt sub-encoding to TS1/0 on input line 307.
Package textcomp Info: Setting txr sub-encoding to TS1/0 on input line 308.
Package textcomp Info: Setting txss sub-encoding to TS1/0 on input line 309.
Package textcomp Info: Setting txtt sub-encoding to TS1/0 on input line 310.
Package textcomp Info: Setting futs sub-encoding to TS1/4 on input line 311.
Package textcomp Info: Setting futx sub-encoding to TS1/4 on input line 312.
Package textcomp Info: Setting futj sub-encoding to TS1/4 on input line 313.
Package textcomp Info: Setting hlh sub-encoding to TS1/3 on input line 314.
Package textcomp Info: Setting hls sub-encoding to TS1/3 on input line 315.
Package textcomp Info: Setting hlst sub-encoding to TS1/3 on input line 316.
Package textcomp Info: Setting hlct sub-encoding to TS1/5 on input line 317.
Package textcomp Info: Setting hlx sub-encoding to TS1/5 on input line 318.
Package textcomp Info: Setting hlce sub-encoding to TS1/5 on input line 319.
Package textcomp Info: Setting hlcn sub-encoding to TS1/5 on input line 320.
Package textcomp Info: Setting hlcw sub-encoding to TS1/5 on input line 321.
Package textcomp Info: Setting hlcf sub-encoding to TS1/5 on input line 322.
Package textcomp Info: Setting pplx sub-encoding to TS1/3 on input line 323.
Package textcomp Info: Setting pplj sub-encoding to TS1/3 on input line 324.
Package textcomp Info: Setting ptmx sub-encoding to TS1/4 on input line 325.
Package textcomp Info: Setting ptmj sub-encoding to TS1/4 on input line 326.
)
(C:\Users\Markus\AppData\Roaming\MiKTeX\2.9\tex\latex\fancyhdr\fancyhdr.sty
\fancy@headwidth=\skip75
\f@ncyO@elh=\skip76
\f@ncyO@erh=\skip77
\f@ncyO@olh=\skip78
\f@ncyO@orh=\skip79
\f@ncyO@elf=\skip80
\f@ncyO@erf=\skip81
\f@ncyO@olf=\skip82
\f@ncyO@orf=\skip83
)
(C:\Users\Markus\AppData\Roaming\MiKTeX\2.9\tex\latex\xcolor\xcolor.sty
Package: xcolor 2007/01/21 v2.11 LaTeX color extensions (UK)

(C:\data\javadev\commonTools\miktex-2.9\tex\latex\00miktex\color.cfg
File: color.cfg 2007/01/18 v1.5 color configuration of teTeX/TeXLive
)
Package xcolor Info: Package option `usenames' ignored on input line 216.
Package xcolor Info: Driver file: pdftex.def on input line 225.

(C:\data\javadev\commonTools\miktex-2.9\tex\latex\pdftex-def\pdftex.def
File: pdftex.def 2010/09/14 v0.05b Graphics/color for pdfTeX
\Gread@gobject=\count109
)
Package xcolor Info: Model `cmy' substituted by `cmy0' on input line 1337.
Package xcolor Info: Model `hsb' substituted by `rgb' on input line 1341.
Package xcolor Info: Model `RGB' extended on input line 1353.
Package xcolor Info: Model `HTML' substituted by `rgb' on input line 1355.
Package xcolor Info: Model `Hsb' substituted by `hsb' on input line 1356.
Package xcolor Info: Model `tHsb' substituted by `hsb' on input line 1357.
Package xcolor Info: Model `HSB' substituted by `hsb' on input line 1358.
Package xcolor Info: Model `Gray' substituted by `gray' on input line 1359.
Package xcolor Info: Model `wave' substituted by `hsb' on input line 1360.

(C:\data\javadev\commonTools\miktex-2.9\tex\latex\graphics\dvipsnam.def
File: dvipsnam.def 1999/02/16 v3.0i Driver-dependant file (DPC,SPQR)
)
(C:\Users\Markus\AppData\Roaming\MiKTeX\2.9\tex\latex\xcolor\svgnam.def
File: svgnam.def 2007/01/21 v2.11 Predefined colors according to SVG 1.1 (UK)
))
\langwohyphens=\language70

(C:\data\javadev\commonTools\miktex-2.9\tex\latex\tools\multicol.sty
Package: multicol 2008/12/05 v1.6h multicolumn formatting (FMi)
\c@tracingmulticols=\count110
\mult@box=\box30
\multicol@leftmargin=\dimen123
\c@unbalance=\count111
\c@collectmore=\count112
\doublecol@number=\count113
\multicoltolerance=\count114
\multicolpretolerance=\count115
\full@width=\dimen124
\page@free=\dimen125
\premulticols=\dimen126
\postmulticols=\dimen127
\multicolsep=\skip84
\multicolbaselineskip=\skip85
\partial@page=\box31
\last@line=\box32
\mult@rightbox=\box33
\mult@grightbox=\box34
\mult@gfirstbox=\box35
\mult@firstbox=\box36
\@tempa=\box37
\@tempa=\box38
\@tempa=\box39
\@tempa=\box40
\@tempa=\box41
\@tempa=\box42
\@tempa=\box43
\@tempa=\box44
\@tempa=\box45
\@tempa=\box46
\@tempa=\box47
\@tempa=\box48
\@tempa=\box49
\@tempa=\box50
\@tempa=\box51
\@tempa=\box52
\@tempa=\box53
\c@columnbadness=\count116
\c@finalcolumnbadness=\count117
\last@try=\dimen128
\multicolovershoot=\dimen129
\multicolundershoot=\dimen130
\mult@nat@firstbox=\box54
\colbreak@box=\box55
)))
(C:\data\javadev\commonTools\miktex-2.9\tex\latex\ams\math\amsmath.sty
Package: amsmath 2000/07/18 v2.13 AMS math features
\@mathmargin=\skip86

For additional information on amsmath, use the `?' option.
(C:\data\javadev\commonTools\miktex-2.9\tex\latex\ams\math\amstext.sty
Package: amstext 2000/06/29 v2.01

(C:\data\javadev\commonTools\miktex-2.9\tex\latex\ams\math\amsgen.sty
File: amsgen.sty 1999/11/30 v2.0
\@emptytoks=\toks19
\ex@=\dimen131
))
(C:\data\javadev\commonTools\miktex-2.9\tex\latex\ams\math\amsbsy.sty
Package: amsbsy 1999/11/29 v1.2d
\pmbraise@=\dimen132
)
(C:\data\javadev\commonTools\miktex-2.9\tex\latex\ams\math\amsopn.sty
Package: amsopn 1999/12/14 v2.01 operator names
)
\inf@bad=\count118
LaTeX Info: Redefining \frac on input line 211.
\uproot@=\count119
\leftroot@=\count120
LaTeX Info: Redefining \overline on input line 307.
\classnum@=\count121
\DOTSCASE@=\count122
LaTeX Info: Redefining \ldots on input line 379.
LaTeX Info: Redefining \dots on input line 382.
LaTeX Info: Redefining \cdots on input line 467.
\Mathstrutbox@=\box56
\strutbox@=\box57
\big@size=\dimen133
LaTeX Font Info:    Redeclaring font encoding OML on input line 567.
LaTeX Font Info:    Redeclaring font encoding OMS on input line 568.
\macc@depth=\count123
\c@MaxMatrixCols=\count124
\dotsspace@=\muskip11
\c@parentequation=\count125
\dspbrk@lvl=\count126
\tag@help=\toks20
\row@=\count127
\column@=\count128
\maxfields@=\count129
\andhelp@=\toks21
\eqnshift@=\dimen134
\alignsep@=\dimen135
\tagshift@=\dimen136
\tagwidth@=\dimen137
\totwidth@=\dimen138
\lineht@=\dimen139
\@envbody=\toks22
\multlinegap=\skip87
\multlinetaggap=\skip88
\mathdisplay@stack=\toks23
LaTeX Info: Redefining \[ on input line 2666.
LaTeX Info: Redefining \] on input line 2667.
)
(C:\data\javadev\commonTools\miktex-2.9\tex\latex\amsfonts\amssymb.sty
Package: amssymb 2009/06/22 v3.00

(L:\book\DSLBook\book3-DSLsInSwEng\amsfonts.sty
Package: amsfonts 2009/06/22 v3.00 Basic AMSFonts support
\symAMSa=\mathgroup5
\symAMSb=\mathgroup6
))
(C:\Users\Markus\AppData\Roaming\MiKTeX\2.9\tex\latex\soul\soul.sty
Package: soul 2003/11/17 v2.4 letterspacing/underlining (mf)
\SOUL@word=\toks24
\SOUL@lasttoken=\toks25
\SOUL@cmds=\toks26
\SOUL@buffer=\toks27
\SOUL@token=\toks28
\SOUL@spaceskip=\skip89
\SOUL@ttwidth=\dimen140
\SOUL@uldp=\dimen141
\SOUL@ulht=\dimen142
)
(C:\data\javadev\commonTools\miktex-2.9\tex\latex\graphics\graphicx.sty
Package: graphicx 1999/02/16 v1.0f Enhanced LaTeX Graphics (DPC,SPQR)

(C:\data\javadev\commonTools\miktex-2.9\tex\latex\graphics\graphics.sty
Package: graphics 2009/02/05 v1.0o Standard LaTeX Graphics (DPC,SPQR)

(C:\data\javadev\commonTools\miktex-2.9\tex\latex\graphics\trig.sty
Package: trig 1999/03/16 v1.09 sin cos tan (DPC)
)
(C:\data\javadev\commonTools\miktex-2.9\tex\latex\00miktex\graphics.cfg
File: graphics.cfg 2007/01/18 v1.5 graphics configuration of teTeX/TeXLive
)
Package graphics Info: Driver file: pdftex.def on input line 91.
)
\Gin@req@height=\dimen143
\Gin@req@width=\dimen144
)
(C:\data\javadev\commonTools\miktex-2.9\tex\latex\base\inputenc.sty
Package: inputenc 2008/03/30 v1.1d Input encoding file
\inpenc@prehook=\toks29
\inpenc@posthook=\toks30

(C:\data\javadev\commonTools\miktex-2.9\tex\latex\base\utf8.def
File: utf8.def 2008/04/05 v1.1m UTF-8 support for inputenc
Now handling font encoding OML ...
... no UTF-8 mapping file for font encoding OML
Now handling font encoding T1 ...
... processing UTF-8 mapping file for font encoding T1

(C:\data\javadev\commonTools\miktex-2.9\tex\latex\base\t1enc.dfu
File: t1enc.dfu 2008/04/05 v1.1m UTF-8 support for inputenc
   defining Unicode char U+00A1 (decimal 161)
   defining Unicode char U+00A3 (decimal 163)
   defining Unicode char U+00AB (decimal 171)
   defining Unicode char U+00BB (decimal 187)
   defining Unicode char U+00BF (decimal 191)
   defining Unicode char U+00C0 (decimal 192)
   defining Unicode char U+00C1 (decimal 193)
   defining Unicode char U+00C2 (decimal 194)
   defining Unicode char U+00C3 (decimal 195)
   defining Unicode char U+00C4 (decimal 196)
   defining Unicode char U+00C5 (decimal 197)
   defining Unicode char U+00C6 (decimal 198)
   defining Unicode char U+00C7 (decimal 199)
   defining Unicode char U+00C8 (decimal 200)
   defining Unicode char U+00C9 (decimal 201)
   defining Unicode char U+00CA (decimal 202)
   defining Unicode char U+00CB (decimal 203)
   defining Unicode char U+00CC (decimal 204)
   defining Unicode char U+00CD (decimal 205)
   defining Unicode char U+00CE (decimal 206)
   defining Unicode char U+00CF (decimal 207)
   defining Unicode char U+00D0 (decimal 208)
   defining Unicode char U+00D1 (decimal 209)
   defining Unicode char U+00D2 (decimal 210)
   defining Unicode char U+00D3 (decimal 211)
   defining Unicode char U+00D4 (decimal 212)
   defining Unicode char U+00D5 (decimal 213)
   defining Unicode char U+00D6 (decimal 214)
   defining Unicode char U+00D8 (decimal 216)
   defining Unicode char U+00D9 (decimal 217)
   defining Unicode char U+00DA (decimal 218)
   defining Unicode char U+00DB (decimal 219)
   defining Unicode char U+00DC (decimal 220)
   defining Unicode char U+00DD (decimal 221)
   defining Unicode char U+00DE (decimal 222)
   defining Unicode char U+00DF (decimal 223)
   defining Unicode char U+00E0 (decimal 224)
   defining Unicode char U+00E1 (decimal 225)
   defining Unicode char U+00E2 (decimal 226)
   defining Unicode char U+00E3 (decimal 227)
   defining Unicode char U+00E4 (decimal 228)
   defining Unicode char U+00E5 (decimal 229)
   defining Unicode char U+00E6 (decimal 230)
   defining Unicode char U+00E7 (decimal 231)
   defining Unicode char U+00E8 (decimal 232)
   defining Unicode char U+00E9 (decimal 233)
   defining Unicode char U+00EA (decimal 234)
   defining Unicode char U+00EB (decimal 235)
   defining Unicode char U+00EC (decimal 236)
   defining Unicode char U+00ED (decimal 237)
   defining Unicode char U+00EE (decimal 238)
   defining Unicode char U+00EF (decimal 239)
   defining Unicode char U+00F0 (decimal 240)
   defining Unicode char U+00F1 (decimal 241)
   defining Unicode char U+00F2 (decimal 242)
   defining Unicode char U+00F3 (decimal 243)
   defining Unicode char U+00F4 (decimal 244)
   defining Unicode char U+00F5 (decimal 245)
   defining Unicode char U+00F6 (decimal 246)
   defining Unicode char U+00F8 (decimal 248)
   defining Unicode char U+00F9 (decimal 249)
   defining Unicode char U+00FA (decimal 250)
   defining Unicode char U+00FB (decimal 251)
   defining Unicode char U+00FC (decimal 252)
   defining Unicode char U+00FD (decimal 253)
   defining Unicode char U+00FE (decimal 254)
   defining Unicode char U+00FF (decimal 255)
   defining Unicode char U+0102 (decimal 258)
   defining Unicode char U+0103 (decimal 259)
   defining Unicode char U+0104 (decimal 260)
   defining Unicode char U+0105 (decimal 261)
   defining Unicode char U+0106 (decimal 262)
   defining Unicode char U+0107 (decimal 263)
   defining Unicode char U+010C (decimal 268)
   defining Unicode char U+010D (decimal 269)
   defining Unicode char U+010E (decimal 270)
   defining Unicode char U+010F (decimal 271)
   defining Unicode char U+0110 (decimal 272)
   defining Unicode char U+0111 (decimal 273)
   defining Unicode char U+0118 (decimal 280)
   defining Unicode char U+0119 (decimal 281)
   defining Unicode char U+011A (decimal 282)
   defining Unicode char U+011B (decimal 283)
   defining Unicode char U+011E (decimal 286)
   defining Unicode char U+011F (decimal 287)
   defining Unicode char U+0130 (decimal 304)
   defining Unicode char U+0131 (decimal 305)
   defining Unicode char U+0132 (decimal 306)
   defining Unicode char U+0133 (decimal 307)
   defining Unicode char U+0139 (decimal 313)
   defining Unicode char U+013A (decimal 314)
   defining Unicode char U+013D (decimal 317)
   defining Unicode char U+013E (decimal 318)
   defining Unicode char U+0141 (decimal 321)
   defining Unicode char U+0142 (decimal 322)
   defining Unicode char U+0143 (decimal 323)
   defining Unicode char U+0144 (decimal 324)
   defining Unicode char U+0147 (decimal 327)
   defining Unicode char U+0148 (decimal 328)
   defining Unicode char U+014A (decimal 330)
   defining Unicode char U+014B (decimal 331)
   defining Unicode char U+0150 (decimal 336)
   defining Unicode char U+0151 (decimal 337)
   defining Unicode char U+0152 (decimal 338)
   defining Unicode char U+0153 (decimal 339)
   defining Unicode char U+0154 (decimal 340)
   defining Unicode char U+0155 (decimal 341)
   defining Unicode char U+0158 (decimal 344)
   defining Unicode char U+0159 (decimal 345)
   defining Unicode char U+015A (decimal 346)
   defining Unicode char U+015B (decimal 347)
   defining Unicode char U+015E (decimal 350)
   defining Unicode char U+015F (decimal 351)
   defining Unicode char U+0160 (decimal 352)
   defining Unicode char U+0161 (decimal 353)
   defining Unicode char U+0162 (decimal 354)
   defining Unicode char U+0163 (decimal 355)
   defining Unicode char U+0164 (decimal 356)
   defining Unicode char U+0165 (decimal 357)
   defining Unicode char U+016E (decimal 366)
   defining Unicode char U+016F (decimal 367)
   defining Unicode char U+0170 (decimal 368)
   defining Unicode char U+0171 (decimal 369)
   defining Unicode char U+0178 (decimal 376)
   defining Unicode char U+0179 (decimal 377)
   defining Unicode char U+017A (decimal 378)
   defining Unicode char U+017B (decimal 379)
   defining Unicode char U+017C (decimal 380)
   defining Unicode char U+017D (decimal 381)
   defining Unicode char U+017E (decimal 382)
   defining Unicode char U+200C (decimal 8204)
   defining Unicode char U+2013 (decimal 8211)
   defining Unicode char U+2014 (decimal 8212)
   defining Unicode char U+2018 (decimal 8216)
   defining Unicode char U+2019 (decimal 8217)
   defining Unicode char U+201A (decimal 8218)
   defining Unicode char U+201C (decimal 8220)
   defining Unicode char U+201D (decimal 8221)
   defining Unicode char U+201E (decimal 8222)
   defining Unicode char U+2030 (decimal 8240)
   defining Unicode char U+2031 (decimal 8241)
   defining Unicode char U+2039 (decimal 8249)
   defining Unicode char U+203A (decimal 8250)
   defining Unicode char U+2423 (decimal 9251)
)
Now handling font encoding OT1 ...
... processing UTF-8 mapping file for font encoding OT1

(C:\data\javadev\commonTools\miktex-2.9\tex\latex\base\ot1enc.dfu
File: ot1enc.dfu 2008/04/05 v1.1m UTF-8 support for inputenc
   defining Unicode char U+00A1 (decimal 161)
   defining Unicode char U+00A3 (decimal 163)
   defining Unicode char U+00B8 (decimal 184)
   defining Unicode char U+00BF (decimal 191)
   defining Unicode char U+00C5 (decimal 197)
   defining Unicode char U+00C6 (decimal 198)
   defining Unicode char U+00D8 (decimal 216)
   defining Unicode char U+00DF (decimal 223)
   defining Unicode char U+00E6 (decimal 230)
   defining Unicode char U+00EC (decimal 236)
   defining Unicode char U+00ED (decimal 237)
   defining Unicode char U+00EE (decimal 238)
   defining Unicode char U+00EF (decimal 239)
   defining Unicode char U+00F8 (decimal 248)
   defining Unicode char U+0131 (decimal 305)
   defining Unicode char U+0141 (decimal 321)
   defining Unicode char U+0142 (decimal 322)
   defining Unicode char U+0152 (decimal 338)
   defining Unicode char U+0153 (decimal 339)
   defining Unicode char U+2013 (decimal 8211)
   defining Unicode char U+2014 (decimal 8212)
   defining Unicode char U+2018 (decimal 8216)
   defining Unicode char U+2019 (decimal 8217)
   defining Unicode char U+201C (decimal 8220)
   defining Unicode char U+201D (decimal 8221)
)
Now handling font encoding OMS ...
... processing UTF-8 mapping file for font encoding OMS

(C:\data\javadev\commonTools\miktex-2.9\tex\latex\base\omsenc.dfu
File: omsenc.dfu 2008/04/05 v1.1m UTF-8 support for inputenc
   defining Unicode char U+00A7 (decimal 167)
   defining Unicode char U+00B6 (decimal 182)
   defining Unicode char U+00B7 (decimal 183)
   defining Unicode char U+2020 (decimal 8224)
   defining Unicode char U+2021 (decimal 8225)
   defining Unicode char U+2022 (decimal 8226)
)
Now handling font encoding OMX ...
... no UTF-8 mapping file for font encoding OMX
Now handling font encoding U ...
... no UTF-8 mapping file for font encoding U
Now handling font encoding PD1 ...
... no UTF-8 mapping file for font encoding PD1
Now handling font encoding PU ...
... no UTF-8 mapping file for font encoding PU
Now handling font encoding TS1 ...
... processing UTF-8 mapping file for font encoding TS1

(C:\data\javadev\commonTools\miktex-2.9\tex\latex\base\ts1enc.dfu
File: ts1enc.dfu 2008/04/05 v1.1m UTF-8 support for inputenc
   defining Unicode char U+00A2 (decimal 162)
   defining Unicode char U+00A3 (decimal 163)
   defining Unicode char U+00A4 (decimal 164)
   defining Unicode char U+00A5 (decimal 165)
   defining Unicode char U+00A6 (decimal 166)
   defining Unicode char U+00A7 (decimal 167)
   defining Unicode char U+00A8 (decimal 168)
   defining Unicode char U+00A9 (decimal 169)
   defining Unicode char U+00AA (decimal 170)
   defining Unicode char U+00AC (decimal 172)
   defining Unicode char U+00AE (decimal 174)
   defining Unicode char U+00AF (decimal 175)
   defining Unicode char U+00B0 (decimal 176)
   defining Unicode char U+00B1 (decimal 177)
   defining Unicode char U+00B2 (decimal 178)
   defining Unicode char U+00B3 (decimal 179)
   defining Unicode char U+00B4 (decimal 180)
   defining Unicode char U+00B5 (decimal 181)
   defining Unicode char U+00B6 (decimal 182)
   defining Unicode char U+00B7 (decimal 183)
   defining Unicode char U+00B9 (decimal 185)
   defining Unicode char U+00BA (decimal 186)
   defining Unicode char U+00BC (decimal 188)
   defining Unicode char U+00BD (decimal 189)
   defining Unicode char U+00BE (decimal 190)
   defining Unicode char U+00D7 (decimal 215)
   defining Unicode char U+00F7 (decimal 247)
   defining Unicode char U+0192 (decimal 402)
   defining Unicode char U+02C7 (decimal 711)
   defining Unicode char U+02D8 (decimal 728)
   defining Unicode char U+02DD (decimal 733)
   defining Unicode char U+0E3F (decimal 3647)
   defining Unicode char U+2016 (decimal 8214)
   defining Unicode char U+2020 (decimal 8224)
   defining Unicode char U+2021 (decimal 8225)
   defining Unicode char U+2022 (decimal 8226)
   defining Unicode char U+2030 (decimal 8240)
   defining Unicode char U+2031 (decimal 8241)
   defining Unicode char U+203B (decimal 8251)
   defining Unicode char U+203D (decimal 8253)
   defining Unicode char U+2044 (decimal 8260)
   defining Unicode char U+204E (decimal 8270)
   defining Unicode char U+2052 (decimal 8274)
   defining Unicode char U+20A1 (decimal 8353)
   defining Unicode char U+20A4 (decimal 8356)
   defining Unicode char U+20A6 (decimal 8358)
   defining Unicode char U+20A9 (decimal 8361)
   defining Unicode char U+20AB (decimal 8363)
   defining Unicode char U+20AC (decimal 8364)
   defining Unicode char U+20B1 (decimal 8369)
   defining Unicode char U+2103 (decimal 8451)
   defining Unicode char U+2116 (decimal 8470)
   defining Unicode char U+2117 (decimal 8471)
   defining Unicode char U+211E (decimal 8478)
   defining Unicode char U+2120 (decimal 8480)
   defining Unicode char U+2122 (decimal 8482)
   defining Unicode char U+2126 (decimal 8486)
   defining Unicode char U+2127 (decimal 8487)
   defining Unicode char U+212E (decimal 8494)
   defining Unicode char U+2190 (decimal 8592)
   defining Unicode char U+2191 (decimal 8593)
   defining Unicode char U+2192 (decimal 8594)
   defining Unicode char U+2193 (decimal 8595)
   defining Unicode char U+2329 (decimal 9001)
   defining Unicode char U+232A (decimal 9002)
   defining Unicode char U+2422 (decimal 9250)
   defining Unicode char U+25E6 (decimal 9702)
   defining Unicode char U+25EF (decimal 9711)
   defining Unicode char U+266A (decimal 9834)
)
   defining Unicode char U+00A9 (decimal 169)
   defining Unicode char U+00AA (decimal 170)
   defining Unicode char U+00AE (decimal 174)
   defining Unicode char U+00BA (decimal 186)
   defining Unicode char U+02C6 (decimal 710)
   defining Unicode char U+02DC (decimal 732)
   defining Unicode char U+200C (decimal 8204)
   defining Unicode char U+2026 (decimal 8230)
   defining Unicode char U+2122 (decimal 8482)
   defining Unicode char U+2423 (decimal 9251)
))
(C:\Users\Markus\AppData\Roaming\MiKTeX\2.9\tex\latex\comment\comment.sty
\CommentStream=\write3

Excluding comment 'comment') (L:\book\DSLBook\book3-DSLsInSwEng\wrapfig.sty
\wrapoverhang=\dimen145
\WF@size=\dimen146
\c@WF@wrappedlines=\count130
\WF@box=\box58
\WF@everypar=\toks31
Package: wrapfig 2003/01/31  v 3.6
)
(C:\Users\Markus\AppData\Roaming\MiKTeX\2.9\tex\latex\boxedminipage\boxedminipa
ge.sty)
\bx@S=\insert233
\bx@T=\insert232
\bx@U=\insert231
\bx@V=\insert230
\bx@W=\insert229
\bx@X=\insert228
\bx@Y=\insert227
\bx@Z=\insert226
\bx@a=\insert225
\bx@b=\insert224
\bx@c=\insert223
\bx@d=\insert222
\bx@e=\insert221
\bx@f=\insert220
\bx@g=\insert219
\bx@h=\insert218
\bx@i=\insert217
\bx@j=\insert216
\bx@k=\insert215
\bx@l=\insert214
\bx@m=\insert213
\bx@n=\insert212
\bx@o=\insert211
\bx@p=\insert210
\bx@q=\insert209
\bx@r=\insert208
\bx@s=\insert207
\bx@t=\insert206
\bx@u=\insert205
\bx@v=\insert204
\bx@w=\insert203
\bx@x=\insert202
\bx@y=\insert201
\bx@z=\insert200
\bx@AA=\insert199
\bx@BB=\insert198
\bx@CC=\insert197
\bx@DD=\insert196
\bx@EE=\insert195
\bx@FF=\insert194
\bx@GG=\insert193
\bx@HH=\insert192
\bx@II=\insert191
\bx@JJ=\insert190
\bx@KK=\insert189
\bx@LL=\insert188
\bx@MM=\insert187
\bx@NN=\insert186
\bx@OO=\insert185
\bx@PP=\insert184
\bx@QQ=\insert183
\bx@RR=\insert182
\bx@SS=\insert181
\bx@TT=\insert180
\bx@UU=\insert179
\bx@VV=\insert178
\bx@WW=\insert177
\bx@XX=\insert176
\bx@YY=\insert175
\bx@ZZ=\insert174
 (L:\book\DSLBook\book3-DSLsInSwEng\breakurl.sty
Package: breakurl 2009/01/24 v1.30 Breakable hyperref URLs


Package breakurl Warning: You are using breakurl while processing via pdflatex.

(breakurl)                \burl will be just a synonym of \url.
(breakurl)                 on input line 47.

) (L:\book\DSLBook\book3-DSLsInSwEng\doc.aux)
LaTeX Font Info:    Checking defaults for OML/cmm/m/it on input line 100.
LaTeX Font Info:    ... okay on input line 100.
LaTeX Font Info:    Checking defaults for T1/cmr/m/n on input line 100.
LaTeX Font Info:    ... okay on input line 100.
LaTeX Font Info:    Checking defaults for OT1/cmr/m/n on input line 100.
LaTeX Font Info:    ... okay on input line 100.
LaTeX Font Info:    Checking defaults for OMS/cmsy/m/n on input line 100.
LaTeX Font Info:    ... okay on input line 100.
LaTeX Font Info:    Checking defaults for OMX/cmex/m/n on input line 100.
LaTeX Font Info:    ... okay on input line 100.
LaTeX Font Info:    Checking defaults for U/cmr/m/n on input line 100.
LaTeX Font Info:    ... okay on input line 100.
LaTeX Font Info:    Checking defaults for PD1/pdf/m/n on input line 100.
LaTeX Font Info:    ... okay on input line 100.
LaTeX Font Info:    Checking defaults for PU/pdf/m/n on input line 100.
LaTeX Font Info:    ... okay on input line 100.
LaTeX Font Info:    Checking defaults for TS1/cmr/m/n on input line 100.
LaTeX Font Info:    Try loading font information for TS1+cmr on input line 100.


(C:\data\javadev\commonTools\miktex-2.9\tex\latex\base\ts1cmr.fd
File: ts1cmr.fd 1999/05/25 v2.5h Standard LaTeX font definitions
)
LaTeX Font Info:    ... okay on input line 100.
LaTeX Font Info:    Try loading font information for T1+pplj on input line 100.


(C:\data\javadev\commonTools\miktex-2.9\tex\latex\psnfss\t1pplj.fd
File: t1pplj.fd 2004/09/06 font definitions for T1/pplj.
)
\AtBeginShipoutBox=\box59
Package hyperref Info: Link coloring OFF on input line 100.

(C:\data\javadev\commonTools\miktex-2.9\tex\latex\hyperref\nameref.sty
Package: nameref 2010/04/30 v2.40 Cross-referencing by name of section

(C:\data\javadev\commonTools\miktex-2.9\tex\latex\oberdiek\refcount.sty
Package: refcount 2008/08/11 v3.1 Data extraction from references (HO)
)
(C:\data\javadev\commonTools\miktex-2.9\tex\generic\oberdiek\gettitlestring.sty
Package: gettitlestring 2009/12/18 v1.3 Cleanup title references (HO)
)
\c@section@level=\count131
)
LaTeX Info: Redefining \ref on input line 100.
LaTeX Info: Redefining \pageref on input line 100.
LaTeX Info: Redefining \nameref on input line 100.
 (L:\book\DSLBook\book3-DSLsInSwEng\doc.out)
(L:\book\DSLBook\book3-DSLsInSwEng\doc.out)
\@outlinefile=\write4
LaTeX Info: Redefining \selectfont on input line 100.

*geometry* driver: auto-detecting
*geometry* detected driver: pdftex
*geometry* verbose mode - [ preamble ] result:
* driver: pdftex
* paper: letterpaper
* layout: <same size as paper>
* layoutoffset:(h,v)=(0.0pt,0.0pt)
* modes: twoside asymmetric 
* h-part:(L,W,R)=(72.26999pt, 312.0pt, 230.02501pt)
* v-part:(T,H,B)=(72.26999pt, 616.0pt, 106.7pt)
* \paperwidth=614.295pt
* \paperheight=794.96999pt
* \textwidth=312.0pt
* \textheight=616.0pt
* \oddsidemargin=0.0pt
* \evensidemargin=0.0pt
* \topmargin=-42.0pt
* \headheight=14.0pt
* \headsep=28.0pt
* \topskip=10.0pt
* \footskip=25.29494pt
* \marginparwidth=144.0pt
* \marginparsep=24.0pt
* \columnsep=10.0pt
* \skip\footins=9.0pt plus 4.0pt minus 2.0pt
* \hoffset=0.0pt
* \voffset=0.0pt
* \mag=1000
* \@twocolumnfalse
* \@twosidetrue
* \@mparswitchfalse
* \@reversemarginfalse
* (1in=72.27pt=25.4mm, 1cm=28.453pt)

(C:\Users\Markus\AppData\Roaming\MiKTeX\2.9\tex\context\base\supp-pdf.mkii
[Loading MPS to PDF converter (version 2006.09.02).]
\scratchcounter=\count132
\scratchdimen=\dimen147
\scratchbox=\box60
\nofMPsegments=\count133
\nofMParguments=\count134
\everyMPshowfont=\toks32
\MPscratchCnt=\count135
\MPscratchDim=\dimen148
\MPnumerator=\count136
\everyMPtoPDFconversion=\toks33
)
LaTeX Font Info:    Try loading font information for T1+phv on input line 102.
 (C:\data\javadev\commonTools\miktex-2.9\tex\latex\psnfss\t1phv.fd
File: t1phv.fd 2001/06/04 scalable font definitions for T1/phv.
)
LaTeX Font Info:    Font shape `T1/phv/m/n' will be
(Font)              scaled to size 8.99994pt on input line 102.
LaTeX Font Info:    Font shape `T1/phv/m/n' will be
(Font)              scaled to size 16.19989pt on input line 102.
LaTeX Font Info:    Font shape `T1/phv/m/n' will be
(Font)              scaled to size 32.39978pt on input line 102.
LaTeX Font Info:    Font shape `T1/phv/m/n' will be
(Font)              scaled to size 12.59991pt on input line 102.
 [1


{C:/Users/Markus/AppData/Local/MiKTeX/2.9/pdftex/config/pdftex.map}]
(L:\book\DSLBook\book3-DSLsInSwEng\body.ltx
(L:\book\DSLBook\book3-DSLsInSwEng\01-requirements.ltx [2


]
Chapter 1.
LaTeX Font Info:    Try loading font information for TS1+pplj on input line 23.

(C:\data\javadev\commonTools\miktex-2.9\tex\latex\psnfss\ts1pplj.fd
File: ts1pplj.fd 2004/09/06 font definitions for TS1/pplj.
) [3]
[4] [5] [6] <figures/req/reqAndDesign.png, id=121, 381.8265pt x 384.2355pt>
File: figures/req/reqAndDesign.png Graphic file (type png)

<use figures/req/reqAndDesign.png> [7 <L:/book/DSLBook/book3-DSLsInSwEng/figure
s/req/reqAndDesign.png (PNG copy)>] [8]
<figures/req/dslEmbeddedInReqTool.png, id=136, 800.39024pt x 393.26926pt>
File: figures/req/dslEmbeddedInReqTool.png Graphic file (type png)

<use figures/req/dslEmbeddedInReqTool.png>
Overfull \hbox (48.17229pt too wide) in paragraph at lines 268--271
 [][] 
 []

[9 <L:/book/DSLBook/book3-DSLsInSwEng/figures/req/dslEmbeddedInReqTool.png>]
Overfull \hbox (4.57982pt too wide) in paragraph at lines 303--308
[][]\T1/pplj/m/n/10 Traceability links are ba-si-cally ``point-ers'' from re-qu
ire-ments to other
 []


Overfull \hbox (2.95915pt too wide) in paragraph at lines 313--319
[]\T1/pplj/m/n/10 The VERDE project men-tioned above also de-vel-ops a trace-ab
il-ity frame-
 []

[10] <figures/req/traceAnnotationsInMPS.png, id=154, 556.479pt x 536.0025pt>
File: figures/req/traceAnnotationsInMPS.png Graphic file (type png)

<use figures/req/traceAnnotationsInMPS.png> [11 <L:/book/DSLBook/book3-DSLsInSw
Eng/figures/req/traceAnnotationsInMPS.png>])
(L:\book\DSLBook\book3-DSLsInSwEng\02-architecture.ltx [12]
Chapter 2.
[13

] <figures/arch/archlayers.png, id=171, 496.85625pt x 275.8305pt>
File: figures/arch/archlayers.png Graphic file (type png)

<use figures/arch/archlayers.png>
Underfull \vbox (badness 10000) has occurred while \output is active []

 [14 <L:/book/DSLBook/book3-DSLsInSwEng/figures/arch/archlayers.png>] [15] [16]

<figures/arch/aal-1.png, id=188, 633.567pt x 287.27325pt>
File: figures/arch/aal-1.png Graphic file (type png)

<use figures/arch/aal-1.png>
Overfull \hbox (36.46294pt too wide) in paragraph at lines 177--180
 [][] 
 []

<figures/arch/aal-2.png, id=189, 670.9065pt x 87.32625pt>
File: figures/arch/aal-2.png Graphic file (type png)

<use figures/arch/aal-2.png>
Overfull \hbox (56.99971pt too wide) in paragraph at lines 195--198
 [][] 
 []


LaTeX Warning: `h' float specifier changed to `ht'.

<figures/arch/aal-3.png, id=190, 669.09975pt x 216.81pt>
File: figures/arch/aal-3.png Graphic file (type png)

<use figures/arch/aal-3.png>
Overfull \hbox (56.006pt too wide) in paragraph at lines 209--212
 [][] 
 []


Underfull \vbox (badness 10000) has occurred while \output is active []

 [17 <L:/book/DSLBook/book3-DSLsInSwEng/figures/arch/aal-1.png>]
<figures/arch/aal-4.png, id=196, 669.09975pt x 173.448pt>
File: figures/arch/aal-4.png Graphic file (type png)

<use figures/arch/aal-4.png>
Overfull \hbox (56.006pt too wide) in paragraph at lines 221--224
 [][] 
 []

<figures/arch/aal-5.png, id=197, 670.9065pt x 152.36925pt>
File: figures/arch/aal-5.png Graphic file (type png)

<use figures/arch/aal-5.png>
Overfull \hbox (56.99971pt too wide) in paragraph at lines 236--239
 [][] 
 []


LaTeX Warning: `h' float specifier changed to `ht'.


Underfull \vbox (badness 10000) has occurred while \output is active []

 [18 <L:/book/DSLBook/book3-DSLsInSwEng/figures/arch/aal-2.png> <L:/book/DSLBoo
k/book3-DSLsInSwEng/figures/arch/aal-3.png> <L:/book/DSLBook/book3-DSLsInSwEng/
figures/arch/aal-4.png>] <figures/arch/aal-6.png, id=205, 669.702pt x 174.05025
pt>
File: figures/arch/aal-6.png Graphic file (type png)

<use figures/arch/aal-6.png>
Overfull \hbox (56.33723pt too wide) in paragraph at lines 253--256
 [][] 
 []

<figures/arch/aal-7.png, id=206, 669.702pt x 151.767pt>
File: figures/arch/aal-7.png Graphic file (type png)

<use figures/arch/aal-7.png>
Overfull \hbox (56.33723pt too wide) in paragraph at lines 271--274
 [][] 
 []


LaTeX Warning: `h' float specifier changed to `ht'.


Underfull \vbox (badness 10000) has occurred while \output is active []

 [19 <L:/book/DSLBook/book3-DSLsInSwEng/figures/arch/aal-5.png> <L:/book/DSLBoo
k/book3-DSLsInSwEng/figures/arch/aal-6.png>]
<figures/arch/aal-8.png, id=214, 669.09975pt x 325.215pt>
File: figures/arch/aal-8.png Graphic file (type png)

<use figures/arch/aal-8.png>
Overfull \hbox (56.006pt too wide) in paragraph at lines 309--312
 [][] 
 []


LaTeX Warning: `h' float specifier changed to `ht'.

[20 <L:/book/DSLBook/book3-DSLsInSwEng/figures/arch/aal-7.png>]
<figures/arch/aal-9.png, id=220, 670.30424pt x 410.7345pt>
File: figures/arch/aal-9.png Graphic file (type png)

<use figures/arch/aal-9.png>
Overfull \hbox (56.66847pt too wide) in paragraph at lines 332--335
 [][] 
 []


LaTeX Warning: `h' float specifier changed to `ht'.

LaTeX Font Info:    Try loading font information for T1+fvm on input line 339.
(C:\Users\Markus\AppData\Roaming\MiKTeX\2.9\tex\latex\bera\t1fvm.fd
File: t1fvm.fd 2004/09/07 scalable font definitions for T1/fvm.
)
LaTeX Font Info:    Font shape `T1/fvm/m/n' will be
(Font)              scaled to size 8.50006pt on input line 339.

Overfull \hbox (33.02312pt too wide) in paragraph at lines 338--355
\T1/pplj/m/n/10 tion into the reg-is-tered state. In reg-is-tered, you can ei-t
her \T1/fvm/m/n/10 unregisterAircraft
 []

<figures/arch/aal-x1.png, id=221, 669.702pt x 87.32625pt>
File: figures/arch/aal-x1.png Graphic file (type png)

<use figures/arch/aal-x1.png>
Overfull \hbox (56.33723pt too wide) in paragraph at lines 358--361
 [][] 
 []


LaTeX Warning: `h' float specifier changed to `ht'.

<figures/arch/aal-x2.png, id=222, 670.30424pt x 151.767pt>
File: figures/arch/aal-x2.png Graphic file (type png)

<use figures/arch/aal-x2.png>
Overfull \hbox (56.66847pt too wide) in paragraph at lines 369--372
 [][] 
 []


Underfull \vbox (badness 10000) has occurred while \output is active []

 [21 <L:/book/DSLBook/book3-DSLsInSwEng/figures/arch/aal-8.png>]
Underfull \vbox (badness 10000) has occurred while \output is active []

 [22 <L:/book/DSLBook/book3-DSLsInSwEng/figures/arch/aal-9.png> <L:/book/DSLBoo
k/book3-DSLsInSwEng/figures/arch/aal-x1.png> <L:/book/DSLBook/book3-DSLsInSwEng
/figures/arch/aal-x2.png>] <figures/arch/aal-vis.png, id=237, 696.80325pt x 448
.67625pt>
File: figures/arch/aal-vis.png Graphic file (type png)

<use figures/arch/aal-vis.png>
Overfull \hbox (71.24298pt too wide) in paragraph at lines 402--405
 [][] 
 []


Underfull \vbox (badness 10000) has occurred while \output is active []

 [23 <L:/book/DSLBook/book3-DSLsInSwEng/figures/arch/aal-vis.png>]
Overfull \hbox (6.53992pt too wide) in paragraph at lines 420--423
[] []\T1/pplj/m/it/10 Com-po-nent Im-ple-men-ta-tion[] []\T1/pplj/m/n/10 By de-
fault, com-po-nent im-ple-men-ta-tion code
 []


Overfull \hbox (7.51979pt too wide) in paragraph at lines 420--423
\T1/pplj/m/n/10 com-po-si-tion tech-niques such as in-her-i-tance, del-e-ga-tio
n or par-tial classes. 
 []

[24] [25] [26] [27] [28]
LaTeX Font Info:    Font shape `T1/pplj/bx/n' in size <10> not available
(Font)              Font shape `T1/pplj/b/n' tried instead on input line 666.

<figures/arch/viewpoints_type.png, id=272, 1046.7105pt x 358.941pt>
File: figures/arch/viewpoints_type.png Graphic file (type png)

<use figures/arch/viewpoints_type.png>
Overfull \hbox (2.01556pt too wide) in paragraph at lines 674--677
 [][] 
 []

[29 <L:/book/DSLBook/book3-DSLsInSwEng/figures/arch/viewpoints_type.png>]
<figures/arch/viewpoints_data.png, id=281, 970.22475pt x 392.06474pt>
File: figures/arch/viewpoints_data.png Graphic file (type png)

<use figures/arch/viewpoints_data.png>
<figures/arch/viewpoints_comp.png, id=283, 984.0765pt x 607.67026pt>
File: figures/arch/viewpoints_comp.png Graphic file (type png)

<use figures/arch/viewpoints_comp.png> [30 <L:/book/DSLBook/book3-DSLsInSwEng/f
igures/arch/viewpoints_data.png> <L:/book/DSLBook/book3-DSLsInSwEng/figures/arc
h/viewpoints_comp.png>]
<figures/arch/viewpoints_system.png, id=291, 775.09575pt x 324.61275pt>
File: figures/arch/viewpoints_system.png Graphic file (type png)

<use figures/arch/viewpoints_system.png>
<figures/arch/viewpoints_dependencies.png, id=293, 896.148pt x 90.93974pt>
File: figures/arch/viewpoints_dependencies.png Graphic file (type png)

<use figures/arch/viewpoints_dependencies.png> [31 <L:/book/DSLBook/book3-DSLsI
nSwEng/figures/arch/viewpoints_system.png> <L:/book/DSLBook/book3-DSLsInSwEng/f
igures/arch/viewpoints_dependencies.png>]
<figures/arch/viewpoints_persistence.png, id=303, 962.3955pt x 584.78474pt>
File: figures/arch/viewpoints_persistence.png Graphic file (type png)

<use figures/arch/viewpoints_persistence.png> [32 <L:/book/DSLBook/book3-DSLsIn
SwEng/figures/arch/viewpoints_persistence.png>]
<figures/arch/hierarchical.png, id=311, 863.6265pt x 600.44325pt>
File: figures/arch/hierarchical.png Graphic file (type png)

<use figures/arch/hierarchical.png>
Underfull \vbox (badness 10000) has occurred while \output is active []

 [33 <L:/book/DSLBook/book3-DSLsInSwEng/figures/arch/hierarchical.png>]
<figures/arch/async.png, id=317, 823.27576pt x 323.40825pt>
File: figures/arch/async.png Graphic file (type png)

<use figures/arch/async.png>
Overfull \hbox (18.21974pt too wide) in paragraph at lines 860--864
\T1/pplj/m/n/10 need (asyn-chronous) events us-ing a static or dy-namic pub-lis
her/subscriber
 []


Underfull \vbox (badness 10000) has occurred while \output is active []

 [34 <L:/book/DSLBook/book3-DSLsInSwEng/figures/arch/async.png>])
(L:\book\DSLBook\book3-DSLsInSwEng\03-ple.ltx [35] [36

]
Chapter 3.

Overfull \hbox (0.12987pt too wide) in paragraph at lines 16--16
 []\T1/pplj/m/n/10 This pa-per in-ves-ti-gates the ap-pli-ca-tion of domain-spe
cific lan- 
 []

LaTeX Font Info:    Try loading font information for OT1+pplx on input line 26.

(C:\data\javadev\commonTools\miktex-2.9\tex\latex\psnfss\ot1pplx.fd
File: ot1pplx.fd 2004/09/06 font definitions for OT1/pplx.
)
LaTeX Font Info:    Try loading font information for OML+zplm on input line 26.


(C:\data\javadev\commonTools\miktex-2.9\tex\latex\psnfss\omlzplm.fd
File: omlzplm.fd 2002/09/08 Fontinst v1.914 font definitions for OML/zplm.
)
LaTeX Font Info:    Try loading font information for OMS+zplm on input line 26.


(C:\data\javadev\commonTools\miktex-2.9\tex\latex\psnfss\omszplm.fd
File: omszplm.fd 2002/09/08 Fontinst v1.914 font definitions for OMS/zplm.
)
LaTeX Font Info:    Try loading font information for OMX+zplm on input line 26.


(C:\data\javadev\commonTools\miktex-2.9\tex\latex\psnfss\omxzplm.fd
File: omxzplm.fd 2002/09/08 Fontinst v1.914 font definitions for OMX/zplm.
)
LaTeX Font Info:    Try loading font information for OT1+zplm on input line 26.


(C:\data\javadev\commonTools\miktex-2.9\tex\latex\psnfss\ot1zplm.fd
File: ot1zplm.fd 2002/09/08 Fontinst v1.914 font definitions for OT1/zplm.
)
LaTeX Font Info:    Font shape `U/msa/m/n' will be
(Font)              scaled to size 10.42007pt on input line 26.
LaTeX Font Info:    Font shape `U/msa/m/n' will be
(Font)              scaled to size 7.91925pt on input line 26.
LaTeX Font Info:    Font shape `U/msa/m/n' will be
(Font)              scaled to size 6.25204pt on input line 26.
LaTeX Font Info:    Font shape `U/msb/m/n' will be
(Font)              scaled to size 10.42007pt on input line 26.
LaTeX Font Info:    Font shape `U/msb/m/n' will be
(Font)              scaled to size 7.91925pt on input line 26.
LaTeX Font Info:    Font shape `U/msb/m/n' will be
(Font)              scaled to size 6.25204pt on input line 26.
LaTeX Font Info:    Font shape `U/msa/m/n' will be
(Font)              scaled to size 8.33606pt on input line 26.
LaTeX Font Info:    Font shape `U/msa/m/n' will be
(Font)              scaled to size 5.21004pt on input line 26.
LaTeX Font Info:    Font shape `U/msb/m/n' will be
(Font)              scaled to size 8.33606pt on input line 26.
LaTeX Font Info:    Font shape `U/msb/m/n' will be
(Font)              scaled to size 5.21004pt on input line 26.

Underfull \hbox (badness 10000) in paragraph at lines 26--26
$[]$[]\T1/pplj/m/n/8 D. Beuche, H. Pa-pa-jew-ski, and
 []


Underfull \hbox (badness 1210) in paragraph at lines 26--26
\T1/pplj/m/n/8 W. Schrder-Preikschat.  Vari-abil-ity
 []


Package natbib Warning: Citation `Roos-Frantz09' undefined on input line 28.


Package natbib Warning: Citation `DhunganaRGLF07' undefined on input line 28.


LaTeX Warning: Marginpar on page 37 moved.


LaTeX Warning: Marginpar on page 37 moved.


LaTeX Warning: Marginpar on page 37 moved.


LaTeX Warning: Marginpar on page 37 moved.


LaTeX Warning: Marginpar on page 37 moved.

[37] [38]

Package natbib Warning: Citation `Batory05' undefined on input line 107.


Package natbib Warning: Citation `CzarneckiW07' undefined on input line 107.


Package natbib Warning: Citation `MendoncaWC09' undefined on input line 112.


Package natbib Warning: Citation `WhiteBSTDC10' undefined on input line 114.


LaTeX Warning: Marginpar on page 39 moved.


LaTeX Warning: Marginpar on page 39 moved.


LaTeX Warning: Marginpar on page 39 moved.


LaTeX Warning: Marginpar on page 39 moved.


LaTeX Warning: Marginpar on page 39 moved.


LaTeX Warning: Marginpar on page 39 moved.

<figures/ple/exfeaturemodel.png, id=349, 258.9675pt x 110.21175pt>
File: figures/ple/exfeaturemodel.png Graphic file (type png)

<use figures/ple/exfeaturemodel.png> [39]
Overfull \hbox (2.70976pt too wide) in paragraph at lines 144--157
\T1/pplj/m/n/10 tain's be-haviour de-ter-mines how much wa-ter each pump should
 pump,
 []


Package natbib Warning: Citation `CzarneckiHE05' undefined on input line 163.


LaTeX Warning: Marginpar on page 40 moved.

LaTeX Font Info:    Font shape `T1/fvm/m/n' will be
(Font)              scaled to size 6.80005pt on input line 169.
[40 <L:/book/DSLBook/book3-DSLsInSwEng/figures/ple/exfeaturemodel.png>]

Package natbib Warning: Citation `CzarneckiHE05' undefined on input line 202.

pdfTeX warning (ext4): destination with the same identifier (name{cite.Czarneck
iHE05}) has been already used, duplicate ignored
<to be read again> 
                   \relax 
l.202 in \cite{CzarneckiHE05}
                             . Nesting is necessary to model tree structures...

LaTeX Warning: Marginpar on page 41 moved.

<figures/ple/exfeaturemodel_extended.png, id=366, 366.168pt x 381.8265pt>
File: figures/ple/exfeaturemodel_extended.png Graphic file (type png)

<use figures/ple/exfeaturemodel_extended.png>
<figures/ple/exfeaturemodel_extended_inst.png, id=369, 416.757pt x 354.123pt>
File: figures/ple/exfeaturemodel_extended_inst.png Graphic file (type png)

<use figures/ple/exfeaturemodel_extended_inst.png> [41] [42 <L:/book/DSLBook/bo
ok3-DSLsInSwEng/figures/ple/exfeaturemodel_extended.png> <L:/book/DSLBook/book3
-DSLsInSwEng/figures/ple/exfeaturemodel_extended_inst.png>]
Overfull \hbox (1.87982pt too wide) in paragraph at lines 336--347
\T1/pplj/m/n/10 pro-gram-ming lan-guages, DSLs, sup-port \T1/pplj/m/it/10 con-s
truc-tion\T1/pplj/m/n/10 , al-low-ing the com-
 []

[43]
Overfull \hbox (2.30975pt too wide) in paragraph at lines 387--394
\T1/pplj/m/n/10 Open Source ex-am-ples in-clude Eclipse Xtext (http://eclipse.o
rg/xtext),
 []


Overfull \hbox (113.45897pt too wide) in paragraph at lines 387--394
\T1/pplj/m/n/10 Spoofax (http://strategoxt.org/Spoofax) and Jet-Brains MPS (htt
p://www.jetbrains.com/mps/). 
 []


LaTeX Warning: Marginpar on page 44 moved.

[44]

Package natbib Warning: Citation `CzarneckiA05' undefined on input line 450.


LaTeX Warning: Marginpar on page 45 moved.


Package natbib Warning: Citation `AJTK:ICMT09' undefined on input line 460.


LaTeX Warning: Marginpar on page 45 moved.


Package natbib Warning: Citation `VolterG07' undefined on input line 466.


LaTeX Warning: Marginpar on page 45 moved.

<figures/ple/mbi.png, id=394, 357.13425pt x 121.6545pt>
File: figures/ple/mbi.png Graphic file (type png)

<use figures/ple/mbi.png> [45] [46 <L:/book/DSLBook/book3-DSLsInSwEng/figures/p
le/mbi.png>]
Overfull \hbox (1.36984pt too wide) in paragraph at lines 502--508
[][]\T1/pplj/m/it/10 Positive Vari-abil-ity via Su-per-im-po-si-tion \T1/pplj/m
/n/10 Trans-for-ma-tions or in-ter-preters
 []


Overfull \hbox (85.43646pt too wide) in paragraph at lines 509--514
\T1/pplj/m/n/10 ment. For ex-am-ple, the Xpand code gen-er-a-tion en-gine (http
://wiki.eclipse.org/Xpand)
 []


Package natbib Warning: Citation `VoelterGroher2007' undefined on input line 51
9.


LaTeX Warning: Marginpar on page 47 moved.


LaTeX Warning: Marginpar on page 47 moved.


Package natbib Warning: Citation `OldevikH07' undefined on input line 525.


LaTeX Warning: Marginpar on page 47 moved.

[47]

Package natbib Warning: Citation `CzarneckiHE05' undefined on input line 560.

pdfTeX warning (ext4): destination with the same identifier (name{cite.Czarneck
iHE05}) has been already used, duplicate ignored
<to be read again> 
                   \relax 
l.560 ...based feature models \cite{CzarneckiHE05}
                                                   support the

LaTeX Warning: Marginpar on page 48 moved.


Package natbib Warning: Citation `291' undefined on input line 566.


Overfull \hbox (68.71983pt too wide) in paragraph at lines 566--571
\T1/pplj/m/n/10 tkiewicz' \T1/pplj/m/it/10 Con-cept Mod-el-ing Us-ing Clafer \T
1/pplj/m/n/10 tu-to-rial at http://gsd.uwaterloo.ca/node/310). 
 []


LaTeX Warning: Marginpar on page 48 moved.

[48] <figures/ple/mpsvar.png, id=425, 582.175pt x 280.04625pt>
File: figures/ple/mpsvar.png Graphic file (type png)

<use figures/ple/mpsvar.png>
Underfull \hbox (badness 5802) in paragraph at lines 650--650
$[]$[]\T1/pplj/m/n/8 W. Ji-ra-pan-thong and A. Zis-man.
 []


Underfull \hbox (badness 1057) in paragraph at lines 650--650
\T1/pplj/m/n/8 Sup-port-ing prod-uct line de-vel-op-ment
 []


Overfull \hbox (9.2591pt too wide) in paragraph at lines 649--660
\T1/pplj/m/n/10 the VERDE project (http://www.itea-verde.org/) de-vel-ops gener
ic trace-
 []


LaTeX Warning: Marginpar on page 49 moved.

[49] [50 <L:/book/DSLBook/book3-DSLsInSwEng/figures/ple/mpsvar.png (PNG copy)>]

LaTeX Warning: Marginpar on page 51 moved.

<figures/ple/alarmmenus.png, id=438, 594.22pt x 563.10374pt>
File: figures/ple/alarmmenus.png Graphic file (type png)

<use figures/ple/alarmmenus.png>
Overfull \hbox (5.37917pt too wide) in paragraph at lines 711--715
[][]\T1/pplj/m/n/10 While the DSL is rel-a-tively sim-ple, it plays an im-por-t
ant role nonethe-
 []

[51] [52 <L:/book/DSLBook/book3-DSLsInSwEng/figures/ple/alarmmenus.png (PNG cop
y)>] <figures/ple/bsh-appl.png, id=451, 435.6275pt x 318.18875pt>
File: figures/ple/bsh-appl.png Graphic file (type png)

<use figures/ple/bsh-appl.png>
<figures/ple/bsh-cool.png, id=453, 637.38126pt x 509.905pt>
File: figures/ple/bsh-cool.png Graphic file (type png)

<use figures/ple/bsh-cool.png>
Overfull \hbox (2.70987pt too wide) in paragraph at lines 774--778
\T1/pplj/m/n/10 ing be-hav-ior, an ex-am-ple of neg-a-tive vari-abil-ity of a m
odel (Sec-tion []3.3[]).
 []


Overfull \hbox (2.30983pt too wide) in paragraph at lines 774--778
\T1/pplj/m/n/10 hard-ware com-po-nents are in-stalled in the foun-tain, as show
n in Fig. []3.9[]. 
 []

[53 <L:/book/DSLBook/book3-DSLsInSwEng/figures/ple/bsh-appl.png (PNG copy)>]
[54 <L:/book/DSLBook/book3-DSLsInSwEng/figures/ple/bsh-cool.png (PNG copy)>]
<figures/ple/bsh-cool2.png, id=465, 311.9655pt x 154.77824pt>
File: figures/ple/bsh-cool2.png Graphic file (type png)

<use figures/ple/bsh-cool2.png>

Package natbib Warning: Citation `Volter10' undefined on input line 806.


Package natbib Warning: Citation `GokhaleBKBEDTPS08' undefined on input line 80
6.


Package natbib Warning: Citation `BalasubramanianS08' undefined on input line 8
13.


LaTeX Warning: Marginpar on page 55 moved.


LaTeX Warning: Marginpar on page 55 moved.


Package natbib Warning: Citation `Volter10' undefined on input line 821.


LaTeX Warning: Marginpar on page 55 moved.

<figures/ple/archdslvar2.png, id=467, 779.91376pt x 428.60126pt>
File: figures/ple/archdslvar2.png Graphic file (type png)

<use figures/ple/archdslvar2.png>
Underfull \vbox (badness 10000) has occurred while \output is active []

 [55pdfTeX warning (ext4): destination with the same identifier (name{cite.Volt
er10}) has been already used, duplicate ignored

\AtBegShi@Output ...ipout \box \AtBeginShipoutBox 
                                                  \fi \fi 
l.849 
       <L:/book/DSLBook/book3-DSLsInSwEng/figures/ple/bsh-cool2.png>] [56 <L:/b
ook/DSLBook/book3-DSLsInSwEng/figures/ple/archdslvar2.png (PNG copy)>]
Overfull \hbox (7.4165pt too wide) in paragraph at lines 860--864
\T1/pplj/m/n/10 bind-ing the vari-a-tion point. This ranges from set-ting a sim
-ple Boolean
 []

[57]pdfTeX warning (ext4): destination with the same identifier (name{cite.Voel
terSolomatov2010}) has been already used, duplicate ignored
<to be read again> 
                   \relax 
l.933 ...sV10} and MPS \cite{VoelterSolomatov2010}
                                                  .

LaTeX Warning: Marginpar on page 58 moved.


LaTeX Warning: Marginpar on page 58 moved.


LaTeX Warning: Marginpar on page 58 moved.


Package natbib Warning: Citation `Voelter2009' undefined on input line 952.


Package natbib Warning: Citation `CzarneckiAK06' undefined on input line 952.


Package natbib Warning: Citation `Voelter2009' undefined on input line 956.


Underfull \vbox (badness 3250) has occurred while \output is active []

 [58]

LaTeX Warning: Marginpar on page 59 moved.


LaTeX Warning: Marginpar on page 59 moved.

[59pdfTeX warning (ext4): destination with the same identifier (name{cite.Voelt
er2009}) has been already used, duplicate ignored

\AtBegShi@Output ...ipout \box \AtBeginShipoutBox 
                                                  \fi \fi 
l.994 
      ]
Underfull \vbox (badness 1122) has occurred while \output is active []

 [60]))
(L:\book\DSLBook\book3-DSLsInSwEng\doc.bbl)

Package natbib Warning: There were undefined citations.

Package atveryend Info: Empty hook `BeforeClearDocument' on input line 109.
[61]
Package atveryend Info: Empty hook `AfterLastShipout' on input line 109.
 (L:\book\DSLBook\book3-DSLsInSwEng\doc.aux)
Package atveryend Info: Executing hook `AtVeryEndDocument' on input line 109.
Package rerunfilecheck Info: File `doc.out' has not changed.
(rerunfilecheck)             Checksum: 46D6736CEA2655AC45A4B7D259D898C3;3938.
 ) 
Here is how much of TeX's memory you used:
 13058 strings out of 494019
 190752 string characters out of 3141699
 343986 words of memory out of 3000000
 15838 multiletter control sequences out of 15000+200000
 75819 words of font info for 109 fonts, out of 3000000 for 9000
 714 hyphenation exceptions out of 8191
 42i,12n,45p,316b,1399s stack positions out of 5000i,500n,10000p,200000b,50000s
{C:/data/javadev/commonTools/miktex-2.9/fonts/enc/dvips/fontname/8r.enc}<C:/U
sers/Markus/AppData/Roaming/MiKTeX/2.9/fonts/type1/public/fpl/fplrc8a.pfb><C:/U
sers/Markus/AppData/Roaming/MiKTeX/2.9/fonts/type1/public/fpl/fplrij8a.pfb><C:/
Users/Markus/AppData/Roaming/MiKTeX/2.9/fonts/type1/bera/fvmr8a.pfb><C:/data/ja
vadev/commonTools/miktex-2.9/fonts/type1/urw/helvetic/uhvr8a.pfb><C:/data/javad
ev/commonTools/miktex-2.9/fonts/type1/urw/palatino/uplb8a.pfb><C:/data/javadev/
commonTools/miktex-2.9/fonts/type1/urw/palatino/uplr8a.pfb><C:/data/javadev/com
monTools/miktex-2.9/fonts/type1/urw/palatino/uplri8a.pfb>
Output written on doc.pdf (61 pages, 1903180 bytes).
PDF statistics:
 570 PDF objects out of 1000 (max. 8388607)
 147 named destinations out of 1000 (max. 500000)
 2907 words of extra memory for PDF output out of 10000 (max. 10000000)

