This is pdfTeX, Version 3.1415926-2.3-1.40.12 (TeX Live 2011) (format=pdflatex 2011.7.3)  9 JAN 2012 20:50
entering extended mode
 restricted \write18 enabled.
 Source specials enabled.
 %&-line parsing enabled.
**doc.tex
(./doc.tex
LaTeX2e <2009/09/24>
Babel <v3.8l> and hyphenation patterns for english, dumylang, nohyphenation, ge
rman-x-2009-06-19, ngerman-x-2009-06-19, afrikaans, ancientgreek, ibycus, arabi
c, armenian, basque, bulgarian, catalan, pinyin, coptic, croatian, czech, danis
h, dutch, ukenglish, usenglishmax, esperanto, estonian, ethiopic, farsi, finnis
h, french, galician, german, ngerman, swissgerman, monogreek, greek, hungarian,
 icelandic, assamese, bengali, gujarati, hindi, kannada, malayalam, marathi, or
iya, panjabi, tamil, telugu, indonesian, interlingua, irish, italian, kurmanji,
 lao, latin, latvian, lithuanian, mongolian, mongolianlmc, bokmal, nynorsk, pol
ish, portuguese, romanian, russian, sanskrit, serbian, serbianc, slovak, sloven
ian, spanish, swedish, turkish, turkmen, ukrainian, uppersorbian, welsh, loaded
.
(./tufte-book.cls
Document Class: tufte-book 2009/12/11 v3.5.0 Tufte-book class
(./tufte-common.def
File: tufte-common.def 2009/12/11 v3.5.0 Common code for the Tufte-LaTeX styles


(/usr/local/texlive/2011/texmf-dist/tex/latex/xkeyval/xkeyval.sty
Package: xkeyval 2008/08/13 v2.6a package option processing (HA)

(/usr/local/texlive/2011/texmf-dist/tex/generic/xkeyval/xkeyval.tex
\XKV@toks=\toks14
\XKV@tempa@toks=\toks15
\XKV@depth=\count79
File: xkeyval.tex 2008/08/13 v2.6a key=value parser (HA)

(/usr/local/texlive/2011/texmf-dist/tex/generic/xkeyval/keyval.tex)))
(/usr/local/texlive/2011/texmf-dist/tex/latex/xifthen/xifthen.sty
Package: xifthen 2009/04/17 v1.3 Extended ifthen features

(/usr/local/texlive/2011/texmf-dist/tex/latex/etex-pkg/etex.sty
Package: etex 1998/03/26 v2.0 eTeX basic definition package (PEB)
\et@xins=\count80
)
(/usr/local/texlive/2011/texmf-dist/tex/latex/tools/calc.sty
Package: calc 2007/08/22 v4.3 Infix arithmetic (KKT,FJ)
\calc@Acount=\count81
\calc@Bcount=\count82
\calc@Adimen=\dimen102
\calc@Bdimen=\dimen103
\calc@Askip=\skip41
\calc@Bskip=\skip42
LaTeX Info: Redefining \setlength on input line 76.
LaTeX Info: Redefining \addtolength on input line 77.
\calc@Ccount=\count83
\calc@Cskip=\skip43
)
(/usr/local/texlive/2011/texmf-dist/tex/latex/base/ifthen.sty
Package: ifthen 2001/05/26 v1.1c Standard LaTeX ifthen package (DPC)
)
(/usr/local/texlive/2011/texmf-dist/tex/latex/ifmtarg/ifmtarg.sty
Package: ifmtarg 2009/09/02 v1.2a check for an empty argument
))
Class tufte-book Info: Loading the base class `book'.

(/usr/local/texlive/2011/texmf-dist/tex/latex/base/book.cls
Document Class: book 2007/10/19 v1.4h Standard LaTeX document class
(/usr/local/texlive/2011/texmf-dist/tex/latex/base/bk10.clo
File: bk10.clo 2007/10/19 v1.4h Standard LaTeX file (size option)
)
\c@part=\count84
\c@chapter=\count85
\c@section=\count86
\c@subsection=\count87
\c@subsubsection=\count88
\c@paragraph=\count89
\c@subparagraph=\count90
\c@figure=\count91
\c@table=\count92
\abovecaptionskip=\skip44
\belowcaptionskip=\skip45
\bibindent=\dimen104
)
(/usr/local/texlive/2011/texmf-dist/tex/generic/oberdiek/ifpdf.sty
Package: ifpdf 2011/01/30 v2.3 Provides the ifpdf switch (HO)
Package ifpdf Info: pdfTeX in PDF mode is detected.
)
(/usr/local/texlive/2011/texmf-dist/tex/generic/ifxetex/ifxetex.sty
Package: ifxetex 2010/09/12 v0.6 Provides ifxetex conditional
)
(/usr/local/texlive/2011/texmf-dist/tex/latex/titlesec/titlesec.sty
Package: titlesec 2007/08/12 v2.8 Sectioning titles
\ttl@box=\box26
\beforetitleunit=\skip46
\aftertitleunit=\skip47
\ttl@plus=\dimen105
\ttl@minus=\dimen106
\ttl@toksa=\toks16
\titlewidth=\dimen107
\titlewidthlast=\dimen108
\titlewidthfirst=\dimen109
)
(/usr/local/texlive/2011/texmf-dist/tex/latex/titlesec/titletoc.sty
Package: titletoc 2007/08/12 v1.6 TOC entries
\ttl@leftsep=\dimen110
)
(/usr/local/texlive/2011/texmf-dist/tex/latex/hyperref/hyperref.sty
Package: hyperref 2011/04/17 v6.82g Hypertext links for LaTeX

(/usr/local/texlive/2011/texmf-dist/tex/generic/oberdiek/hobsub-hyperref.sty
Package: hobsub-hyperref 2011/04/23 v1.4 Bundle oberdiek, subset hyperref (HO)

(/usr/local/texlive/2011/texmf-dist/tex/generic/oberdiek/hobsub-generic.sty
Package: hobsub-generic 2011/04/23 v1.4 Bundle oberdiek, subset generic (HO)
Package: hobsub 2011/04/23 v1.4 Subsetting bundle oberdiek (HO)
Package: infwarerr 2010/04/08 v1.3 Providing info/warning/message (HO)
Package: ltxcmds 2011/04/18 v1.20 LaTeX kernel commands for general use (HO)
Package: ifluatex 2010/03/01 v1.3 Provides the ifluatex switch (HO)
Package ifluatex Info: LuaTeX not detected.
Package: ifvtex 2010/03/01 v1.5 Switches for detecting VTeX and its modes (HO)
Package ifvtex Info: VTeX not detected.
Package: intcalc 2007/09/27 v1.1 Expandable integer calculations (HO)
Package hobsub Info: Skipping package `ifpdf' (already loaded).
Package: etexcmds 2011/02/16 v1.5 Prefix for e-TeX command names (HO)
Package etexcmds Info: Could not find \expanded.
(etexcmds)             That can mean that you are not using pdfTeX 1.50 or
(etexcmds)             that some package has redefined \expanded.
(etexcmds)             In the latter case, load this package earlier.
Package: kvsetkeys 2011/04/07 v1.13 Key value parser (HO)
Package: kvdefinekeys 2011/04/07 v1.3 Defining keys (HO)
Package: pdftexcmds 2011/04/22 v0.16 Utilities of pdfTeX for LuaTeX (HO)
Package pdftexcmds Info: LuaTeX not detected.
Package pdftexcmds Info: \pdf@primitive is available.
Package pdftexcmds Info: \pdf@ifprimitive is available.
Package pdftexcmds Info: \pdfdraftmode found.
Package: pdfescape 2011/04/04 v1.12 Provides string conversions (HO)
Package: bigintcalc 2011/01/30 v1.2 Expandable big integer calculations (HO)
Package: bitset 2011/01/30 v1.1 Data type bit set (HO)
Package: uniquecounter 2011/01/30 v1.2 Provides unlimited unique counter (HO)
)
Package hobsub Info: Skipping package `hobsub' (already loaded).
Package: letltxmacro 2010/09/02 v1.4 Let assignment for LaTeX macros (HO)
Package: hopatch 2011/01/30 v1.0 Wrapper for package hooks (HO)
Package: xcolor-patch 2011/01/30 xcolor patch
Package: atveryend 2011/04/23 v1.7 Hooks at very end of document (HO)
Package atveryend Info: \enddocument detected (standard).
Package: atbegshi 2011/01/30 v1.15 At begin shipout hook (HO)
Package: refcount 2010/12/01 v3.2 Data extraction from references (HO)
Package: hycolor 2011/01/30 v1.7 Color options of hyperref/bookmark (HO)
)
(/usr/local/texlive/2011/texmf-dist/tex/latex/oberdiek/kvoptions.sty
Package: kvoptions 2010/12/23 v3.10 Keyval support for LaTeX options (HO)
)
\@linkdim=\dimen111
\Hy@linkcounter=\count93
\Hy@pagecounter=\count94

(/usr/local/texlive/2011/texmf-dist/tex/latex/hyperref/pd1enc.def
File: pd1enc.def 2011/04/17 v6.82g Hyperref: PDFDocEncoding definition (HO)
)
\Hy@SavedSpaceFactor=\count95

(/usr/local/texlive/2011/texmf-dist/tex/latex/latexconfig/hyperref.cfg
File: hyperref.cfg 2002/06/06 v1.2 hyperref configuration of TeXLive
)
Package hyperref Info: Option `unicode' set `true' on input line 3905.

(/usr/local/texlive/2011/texmf-dist/tex/latex/hyperref/puenc.def
File: puenc.def 2011/04/17 v6.82g Hyperref: PDF Unicode definition (HO)
)
Package hyperref Info: Option `hyperfootnotes' set `false' on input line 3905.
Package hyperref Info: Hyper figures OFF on input line 4026.
Package hyperref Info: Link nesting OFF on input line 4031.
Package hyperref Info: Hyper index ON on input line 4034.
Package hyperref Info: Plain pages OFF on input line 4041.
Package hyperref Info: Backreferencing OFF on input line 4046.
Package hyperref Info: Implicit mode ON; LaTeX internals redefined.
Package hyperref Info: Bookmarks ON on input line 4264.
\c@Hy@tempcnt=\count96

(/usr/local/texlive/2011/texmf-dist/tex/latex/url/url.sty
\Urlmuskip=\muskip10
Package: url 2006/04/12  ver 3.3  Verb mode for urls, etc.
)
LaTeX Info: Redefining \url on input line 4617.
\Fld@menulength=\count97
\Field@Width=\dimen112
\Fld@charsize=\dimen113
Package hyperref Info: Hyper figures OFF on input line 5701.
Package hyperref Info: Link nesting OFF on input line 5706.
Package hyperref Info: Hyper index ON on input line 5709.
Package hyperref Info: backreferencing OFF on input line 5716.
Package hyperref Info: Link coloring OFF on input line 5721.
Package hyperref Info: Link coloring with OCG OFF on input line 5726.
Package hyperref Info: PDF/A mode OFF on input line 5731.
LaTeX Info: Redefining \ref on input line 5771.
LaTeX Info: Redefining \pageref on input line 5775.
\Hy@abspage=\count98
\c@Item=\count99
)

Package hyperref Message: Driver (autodetected): hpdftex.

(/usr/local/texlive/2011/texmf-dist/tex/latex/hyperref/hpdftex.def
File: hpdftex.def 2011/04/17 v6.82g Hyperref driver for pdfTeX
\Fld@listcount=\count100
\c@bookmark@seq@number=\count101

(/usr/local/texlive/2011/texmf-dist/tex/latex/oberdiek/rerunfilecheck.sty
Package: rerunfilecheck 2011/04/15 v1.7 Rerun checks for auxiliary files (HO)
Package uniquecounter Info: New unique counter `rerunfilecheck' on input line 2
82.
)
\Hy@SectionHShift=\skip48
)

Package hyperref Warning: Option `pagecolor' is not available anymore.

(/usr/local/texlive/2011/texmf-dist/tex/latex/ms/ragged2e.sty
Package: ragged2e 2009/05/21 v2.1 ragged2e Package (MS)

(/usr/local/texlive/2011/texmf-dist/tex/latex/ms/everysel.sty
Package: everysel 2009/05/30 v1.1 EverySelectfont Package (MS)
)
\CenteringLeftskip=\skip49
\RaggedLeftLeftskip=\skip50
\RaggedRightLeftskip=\skip51
\CenteringRightskip=\skip52
\RaggedLeftRightskip=\skip53
\RaggedRightRightskip=\skip54
\CenteringParfillskip=\skip55
\RaggedLeftParfillskip=\skip56
\RaggedRightParfillskip=\skip57
\JustifyingParfillskip=\skip58
\CenteringParindent=\skip59
\RaggedLeftParindent=\skip60
\RaggedRightParindent=\skip61
\JustifyingParindent=\skip62
)
(/usr/local/texlive/2011/texmf-dist/tex/latex/geometry/geometry.sty
Package: geometry 2010/09/12 v5.6 Page Geometry
\Gm@cnth=\count102
\Gm@cntv=\count103
\c@Gm@tempcnt=\count104
\Gm@bindingoffset=\dimen114
\Gm@wd@mp=\dimen115
\Gm@odd@mp=\dimen116
\Gm@even@mp=\dimen117
\Gm@layoutwidth=\dimen118
\Gm@layoutheight=\dimen119
\Gm@layouthoffset=\dimen120
\Gm@layoutvoffset=\dimen121
\Gm@dimlist=\toks17
)
(/usr/local/texlive/2011/texmf-dist/tex/latex/changepage/changepage.sty
Package: changepage 2009/10/20 v1.0c check page and change page layout
\c@cp@cntr=\count105
\cp@tempcnt=\count106
)
\@tufte@overhang=\skip63
\@tufte@fullwidth=\skip64
\@tufte@caption@fill=\skip65

(/usr/local/texlive/2011/texmf-dist/tex/latex/paralist/paralist.sty
Package: paralist 2002/03/18 v2.3b Extended list environments (BS)
\pltopsep=\skip66
\plpartopsep=\skip67
\plitemsep=\skip68
\plparsep=\skip69
\pl@lab=\toks18
)
(/usr/local/texlive/2011/texmf-dist/tex/latex/textcase/textcase.sty
Package: textcase 2004/10/07 v0.07 Text only upper/lower case changing (DPC)
)
(/usr/local/texlive/2011/texmf-dist/tex/latex/microtype/letterspace.sty
Package: letterspace 2010/01/10 v2.4 Robust letterspacing (RS)
LaTeX Info: Redefining \lsstyle on input line 277.
LaTeX Info: Redefining \lslig on input line 278.
LaTeX Info: Redefining \textls on input line 303.
\MT@outer@kern=\dimen122
)
(/usr/local/texlive/2011/texmf-dist/tex/latex/setspace/setspace.sty
Package: setspace 2000/12/01 6.7 Contributed and Supported LaTeX2e package

Package: `setspace' 6.7 <2000/12/01>
) (/usr/local/texlive/2011/texmf-dist/tex/latex/natbib/natbib.sty
Package: natbib 2010/09/13 8.31b (PWD, AO)
\bibhang=\skip70
\bibsep=\skip71
LaTeX Info: Redefining \cite on input line 694.
\c@NAT@ctr=\count107
)
(/usr/local/texlive/2011/texmf-dist/tex/latex/natbib/bibentry.sty
Package: bibentry 2007/10/30 1.5 (PWD)
)
No file doc.bbl.
\c@@tufte@num@bibkeys=\count108
(/usr/local/texlive/2011/texmf-dist/tex/latex/sauerj/optparams.sty
Package: optparams 2004/08/14 v0.9 multiple optional parameters in macros
)
\@tufte@sidenote@vertical@offset=\skip72

(/usr/local/texlive/2011/texmf-dist/tex/latex/placeins/placeins.sty
Package: placeins 2005/04/18  v 2.2
)
\@tufte@margin@floatbox=\box27
\@tufte@figure@box=\box28
\@tufte@caption@box=\box29
\@tufte@caption@vertical@offset=\skip73
\@tufte@float@contents@width=\skip74

(/usr/local/texlive/2011/texmf-dist/tex/latex/psnfss/mathpazo.sty
Package: mathpazo 2005/04/12 PSNFSS-v9.2a Palatino w/ Pazo Math (D.Puga, WaS) 
\symupright=\mathgroup4
)
(/usr/local/texlive/2011/texmf-dist/tex/latex/psnfss/helvet.sty
Package: helvet 2005/04/12 PSNFSS-v9.2a (WaS) 
)
(/usr/local/texlive/2011/texmf-dist/tex/latex/bera/beramono.sty
Package: beramono 2004/01/31 (WaS)
)
(/usr/local/texlive/2011/texmf-dist/tex/latex/base/fontenc.sty
Package: fontenc 2005/09/27 v1.99g Standard LaTeX package

(/usr/local/texlive/2011/texmf-dist/tex/latex/base/t1enc.def
File: t1enc.def 2005/09/27 v1.99g Standard LaTeX file
LaTeX Font Info:    Redeclaring font encoding T1 on input line 43.
))
(/usr/local/texlive/2011/texmf-dist/tex/latex/base/textcomp.sty
Package: textcomp 2005/09/27 v1.99g Standard LaTeX package
Package textcomp Info: Sub-encoding information:
(textcomp)               5 = only ISO-Adobe without \textcurrency
(textcomp)               4 = 5 + \texteuro
(textcomp)               3 = 4 + \textohm
(textcomp)               2 = 3 + \textestimated + \textcurrency
(textcomp)               1 = TS1 - \textcircled - \t
(textcomp)               0 = TS1 (full)
(textcomp)             Font families with sub-encoding setting implement
(textcomp)             only a restricted character set as indicated.
(textcomp)             Family '?' is the default used for unknown fonts.
(textcomp)             See the documentation for details.
Package textcomp Info: Setting ? sub-encoding to TS1/1 on input line 71.

(/usr/local/texlive/2011/texmf-dist/tex/latex/base/ts1enc.def
File: ts1enc.def 2001/06/05 v3.0e (jk/car/fm) Standard LaTeX file
)
LaTeX Info: Redefining \oldstylenums on input line 266.
Package textcomp Info: Setting cmr sub-encoding to TS1/0 on input line 281.
Package textcomp Info: Setting cmss sub-encoding to TS1/0 on input line 282.
Package textcomp Info: Setting cmtt sub-encoding to TS1/0 on input line 283.
Package textcomp Info: Setting cmvtt sub-encoding to TS1/0 on input line 284.
Package textcomp Info: Setting cmbr sub-encoding to TS1/0 on input line 285.
Package textcomp Info: Setting cmtl sub-encoding to TS1/0 on input line 286.
Package textcomp Info: Setting ccr sub-encoding to TS1/0 on input line 287.
Package textcomp Info: Setting ptm sub-encoding to TS1/4 on input line 288.
Package textcomp Info: Setting pcr sub-encoding to TS1/4 on input line 289.
Package textcomp Info: Setting phv sub-encoding to TS1/4 on input line 290.
Package textcomp Info: Setting ppl sub-encoding to TS1/3 on input line 291.
Package textcomp Info: Setting pag sub-encoding to TS1/4 on input line 292.
Package textcomp Info: Setting pbk sub-encoding to TS1/4 on input line 293.
Package textcomp Info: Setting pnc sub-encoding to TS1/4 on input line 294.
Package textcomp Info: Setting pzc sub-encoding to TS1/4 on input line 295.
Package textcomp Info: Setting bch sub-encoding to TS1/4 on input line 296.
Package textcomp Info: Setting put sub-encoding to TS1/5 on input line 297.
Package textcomp Info: Setting uag sub-encoding to TS1/5 on input line 298.
Package textcomp Info: Setting ugq sub-encoding to TS1/5 on input line 299.
Package textcomp Info: Setting ul8 sub-encoding to TS1/4 on input line 300.
Package textcomp Info: Setting ul9 sub-encoding to TS1/4 on input line 301.
Package textcomp Info: Setting augie sub-encoding to TS1/5 on input line 302.
Package textcomp Info: Setting dayrom sub-encoding to TS1/3 on input line 303.
Package textcomp Info: Setting dayroms sub-encoding to TS1/3 on input line 304.

Package textcomp Info: Setting pxr sub-encoding to TS1/0 on input line 305.
Package textcomp Info: Setting pxss sub-encoding to TS1/0 on input line 306.
Package textcomp Info: Setting pxtt sub-encoding to TS1/0 on input line 307.
Package textcomp Info: Setting txr sub-encoding to TS1/0 on input line 308.
Package textcomp Info: Setting txss sub-encoding to TS1/0 on input line 309.
Package textcomp Info: Setting txtt sub-encoding to TS1/0 on input line 310.
Package textcomp Info: Setting futs sub-encoding to TS1/4 on input line 311.
Package textcomp Info: Setting futx sub-encoding to TS1/4 on input line 312.
Package textcomp Info: Setting futj sub-encoding to TS1/4 on input line 313.
Package textcomp Info: Setting hlh sub-encoding to TS1/3 on input line 314.
Package textcomp Info: Setting hls sub-encoding to TS1/3 on input line 315.
Package textcomp Info: Setting hlst sub-encoding to TS1/3 on input line 316.
Package textcomp Info: Setting hlct sub-encoding to TS1/5 on input line 317.
Package textcomp Info: Setting hlx sub-encoding to TS1/5 on input line 318.
Package textcomp Info: Setting hlce sub-encoding to TS1/5 on input line 319.
Package textcomp Info: Setting hlcn sub-encoding to TS1/5 on input line 320.
Package textcomp Info: Setting hlcw sub-encoding to TS1/5 on input line 321.
Package textcomp Info: Setting hlcf sub-encoding to TS1/5 on input line 322.
Package textcomp Info: Setting pplx sub-encoding to TS1/3 on input line 323.
Package textcomp Info: Setting pplj sub-encoding to TS1/3 on input line 324.
Package textcomp Info: Setting ptmx sub-encoding to TS1/4 on input line 325.
Package textcomp Info: Setting ptmj sub-encoding to TS1/4 on input line 326.
)
(/usr/local/texlive/2011/texmf-dist/tex/latex/fancyhdr/fancyhdr.sty
\fancy@headwidth=\skip75
\f@ncyO@elh=\skip76
\f@ncyO@erh=\skip77
\f@ncyO@olh=\skip78
\f@ncyO@orh=\skip79
\f@ncyO@elf=\skip80
\f@ncyO@erf=\skip81
\f@ncyO@olf=\skip82
\f@ncyO@orf=\skip83
)
(/usr/local/texlive/2011/texmf-dist/tex/latex/xcolor/xcolor.sty
Package: xcolor 2007/01/21 v2.11 LaTeX color extensions (UK)

(/usr/local/texlive/2011/texmf-dist/tex/latex/latexconfig/color.cfg
File: color.cfg 2007/01/18 v1.5 color configuration of teTeX/TeXLive
)
Package xcolor Info: Package option `usenames' ignored on input line 216.
Package xcolor Info: Driver file: pdftex.def on input line 225.

(/usr/local/texlive/2011/texmf-dist/tex/latex/pdftex-def/pdftex.def
File: pdftex.def 2011/05/27 v0.06d Graphics/color for pdfTeX
\Gread@gobject=\count109
)
Package xcolor Info: Model `cmy' substituted by `cmy0' on input line 1337.
Package xcolor Info: Model `hsb' substituted by `rgb' on input line 1341.
Package xcolor Info: Model `RGB' extended on input line 1353.
Package xcolor Info: Model `HTML' substituted by `rgb' on input line 1355.
Package xcolor Info: Model `Hsb' substituted by `hsb' on input line 1356.
Package xcolor Info: Model `tHsb' substituted by `hsb' on input line 1357.
Package xcolor Info: Model `HSB' substituted by `hsb' on input line 1358.
Package xcolor Info: Model `Gray' substituted by `gray' on input line 1359.
Package xcolor Info: Model `wave' substituted by `hsb' on input line 1360.

(/usr/local/texlive/2011/texmf-dist/tex/latex/graphics/dvipsnam.def
File: dvipsnam.def 1999/02/16 v3.0i Driver-dependant file (DPC,SPQR)
)
(/usr/local/texlive/2011/texmf-dist/tex/latex/xcolor/svgnam.def
File: svgnam.def 2007/01/21 v2.11 Predefined colors according to SVG 1.1 (UK)
))
\langwohyphens=\language75

(/usr/local/texlive/2011/texmf-dist/tex/latex/tools/multicol.sty
Package: multicol 2008/12/05 v1.6h multicolumn formatting (FMi)
\c@tracingmulticols=\count110
\mult@box=\box30
\multicol@leftmargin=\dimen123
\c@unbalance=\count111
\c@collectmore=\count112
\doublecol@number=\count113
\multicoltolerance=\count114
\multicolpretolerance=\count115
\full@width=\dimen124
\page@free=\dimen125
\premulticols=\dimen126
\postmulticols=\dimen127
\multicolsep=\skip84
\multicolbaselineskip=\skip85
\partial@page=\box31
\last@line=\box32
\mult@rightbox=\box33
\mult@grightbox=\box34
\mult@gfirstbox=\box35
\mult@firstbox=\box36
\@tempa=\box37
\@tempa=\box38
\@tempa=\box39
\@tempa=\box40
\@tempa=\box41
\@tempa=\box42
\@tempa=\box43
\@tempa=\box44
\@tempa=\box45
\@tempa=\box46
\@tempa=\box47
\@tempa=\box48
\@tempa=\box49
\@tempa=\box50
\@tempa=\box51
\@tempa=\box52
\@tempa=\box53
\c@columnbadness=\count116
\c@finalcolumnbadness=\count117
\last@try=\dimen128
\multicolovershoot=\dimen129
\multicolundershoot=\dimen130
\mult@nat@firstbox=\box54
\colbreak@box=\box55
)))
(/usr/local/texlive/2011/texmf-dist/tex/latex/amsmath/amsmath.sty
Package: amsmath 2000/07/18 v2.13 AMS math features
\@mathmargin=\skip86

For additional information on amsmath, use the `?' option.
(/usr/local/texlive/2011/texmf-dist/tex/latex/amsmath/amstext.sty
Package: amstext 2000/06/29 v2.01

(/usr/local/texlive/2011/texmf-dist/tex/latex/amsmath/amsgen.sty
File: amsgen.sty 1999/11/30 v2.0
\@emptytoks=\toks19
\ex@=\dimen131
))
(/usr/local/texlive/2011/texmf-dist/tex/latex/amsmath/amsbsy.sty
Package: amsbsy 1999/11/29 v1.2d
\pmbraise@=\dimen132
)
(/usr/local/texlive/2011/texmf-dist/tex/latex/amsmath/amsopn.sty
Package: amsopn 1999/12/14 v2.01 operator names
)
\inf@bad=\count118
LaTeX Info: Redefining \frac on input line 211.
\uproot@=\count119
\leftroot@=\count120
LaTeX Info: Redefining \overline on input line 307.
\classnum@=\count121
\DOTSCASE@=\count122
LaTeX Info: Redefining \ldots on input line 379.
LaTeX Info: Redefining \dots on input line 382.
LaTeX Info: Redefining \cdots on input line 467.
\Mathstrutbox@=\box56
\strutbox@=\box57
\big@size=\dimen133
LaTeX Font Info:    Redeclaring font encoding OML on input line 567.
LaTeX Font Info:    Redeclaring font encoding OMS on input line 568.
\macc@depth=\count123
\c@MaxMatrixCols=\count124
\dotsspace@=\muskip11
\c@parentequation=\count125
\dspbrk@lvl=\count126
\tag@help=\toks20
\row@=\count127
\column@=\count128
\maxfields@=\count129
\andhelp@=\toks21
\eqnshift@=\dimen134
\alignsep@=\dimen135
\tagshift@=\dimen136
\tagwidth@=\dimen137
\totwidth@=\dimen138
\lineht@=\dimen139
\@envbody=\toks22
\multlinegap=\skip87
\multlinetaggap=\skip88
\mathdisplay@stack=\toks23
LaTeX Info: Redefining \[ on input line 2666.
LaTeX Info: Redefining \] on input line 2667.
)
(/usr/local/texlive/2011/texmf-dist/tex/latex/amsfonts/amssymb.sty
Package: amssymb 2009/06/22 v3.00

(./amsfonts.sty
Package: amsfonts 2009/06/22 v3.00 Basic AMSFonts support
\symAMSa=\mathgroup5
\symAMSb=\mathgroup6
)) (/usr/local/texlive/2011/texmf-dist/tex/latex/soul/soul.sty
Package: soul 2003/11/17 v2.4 letterspacing/underlining (mf)
\SOUL@word=\toks24
\SOUL@lasttoken=\toks25
\SOUL@cmds=\toks26
\SOUL@buffer=\toks27
\SOUL@token=\toks28
\SOUL@spaceskip=\skip89
\SOUL@ttwidth=\dimen140
\SOUL@uldp=\dimen141
\SOUL@ulht=\dimen142
)
(/usr/local/texlive/2011/texmf-dist/tex/latex/graphics/graphicx.sty
Package: graphicx 1999/02/16 v1.0f Enhanced LaTeX Graphics (DPC,SPQR)

(/usr/local/texlive/2011/texmf-dist/tex/latex/graphics/graphics.sty
Package: graphics 2009/02/05 v1.0o Standard LaTeX Graphics (DPC,SPQR)

(/usr/local/texlive/2011/texmf-dist/tex/latex/graphics/trig.sty
Package: trig 1999/03/16 v1.09 sin cos tan (DPC)
)
(/usr/local/texlive/2011/texmf-dist/tex/latex/latexconfig/graphics.cfg
File: graphics.cfg 2010/04/23 v1.9 graphics configuration of TeX Live
)
Package graphics Info: Driver file: pdftex.def on input line 91.
)
\Gin@req@height=\dimen143
\Gin@req@width=\dimen144
)
(/usr/local/texlive/2011/texmf-dist/tex/latex/base/inputenc.sty
Package: inputenc 2008/03/30 v1.1d Input encoding file
\inpenc@prehook=\toks29
\inpenc@posthook=\toks30

(/usr/local/texlive/2011/texmf-dist/tex/latex/base/utf8.def
File: utf8.def 2008/04/05 v1.1m UTF-8 support for inputenc
Now handling font encoding OML ...
... no UTF-8 mapping file for font encoding OML
Now handling font encoding T1 ...
... processing UTF-8 mapping file for font encoding T1

(/usr/local/texlive/2011/texmf-dist/tex/latex/base/t1enc.dfu
File: t1enc.dfu 2008/04/05 v1.1m UTF-8 support for inputenc
   defining Unicode char U+00A1 (decimal 161)
   defining Unicode char U+00A3 (decimal 163)
   defining Unicode char U+00AB (decimal 171)
   defining Unicode char U+00BB (decimal 187)
   defining Unicode char U+00BF (decimal 191)
   defining Unicode char U+00C0 (decimal 192)
   defining Unicode char U+00C1 (decimal 193)
   defining Unicode char U+00C2 (decimal 194)
   defining Unicode char U+00C3 (decimal 195)
   defining Unicode char U+00C4 (decimal 196)
   defining Unicode char U+00C5 (decimal 197)
   defining Unicode char U+00C6 (decimal 198)
   defining Unicode char U+00C7 (decimal 199)
   defining Unicode char U+00C8 (decimal 200)
   defining Unicode char U+00C9 (decimal 201)
   defining Unicode char U+00CA (decimal 202)
   defining Unicode char U+00CB (decimal 203)
   defining Unicode char U+00CC (decimal 204)
   defining Unicode char U+00CD (decimal 205)
   defining Unicode char U+00CE (decimal 206)
   defining Unicode char U+00CF (decimal 207)
   defining Unicode char U+00D0 (decimal 208)
   defining Unicode char U+00D1 (decimal 209)
   defining Unicode char U+00D2 (decimal 210)
   defining Unicode char U+00D3 (decimal 211)
   defining Unicode char U+00D4 (decimal 212)
   defining Unicode char U+00D5 (decimal 213)
   defining Unicode char U+00D6 (decimal 214)
   defining Unicode char U+00D8 (decimal 216)
   defining Unicode char U+00D9 (decimal 217)
   defining Unicode char U+00DA (decimal 218)
   defining Unicode char U+00DB (decimal 219)
   defining Unicode char U+00DC (decimal 220)
   defining Unicode char U+00DD (decimal 221)
   defining Unicode char U+00DE (decimal 222)
   defining Unicode char U+00DF (decimal 223)
   defining Unicode char U+00E0 (decimal 224)
   defining Unicode char U+00E1 (decimal 225)
   defining Unicode char U+00E2 (decimal 226)
   defining Unicode char U+00E3 (decimal 227)
   defining Unicode char U+00E4 (decimal 228)
   defining Unicode char U+00E5 (decimal 229)
   defining Unicode char U+00E6 (decimal 230)
   defining Unicode char U+00E7 (decimal 231)
   defining Unicode char U+00E8 (decimal 232)
   defining Unicode char U+00E9 (decimal 233)
   defining Unicode char U+00EA (decimal 234)
   defining Unicode char U+00EB (decimal 235)
   defining Unicode char U+00EC (decimal 236)
   defining Unicode char U+00ED (decimal 237)
   defining Unicode char U+00EE (decimal 238)
   defining Unicode char U+00EF (decimal 239)
   defining Unicode char U+00F0 (decimal 240)
   defining Unicode char U+00F1 (decimal 241)
   defining Unicode char U+00F2 (decimal 242)
   defining Unicode char U+00F3 (decimal 243)
   defining Unicode char U+00F4 (decimal 244)
   defining Unicode char U+00F5 (decimal 245)
   defining Unicode char U+00F6 (decimal 246)
   defining Unicode char U+00F8 (decimal 248)
   defining Unicode char U+00F9 (decimal 249)
   defining Unicode char U+00FA (decimal 250)
   defining Unicode char U+00FB (decimal 251)
   defining Unicode char U+00FC (decimal 252)
   defining Unicode char U+00FD (decimal 253)
   defining Unicode char U+00FE (decimal 254)
   defining Unicode char U+00FF (decimal 255)
   defining Unicode char U+0102 (decimal 258)
   defining Unicode char U+0103 (decimal 259)
   defining Unicode char U+0104 (decimal 260)
   defining Unicode char U+0105 (decimal 261)
   defining Unicode char U+0106 (decimal 262)
   defining Unicode char U+0107 (decimal 263)
   defining Unicode char U+010C (decimal 268)
   defining Unicode char U+010D (decimal 269)
   defining Unicode char U+010E (decimal 270)
   defining Unicode char U+010F (decimal 271)
   defining Unicode char U+0110 (decimal 272)
   defining Unicode char U+0111 (decimal 273)
   defining Unicode char U+0118 (decimal 280)
   defining Unicode char U+0119 (decimal 281)
   defining Unicode char U+011A (decimal 282)
   defining Unicode char U+011B (decimal 283)
   defining Unicode char U+011E (decimal 286)
   defining Unicode char U+011F (decimal 287)
   defining Unicode char U+0130 (decimal 304)
   defining Unicode char U+0131 (decimal 305)
   defining Unicode char U+0132 (decimal 306)
   defining Unicode char U+0133 (decimal 307)
   defining Unicode char U+0139 (decimal 313)
   defining Unicode char U+013A (decimal 314)
   defining Unicode char U+013D (decimal 317)
   defining Unicode char U+013E (decimal 318)
   defining Unicode char U+0141 (decimal 321)
   defining Unicode char U+0142 (decimal 322)
   defining Unicode char U+0143 (decimal 323)
   defining Unicode char U+0144 (decimal 324)
   defining Unicode char U+0147 (decimal 327)
   defining Unicode char U+0148 (decimal 328)
   defining Unicode char U+014A (decimal 330)
   defining Unicode char U+014B (decimal 331)
   defining Unicode char U+0150 (decimal 336)
   defining Unicode char U+0151 (decimal 337)
   defining Unicode char U+0152 (decimal 338)
   defining Unicode char U+0153 (decimal 339)
   defining Unicode char U+0154 (decimal 340)
   defining Unicode char U+0155 (decimal 341)
   defining Unicode char U+0158 (decimal 344)
   defining Unicode char U+0159 (decimal 345)
   defining Unicode char U+015A (decimal 346)
   defining Unicode char U+015B (decimal 347)
   defining Unicode char U+015E (decimal 350)
   defining Unicode char U+015F (decimal 351)
   defining Unicode char U+0160 (decimal 352)
   defining Unicode char U+0161 (decimal 353)
   defining Unicode char U+0162 (decimal 354)
   defining Unicode char U+0163 (decimal 355)
   defining Unicode char U+0164 (decimal 356)
   defining Unicode char U+0165 (decimal 357)
   defining Unicode char U+016E (decimal 366)
   defining Unicode char U+016F (decimal 367)
   defining Unicode char U+0170 (decimal 368)
   defining Unicode char U+0171 (decimal 369)
   defining Unicode char U+0178 (decimal 376)
   defining Unicode char U+0179 (decimal 377)
   defining Unicode char U+017A (decimal 378)
   defining Unicode char U+017B (decimal 379)
   defining Unicode char U+017C (decimal 380)
   defining Unicode char U+017D (decimal 381)
   defining Unicode char U+017E (decimal 382)
   defining Unicode char U+200C (decimal 8204)
   defining Unicode char U+2013 (decimal 8211)
   defining Unicode char U+2014 (decimal 8212)
   defining Unicode char U+2018 (decimal 8216)
   defining Unicode char U+2019 (decimal 8217)
   defining Unicode char U+201A (decimal 8218)
   defining Unicode char U+201C (decimal 8220)
   defining Unicode char U+201D (decimal 8221)
   defining Unicode char U+201E (decimal 8222)
   defining Unicode char U+2030 (decimal 8240)
   defining Unicode char U+2031 (decimal 8241)
   defining Unicode char U+2039 (decimal 8249)
   defining Unicode char U+203A (decimal 8250)
   defining Unicode char U+2423 (decimal 9251)
)
Now handling font encoding OT1 ...
... processing UTF-8 mapping file for font encoding OT1

(/usr/local/texlive/2011/texmf-dist/tex/latex/base/ot1enc.dfu
File: ot1enc.dfu 2008/04/05 v1.1m UTF-8 support for inputenc
   defining Unicode char U+00A1 (decimal 161)
   defining Unicode char U+00A3 (decimal 163)
   defining Unicode char U+00B8 (decimal 184)
   defining Unicode char U+00BF (decimal 191)
   defining Unicode char U+00C5 (decimal 197)
   defining Unicode char U+00C6 (decimal 198)
   defining Unicode char U+00D8 (decimal 216)
   defining Unicode char U+00DF (decimal 223)
   defining Unicode char U+00E6 (decimal 230)
   defining Unicode char U+00EC (decimal 236)
   defining Unicode char U+00ED (decimal 237)
   defining Unicode char U+00EE (decimal 238)
   defining Unicode char U+00EF (decimal 239)
   defining Unicode char U+00F8 (decimal 248)
   defining Unicode char U+0131 (decimal 305)
   defining Unicode char U+0141 (decimal 321)
   defining Unicode char U+0142 (decimal 322)
   defining Unicode char U+0152 (decimal 338)
   defining Unicode char U+0153 (decimal 339)
   defining Unicode char U+2013 (decimal 8211)
   defining Unicode char U+2014 (decimal 8212)
   defining Unicode char U+2018 (decimal 8216)
   defining Unicode char U+2019 (decimal 8217)
   defining Unicode char U+201C (decimal 8220)
   defining Unicode char U+201D (decimal 8221)
)
Now handling font encoding OMS ...
... processing UTF-8 mapping file for font encoding OMS

(/usr/local/texlive/2011/texmf-dist/tex/latex/base/omsenc.dfu
File: omsenc.dfu 2008/04/05 v1.1m UTF-8 support for inputenc
   defining Unicode char U+00A7 (decimal 167)
   defining Unicode char U+00B6 (decimal 182)
   defining Unicode char U+00B7 (decimal 183)
   defining Unicode char U+2020 (decimal 8224)
   defining Unicode char U+2021 (decimal 8225)
   defining Unicode char U+2022 (decimal 8226)
)
Now handling font encoding OMX ...
... no UTF-8 mapping file for font encoding OMX
Now handling font encoding U ...
... no UTF-8 mapping file for font encoding U
Now handling font encoding PD1 ...
... no UTF-8 mapping file for font encoding PD1
Now handling font encoding PU ...
... no UTF-8 mapping file for font encoding PU
Now handling font encoding TS1 ...
... processing UTF-8 mapping file for font encoding TS1

(/usr/local/texlive/2011/texmf-dist/tex/latex/base/ts1enc.dfu
File: ts1enc.dfu 2008/04/05 v1.1m UTF-8 support for inputenc
   defining Unicode char U+00A2 (decimal 162)
   defining Unicode char U+00A3 (decimal 163)
   defining Unicode char U+00A4 (decimal 164)
   defining Unicode char U+00A5 (decimal 165)
   defining Unicode char U+00A6 (decimal 166)
   defining Unicode char U+00A7 (decimal 167)
   defining Unicode char U+00A8 (decimal 168)
   defining Unicode char U+00A9 (decimal 169)
   defining Unicode char U+00AA (decimal 170)
   defining Unicode char U+00AC (decimal 172)
   defining Unicode char U+00AE (decimal 174)
   defining Unicode char U+00AF (decimal 175)
   defining Unicode char U+00B0 (decimal 176)
   defining Unicode char U+00B1 (decimal 177)
   defining Unicode char U+00B2 (decimal 178)
   defining Unicode char U+00B3 (decimal 179)
   defining Unicode char U+00B4 (decimal 180)
   defining Unicode char U+00B5 (decimal 181)
   defining Unicode char U+00B6 (decimal 182)
   defining Unicode char U+00B7 (decimal 183)
   defining Unicode char U+00B9 (decimal 185)
   defining Unicode char U+00BA (decimal 186)
   defining Unicode char U+00BC (decimal 188)
   defining Unicode char U+00BD (decimal 189)
   defining Unicode char U+00BE (decimal 190)
   defining Unicode char U+00D7 (decimal 215)
   defining Unicode char U+00F7 (decimal 247)
   defining Unicode char U+0192 (decimal 402)
   defining Unicode char U+02C7 (decimal 711)
   defining Unicode char U+02D8 (decimal 728)
   defining Unicode char U+02DD (decimal 733)
   defining Unicode char U+0E3F (decimal 3647)
   defining Unicode char U+2016 (decimal 8214)
   defining Unicode char U+2020 (decimal 8224)
   defining Unicode char U+2021 (decimal 8225)
   defining Unicode char U+2022 (decimal 8226)
   defining Unicode char U+2030 (decimal 8240)
   defining Unicode char U+2031 (decimal 8241)
   defining Unicode char U+203B (decimal 8251)
   defining Unicode char U+203D (decimal 8253)
   defining Unicode char U+2044 (decimal 8260)
   defining Unicode char U+204E (decimal 8270)
   defining Unicode char U+2052 (decimal 8274)
   defining Unicode char U+20A1 (decimal 8353)
   defining Unicode char U+20A4 (decimal 8356)
   defining Unicode char U+20A6 (decimal 8358)
   defining Unicode char U+20A9 (decimal 8361)
   defining Unicode char U+20AB (decimal 8363)
   defining Unicode char U+20AC (decimal 8364)
   defining Unicode char U+20B1 (decimal 8369)
   defining Unicode char U+2103 (decimal 8451)
   defining Unicode char U+2116 (decimal 8470)
   defining Unicode char U+2117 (decimal 8471)
   defining Unicode char U+211E (decimal 8478)
   defining Unicode char U+2120 (decimal 8480)
   defining Unicode char U+2122 (decimal 8482)
   defining Unicode char U+2126 (decimal 8486)
   defining Unicode char U+2127 (decimal 8487)
   defining Unicode char U+212E (decimal 8494)
   defining Unicode char U+2190 (decimal 8592)
   defining Unicode char U+2191 (decimal 8593)
   defining Unicode char U+2192 (decimal 8594)
   defining Unicode char U+2193 (decimal 8595)
   defining Unicode char U+2329 (decimal 9001)
   defining Unicode char U+232A (decimal 9002)
   defining Unicode char U+2422 (decimal 9250)
   defining Unicode char U+25E6 (decimal 9702)
   defining Unicode char U+25EF (decimal 9711)
   defining Unicode char U+266A (decimal 9834)
)
   defining Unicode char U+00A9 (decimal 169)
   defining Unicode char U+00AA (decimal 170)
   defining Unicode char U+00AE (decimal 174)
   defining Unicode char U+00BA (decimal 186)
   defining Unicode char U+02C6 (decimal 710)
   defining Unicode char U+02DC (decimal 732)
   defining Unicode char U+200C (decimal 8204)
   defining Unicode char U+2026 (decimal 8230)
   defining Unicode char U+2122 (decimal 8482)
   defining Unicode char U+2423 (decimal 9251)
))
(/usr/local/texlive/2011/texmf-dist/tex/latex/comment/comment.sty
\CommentStream=\write3

Excluding comment 'comment') (./wrapfig.sty
\wrapoverhang=\dimen145
\WF@size=\dimen146
\c@WF@wrappedlines=\count130
\WF@box=\box58
\WF@everypar=\toks31
Package: wrapfig 2003/01/31  v 3.6
)
(/usr/local/texlive/2011/texmf-dist/tex/latex/boxedminipage/boxedminipage.sty)
(/usr/local/texlive/2011/texmf-dist/tex/latex/tools/verbatim.sty
Package: verbatim 2003/08/22 v1.5q LaTeX2e package for verbatim enhancements
\every@verbatim=\toks32
\verbatim@line=\toks33
\verbatim@in@stream=\read1
)
\bx@S=\insert233
\bx@T=\insert232
\bx@U=\insert231
\bx@V=\insert230
\bx@W=\insert229
\bx@X=\insert228
\bx@Y=\insert227
\bx@Z=\insert226
\bx@a=\insert225
\bx@b=\insert224
\bx@c=\insert223
\bx@d=\insert222
\bx@e=\insert221
\bx@f=\insert220
\bx@g=\insert219
\bx@h=\insert218
\bx@i=\insert217
\bx@j=\insert216
\bx@k=\insert215
\bx@l=\insert214
\bx@m=\insert213
\bx@n=\insert212
\bx@o=\insert211
\bx@p=\insert210
\bx@q=\insert209
\bx@r=\insert208
\bx@s=\insert207
\bx@t=\insert206
\bx@u=\insert205
\bx@v=\insert204
\bx@w=\insert203
\bx@x=\insert202
\bx@y=\insert201
\bx@z=\insert200
\bx@AA=\insert199
\bx@BB=\insert198
\bx@CC=\insert197
\bx@DD=\insert196
\bx@EE=\insert195
\bx@FF=\insert194
\bx@GG=\insert193
\bx@HH=\insert192
\bx@II=\insert191
\bx@JJ=\insert190
\bx@KK=\insert189
\bx@LL=\insert188
\bx@MM=\insert187
\bx@NN=\insert186
\bx@OO=\insert185
\bx@PP=\insert184
\bx@QQ=\insert183
\bx@RR=\insert182
\bx@SS=\insert181
\bx@TT=\insert180
\bx@UU=\insert179
\bx@VV=\insert178
\bx@WW=\insert177
\bx@XX=\insert176
\bx@YY=\insert175
\bx@ZZ=\insert174


! LaTeX Error: Command \fig already defined.
               Or name \end... illegal, see p.192 of the manual.

See the LaTeX manual or LaTeX Companion for explanation.
Type  H <return>  for immediate help.
 ...                                              
                                                  
l.108 \newcommand{\fig}[1]{Fig.~\ref{#1}}
                                         
Your command was ignored.
Type  I <command> <return>  to replace it with another command,
or  <return>  to continue without it.


! LaTeX Error: Command \sect already defined.
               Or name \end... illegal, see p.192 of the manual.

See the LaTeX manual or LaTeX Companion for explanation.
Type  H <return>  for immediate help.
 ...                                              
                                                  
l.109 \newcommand{\sect}[1]{Section~\ref{#1}}
                                             
Your command was ignored.
Type  I <command> <return>  to replace it with another command,
or  <return>  to continue without it.

(/usr/local/texlive/2011/texmf-dist/tex/latex/pgf/frontendlayer/tikz.sty
(/usr/local/texlive/2011/texmf-dist/tex/latex/pgf/basiclayer/pgf.sty
(/usr/local/texlive/2011/texmf-dist/tex/latex/pgf/utilities/pgfrcs.sty
(/usr/local/texlive/2011/texmf-dist/tex/generic/pgf/utilities/pgfutil-common.te
x
\pgfutil@everybye=\toks34
)
(/usr/local/texlive/2011/texmf-dist/tex/generic/pgf/utilities/pgfutil-latex.def
\pgfutil@abb=\box59
(/usr/local/texlive/2011/texmf-dist/tex/latex/ms/everyshi.sty
Package: everyshi 2001/05/15 v3.00 EveryShipout Package (MS)
))
(/usr/local/texlive/2011/texmf-dist/tex/generic/pgf/utilities/pgfrcs.code.tex
Package: pgfrcs 2010/10/25 v2.10 (rcs-revision 1.24)
))
Package: pgf 2008/01/15 v2.10 (rcs-revision 1.12)
(/usr/local/texlive/2011/texmf-dist/tex/latex/pgf/basiclayer/pgfcore.sty
(/usr/local/texlive/2011/texmf-dist/tex/latex/pgf/systemlayer/pgfsys.sty
(/usr/local/texlive/2011/texmf-dist/tex/generic/pgf/systemlayer/pgfsys.code.tex
Package: pgfsys 2010/06/30 v2.10 (rcs-revision 1.37)
(/usr/local/texlive/2011/texmf-dist/tex/generic/pgf/utilities/pgfkeys.code.tex
\pgfkeys@pathtoks=\toks35
\pgfkeys@temptoks=\toks36

(/usr/local/texlive/2011/texmf-dist/tex/generic/pgf/utilities/pgfkeysfiltered.c
ode.tex
\pgfkeys@tmptoks=\toks37
))
\pgf@x=\dimen147
\pgf@y=\dimen148
\pgf@xa=\dimen149
\pgf@ya=\dimen150
\pgf@xb=\dimen151
\pgf@yb=\dimen152
\pgf@xc=\dimen153
\pgf@yc=\dimen154
\w@pgf@writea=\write4
\r@pgf@reada=\read2
\c@pgf@counta=\count131
\c@pgf@countb=\count132
\c@pgf@countc=\count133
\c@pgf@countd=\count134

(/usr/local/texlive/2011/texmf-dist/tex/generic/pgf/systemlayer/pgf.cfg
File: pgf.cfg 2008/05/14  (rcs-revision 1.7)
)
Package pgfsys Info: Driver file for pgf: pgfsys-pdftex.def on input line 900.

(/usr/local/texlive/2011/texmf-dist/tex/generic/pgf/systemlayer/pgfsys-pdftex.d
ef
File: pgfsys-pdftex.def 2009/05/22  (rcs-revision 1.26)

(/usr/local/texlive/2011/texmf-dist/tex/generic/pgf/systemlayer/pgfsys-common-p
df.def
File: pgfsys-common-pdf.def 2008/05/19  (rcs-revision 1.10)
)))
(/usr/local/texlive/2011/texmf-dist/tex/generic/pgf/systemlayer/pgfsyssoftpath.
code.tex
File: pgfsyssoftpath.code.tex 2008/07/18  (rcs-revision 1.7)
\pgfsyssoftpath@smallbuffer@items=\count135
\pgfsyssoftpath@bigbuffer@items=\count136
)
(/usr/local/texlive/2011/texmf-dist/tex/generic/pgf/systemlayer/pgfsysprotocol.
code.tex
File: pgfsysprotocol.code.tex 2006/10/16  (rcs-revision 1.4)
))
(/usr/local/texlive/2011/texmf-dist/tex/generic/pgf/basiclayer/pgfcore.code.tex
Package: pgfcore 2010/04/11 v2.10 (rcs-revision 1.7)
(/usr/local/texlive/2011/texmf-dist/tex/generic/pgf/math/pgfmath.code.tex
(/usr/local/texlive/2011/texmf-dist/tex/generic/pgf/math/pgfmathcalc.code.tex
(/usr/local/texlive/2011/texmf-dist/tex/generic/pgf/math/pgfmathutil.code.tex)
(/usr/local/texlive/2011/texmf-dist/tex/generic/pgf/math/pgfmathparser.code.tex
\pgfmath@dimen=\dimen155
\pgfmath@count=\count137
\pgfmath@box=\box60
\pgfmath@toks=\toks38
\pgfmath@stack@operand=\toks39
\pgfmath@stack@operation=\toks40
)
(/usr/local/texlive/2011/texmf-dist/tex/generic/pgf/math/pgfmathfunctions.code.
tex
(/usr/local/texlive/2011/texmf-dist/tex/generic/pgf/math/pgfmathfunctions.basic
.code.tex)
(/usr/local/texlive/2011/texmf-dist/tex/generic/pgf/math/pgfmathfunctions.trigo
nometric.code.tex)
(/usr/local/texlive/2011/texmf-dist/tex/generic/pgf/math/pgfmathfunctions.rando
m.code.tex)
(/usr/local/texlive/2011/texmf-dist/tex/generic/pgf/math/pgfmathfunctions.compa
rison.code.tex)
(/usr/local/texlive/2011/texmf-dist/tex/generic/pgf/math/pgfmathfunctions.base.
code.tex)
(/usr/local/texlive/2011/texmf-dist/tex/generic/pgf/math/pgfmathfunctions.round
.code.tex)
(/usr/local/texlive/2011/texmf-dist/tex/generic/pgf/math/pgfmathfunctions.misc.
code.tex)))
(/usr/local/texlive/2011/texmf-dist/tex/generic/pgf/math/pgfmathfloat.code.tex
\c@pgfmathroundto@lastzeros=\count138
))
(/usr/local/texlive/2011/texmf-dist/tex/generic/pgf/basiclayer/pgfcorepoints.co
de.tex
File: pgfcorepoints.code.tex 2010/04/09  (rcs-revision 1.20)
\pgf@picminx=\dimen156
\pgf@picmaxx=\dimen157
\pgf@picminy=\dimen158
\pgf@picmaxy=\dimen159
\pgf@pathminx=\dimen160
\pgf@pathmaxx=\dimen161
\pgf@pathminy=\dimen162
\pgf@pathmaxy=\dimen163
\pgf@xx=\dimen164
\pgf@xy=\dimen165
\pgf@yx=\dimen166
\pgf@yy=\dimen167
\pgf@zx=\dimen168
\pgf@zy=\dimen169
)
(/usr/local/texlive/2011/texmf-dist/tex/generic/pgf/basiclayer/pgfcorepathconst
ruct.code.tex
File: pgfcorepathconstruct.code.tex 2010/08/03  (rcs-revision 1.24)
\pgf@path@lastx=\dimen170
\pgf@path@lasty=\dimen171
)
(/usr/local/texlive/2011/texmf-dist/tex/generic/pgf/basiclayer/pgfcorepathusage
.code.tex
File: pgfcorepathusage.code.tex 2008/04/22  (rcs-revision 1.12)
\pgf@shorten@end@additional=\dimen172
\pgf@shorten@start@additional=\dimen173
)
(/usr/local/texlive/2011/texmf-dist/tex/generic/pgf/basiclayer/pgfcorescopes.co
de.tex
File: pgfcorescopes.code.tex 2010/09/08  (rcs-revision 1.34)
\pgfpic=\box61
\pgf@hbox=\box62
\pgf@layerbox@main=\box63
\pgf@picture@serial@count=\count139
)
(/usr/local/texlive/2011/texmf-dist/tex/generic/pgf/basiclayer/pgfcoregraphicst
ate.code.tex
File: pgfcoregraphicstate.code.tex 2008/04/22  (rcs-revision 1.9)
Normal \dimen register pool exhausted, switching to extended pool.
\pgflinewidth=\dimen256
)
(/usr/local/texlive/2011/texmf-dist/tex/generic/pgf/basiclayer/pgfcoretransform
ations.code.tex
File: pgfcoretransformations.code.tex 2009/06/10  (rcs-revision 1.11)
\pgf@pt@x=\dimen257
\pgf@pt@y=\dimen258
\pgf@pt@temp=\dimen259
)
(/usr/local/texlive/2011/texmf-dist/tex/generic/pgf/basiclayer/pgfcorequick.cod
e.tex
File: pgfcorequick.code.tex 2008/10/09  (rcs-revision 1.3)
)
(/usr/local/texlive/2011/texmf-dist/tex/generic/pgf/basiclayer/pgfcoreobjects.c
ode.tex
File: pgfcoreobjects.code.tex 2006/10/11  (rcs-revision 1.2)
)
(/usr/local/texlive/2011/texmf-dist/tex/generic/pgf/basiclayer/pgfcorepathproce
ssing.code.tex
File: pgfcorepathprocessing.code.tex 2008/10/09  (rcs-revision 1.8)
)
(/usr/local/texlive/2011/texmf-dist/tex/generic/pgf/basiclayer/pgfcorearrows.co
de.tex
File: pgfcorearrows.code.tex 2008/04/23  (rcs-revision 1.11)
)
(/usr/local/texlive/2011/texmf-dist/tex/generic/pgf/basiclayer/pgfcoreshade.cod
e.tex
File: pgfcoreshade.code.tex 2008/11/23  (rcs-revision 1.13)
\pgf@max=\dimen260
\pgf@sys@shading@range@num=\count140
)
(/usr/local/texlive/2011/texmf-dist/tex/generic/pgf/basiclayer/pgfcoreimage.cod
e.tex
File: pgfcoreimage.code.tex 2010/03/25  (rcs-revision 1.16)

(/usr/local/texlive/2011/texmf-dist/tex/generic/pgf/basiclayer/pgfcoreexternal.
code.tex
File: pgfcoreexternal.code.tex 2010/09/01  (rcs-revision 1.17)
\pgfexternal@startupbox=\box64
))
(/usr/local/texlive/2011/texmf-dist/tex/generic/pgf/basiclayer/pgfcorelayers.co
de.tex
File: pgfcorelayers.code.tex 2010/08/27  (rcs-revision 1.2)
)
(/usr/local/texlive/2011/texmf-dist/tex/generic/pgf/basiclayer/pgfcoretranspare
ncy.code.tex
File: pgfcoretransparency.code.tex 2008/01/17  (rcs-revision 1.2)
)
(/usr/local/texlive/2011/texmf-dist/tex/generic/pgf/basiclayer/pgfcorepatterns.
code.tex
File: pgfcorepatterns.code.tex 2009/07/02  (rcs-revision 1.3)
)))
(/usr/local/texlive/2011/texmf-dist/tex/generic/pgf/modules/pgfmoduleshapes.cod
e.tex
File: pgfmoduleshapes.code.tex 2010/09/09  (rcs-revision 1.13)
\pgfnodeparttextbox=\box65
)
(/usr/local/texlive/2011/texmf-dist/tex/generic/pgf/modules/pgfmoduleplot.code.
tex
File: pgfmoduleplot.code.tex 2010/10/22  (rcs-revision 1.8)
)
(/usr/local/texlive/2011/texmf-dist/tex/latex/pgf/compatibility/pgfcomp-version
-0-65.sty
Package: pgfcomp-version-0-65 2007/07/03 v2.10 (rcs-revision 1.7)
\pgf@nodesepstart=\dimen261
\pgf@nodesepend=\dimen262
)
(/usr/local/texlive/2011/texmf-dist/tex/latex/pgf/compatibility/pgfcomp-version
-1-18.sty
Package: pgfcomp-version-1-18 2007/07/23 v2.10 (rcs-revision 1.1)
))
(/usr/local/texlive/2011/texmf-dist/tex/latex/pgf/utilities/pgffor.sty
(/usr/local/texlive/2011/texmf-dist/tex/latex/pgf/utilities/pgfkeys.sty
(/usr/local/texlive/2011/texmf-dist/tex/generic/pgf/utilities/pgfkeys.code.tex)
) (/usr/local/texlive/2011/texmf-dist/tex/generic/pgf/utilities/pgffor.code.tex
Package: pgffor 2010/03/23 v2.10 (rcs-revision 1.18)
\pgffor@iter=\dimen263
\pgffor@skip=\dimen264
\pgffor@stack=\toks41
\pgffor@toks=\toks42
))
(/usr/local/texlive/2011/texmf-dist/tex/generic/pgf/frontendlayer/tikz/tikz.cod
e.tex
Package: tikz 2010/10/13 v2.10 (rcs-revision 1.76)

(/usr/local/texlive/2011/texmf-dist/tex/generic/pgf/libraries/pgflibraryplothan
dlers.code.tex
File: pgflibraryplothandlers.code.tex 2010/05/31 v2.10 (rcs-revision 1.15)
\pgf@plot@mark@count=\count141
\pgfplotmarksize=\dimen265
)
\tikz@lastx=\dimen266
\tikz@lasty=\dimen267
\tikz@lastxsaved=\dimen268
\tikz@lastysaved=\dimen269
\tikzleveldistance=\dimen270
\tikzsiblingdistance=\dimen271
\tikz@figbox=\box66
\tikz@tempbox=\box67
\tikztreelevel=\count142
\tikznumberofchildren=\count143
\tikznumberofcurrentchild=\count144
\tikz@fig@count=\count145

(/usr/local/texlive/2011/texmf-dist/tex/generic/pgf/modules/pgfmodulematrix.cod
e.tex
File: pgfmodulematrix.code.tex 2010/08/24  (rcs-revision 1.4)
\pgfmatrixcurrentrow=\count146
\pgfmatrixcurrentcolumn=\count147
\pgf@matrix@numberofcolumns=\count148
)
\tikz@expandcount=\count149

(/usr/local/texlive/2011/texmf-dist/tex/generic/pgf/frontendlayer/tikz/librarie
s/tikzlibrarytopaths.code.tex
File: tikzlibrarytopaths.code.tex 2008/06/17 v2.10 (rcs-revision 1.2)
))) (./breakurl.sty
Package: breakurl 2009/01/24 v1.30 Breakable hyperref URLs


Package breakurl Warning: You are using breakurl while processing via pdflatex.

(breakurl)                \burl will be just a synonym of \url.
(breakurl)                 on input line 47.

) (/usr/local/texlive/2011/texmf-dist/tex/latex/base/alltt.sty
Package: alltt 1997/06/16 v2.0g defines alltt environment
) (./doc.aux)
\openout1 = `doc.aux'.

LaTeX Font Info:    Checking defaults for OML/cmm/m/it on input line 128.
LaTeX Font Info:    ... okay on input line 128.
LaTeX Font Info:    Checking defaults for T1/cmr/m/n on input line 128.
LaTeX Font Info:    ... okay on input line 128.
LaTeX Font Info:    Checking defaults for OT1/cmr/m/n on input line 128.
LaTeX Font Info:    ... okay on input line 128.
LaTeX Font Info:    Checking defaults for OMS/cmsy/m/n on input line 128.
LaTeX Font Info:    ... okay on input line 128.
LaTeX Font Info:    Checking defaults for OMX/cmex/m/n on input line 128.
LaTeX Font Info:    ... okay on input line 128.
LaTeX Font Info:    Checking defaults for U/cmr/m/n on input line 128.
LaTeX Font Info:    ... okay on input line 128.
LaTeX Font Info:    Checking defaults for PD1/pdf/m/n on input line 128.
LaTeX Font Info:    ... okay on input line 128.
LaTeX Font Info:    Checking defaults for PU/pdf/m/n on input line 128.
LaTeX Font Info:    ... okay on input line 128.
LaTeX Font Info:    Checking defaults for TS1/cmr/m/n on input line 128.
LaTeX Font Info:    Try loading font information for TS1+cmr on input line 128.


(/usr/local/texlive/2011/texmf-dist/tex/latex/base/ts1cmr.fd
File: ts1cmr.fd 1999/05/25 v2.5h Standard LaTeX font definitions
)
LaTeX Font Info:    ... okay on input line 128.
LaTeX Font Info:    Try loading font information for T1+pplj on input line 128.


(/usr/local/texlive/2011/texmf-dist/tex/latex/psnfss/t1pplj.fd
File: t1pplj.fd 2004/09/06 font definitions for T1/pplj.
)
\AtBeginShipoutBox=\box68
Package hyperref Info: Link coloring OFF on input line 128.

(/usr/local/texlive/2011/texmf-dist/tex/latex/hyperref/nameref.sty
Package: nameref 2010/04/30 v2.40 Cross-referencing by name of section

(/usr/local/texlive/2011/texmf-dist/tex/generic/oberdiek/gettitlestring.sty
Package: gettitlestring 2010/12/03 v1.4 Cleanup title references (HO)
)
\c@section@level=\count150
)
LaTeX Info: Redefining \ref on input line 128.
LaTeX Info: Redefining \pageref on input line 128.
LaTeX Info: Redefining \nameref on input line 128.

(./doc.out) (./doc.out)
\@outlinefile=\write5
\openout5 = `doc.out'.

LaTeX Info: Redefining \selectfont on input line 128.

*geometry* driver: auto-detecting
*geometry* detected driver: pdftex
*geometry* verbose mode - [ preamble ] result:
* driver: pdftex
* paper: letterpaper
* layout: <same size as paper>
* layoutoffset:(h,v)=(0.0pt,0.0pt)
* modes: twoside asymmetric 
* h-part:(L,W,R)=(72.26999pt, 312.0pt, 230.02501pt)
* v-part:(T,H,B)=(72.26999pt, 616.0pt, 106.7pt)
* \paperwidth=614.295pt
* \paperheight=794.96999pt
* \textwidth=312.0pt
* \textheight=616.0pt
* \oddsidemargin=0.0pt
* \evensidemargin=0.0pt
* \topmargin=-42.0pt
* \headheight=14.0pt
* \headsep=28.0pt
* \topskip=10.0pt
* \footskip=25.29494pt
* \marginparwidth=144.0pt
* \marginparsep=24.0pt
* \columnsep=10.0pt
* \skip\footins=9.0pt plus 4.0pt minus 2.0pt
* \hoffset=0.0pt
* \voffset=0.0pt
* \mag=1000
* \@twocolumnfalse
* \@twosidetrue
* \@mparswitchfalse
* \@reversemarginfalse
* (1in=72.27pt=25.4mm, 1cm=28.453pt)

(/usr/local/texlive/2011/texmf-dist/tex/context/base/supp-pdf.mkii
[Loading MPS to PDF converter (version 2006.09.02).]
\scratchcounter=\count151
\scratchdimen=\dimen272
\scratchbox=\box69
\nofMPsegments=\count152
\nofMParguments=\count153
\everyMPshowfont=\toks43
\MPscratchCnt=\count154
\MPscratchDim=\dimen273
\MPnumerator=\count155
\makeMPintoPDFobject=\count156
\everyMPtoPDFconversion=\toks44
) (/usr/local/texlive/2011/texmf-dist/tex/latex/oberdiek/epstopdf-base.sty
Package: epstopdf-base 2010/02/09 v2.5 Base part for package epstopdf

(/usr/local/texlive/2011/texmf-dist/tex/latex/oberdiek/grfext.sty
Package: grfext 2010/08/19 v1.1 Managing graphics extensions (HO)
)
Package grfext Info: Graphics extension search list:
(grfext)             [.png,.pdf,.jpg,.mps,.jpeg,.jbig2,.jb2,.PNG,.PDF,.JPG,.JPE
G,.JBIG2,.JB2,.eps]
(grfext)             \AppendGraphicsExtensions on input line 452.

(/usr/local/texlive/2011/texmf-dist/tex/latex/latexconfig/epstopdf-sys.cfg
File: epstopdf-sys.cfg 2010/07/13 v1.3 Configuration of (r)epstopdf for TeX Liv
e
))
ABD: EveryShipout initializing macros
LaTeX Font Info:    Try loading font information for T1+phv on input line 130.

(/usr/local/texlive/2011/texmf-dist/tex/latex/psnfss/t1phv.fd
File: t1phv.fd 2001/06/04 scalable font definitions for T1/phv.
)
LaTeX Font Info:    Font shape `T1/phv/m/n' will be
(Font)              scaled to size 8.99994pt on input line 130.
LaTeX Font Info:    Font shape `T1/phv/m/n' will be
(Font)              scaled to size 16.19989pt on input line 130.
LaTeX Font Info:    Font shape `T1/phv/m/n' will be
(Font)              scaled to size 32.39978pt on input line 130.
LaTeX Font Info:    Font shape `T1/phv/m/n' will be
(Font)              scaled to size 12.59991pt on input line 130.
 [1


{/usr/local/texlive/2011/texmf-var/fonts/map/pdftex/updmap/pdftex.map}] (./body
.ltx
(./sections/1-introduction.ltx [2


]
LaTeX Font Info:    Font shape `T1/pplj/bx/n' in size <20.74> not available
(Font)              Font shape `T1/pplj/b/n' tried instead on input line 1.
LaTeX Font Info:    Font shape `T1/pplj/bx/n' in size <24> not available
(Font)              Font shape `T1/pplj/b/n' tried instead on input line 1.
 [3] [4]
LaTeX Font Info:    Font shape `T1/pplj/bx/n' in size <8> not available
(Font)              Font shape `T1/pplj/b/n' tried instead on input line 8.


LaTeX Warning: Marginpar on page 5 moved.

) (./sections/2-syntax.ltx [5] [6

]
Chapter 1.

LaTeX Warning: Marginpar on page 7 moved.


LaTeX Warning: Marginpar on page 7 moved.

LaTeX Font Info:    Try loading font information for T1+fvm on input line 33.
(/usr/local/texlive/2011/texmf-dist/tex/latex/bera/t1fvm.fd
File: t1fvm.fd 2004/09/07 scalable font definitions for T1/fvm.
)
LaTeX Font Info:    Font shape `T1/fvm/m/n' will be
(Font)              scaled to size 8.50006pt on input line 33.
LaTeX Font Info:    Try loading font information for T1+cmtt on input line 38.

(/usr/local/texlive/2011/texmf-dist/tex/latex/base/t1cmtt.fd
File: t1cmtt.fd 1999/05/25 v2.5h Standard LaTeX font definitions
)
<figures/1/astexample.png, id=177, 415.5525pt x 301.72725pt>
File: figures/1/astexample.png Graphic file (type png)

<use figures/1/astexample.png>
Package pdftex.def Info: figures/1/astexample.png used on input line 46.
(pdftex.def)             Requested size: 207.77574pt x 150.86325pt.
 [7]
<figures/1/astandcst.png, id=189, 295.1025pt x 245.11575pt>
File: figures/1/astandcst.png Graphic file (type png)

<use figures/1/astandcst.png>
Package pdftex.def Info: figures/1/astandcst.png used on input line 84.
(pdftex.def)             Requested size: 177.06285pt x 147.07057pt.
 [8 <./figures/1/astexample.png>] [9 <./figures/1/astandcst.png>]
LaTeX Font Info:    Font shape `T1/pplj/bx/n' in size <10> not available
(Font)              Font shape `T1/pplj/b/n' tried instead on input line 136.


LaTeX Warning: Marginpar on page 10 moved.


LaTeX Warning: Marginpar on page 10 moved.


LaTeX Warning: Marginpar on page 10 moved.

[10]
Overfull \hbox (1.35976pt too wide) in paragraph at lines 188--194
\T1/pplj/m/n/10 scan-ner and in this case we don't have the prob-lems of contex
t-unaware
 []


Underfull \hbox (badness 1755) in paragraph at lines 195--195
[]\T1/pplj/b/n/8 MV\T1/pplj/m/n/8 : [sym-bol ta-bles] should be dis-
 []


LaTeX Warning: Marginpar on page 11 moved.

LaTeX Font Info:    Try loading font information for OT1+pplx on input line 227
.
(/usr/local/texlive/2011/texmf-dist/tex/latex/psnfss/ot1pplx.fd
File: ot1pplx.fd 2004/09/06 font definitions for OT1/pplx.
)
LaTeX Font Info:    Try loading font information for OML+zplm on input line 227
.

(/usr/local/texlive/2011/texmf-dist/tex/latex/psnfss/omlzplm.fd
File: omlzplm.fd 2002/09/08 Fontinst v1.914 font definitions for OML/zplm.
)
LaTeX Font Info:    Try loading font information for OMS+zplm on input line 227
.

(/usr/local/texlive/2011/texmf-dist/tex/latex/psnfss/omszplm.fd
File: omszplm.fd 2002/09/08 Fontinst v1.914 font definitions for OMS/zplm.
)
LaTeX Font Info:    Try loading font information for OMX+zplm on input line 227
.

(/usr/local/texlive/2011/texmf-dist/tex/latex/psnfss/omxzplm.fd
File: omxzplm.fd 2002/09/08 Fontinst v1.914 font definitions for OMX/zplm.
)
LaTeX Font Info:    Try loading font information for OT1+zplm on input line 227
.

(/usr/local/texlive/2011/texmf-dist/tex/latex/psnfss/ot1zplm.fd
File: ot1zplm.fd 2002/09/08 Fontinst v1.914 font definitions for OT1/zplm.
)
LaTeX Font Info:    Font shape `U/msa/m/n' will be
(Font)              scaled to size 10.42007pt on input line 227.
LaTeX Font Info:    Font shape `U/msa/m/n' will be
(Font)              scaled to size 7.91925pt on input line 227.
LaTeX Font Info:    Font shape `U/msa/m/n' will be
(Font)              scaled to size 6.25204pt on input line 227.
LaTeX Font Info:    Font shape `U/msb/m/n' will be
(Font)              scaled to size 10.42007pt on input line 227.
LaTeX Font Info:    Font shape `U/msb/m/n' will be
(Font)              scaled to size 7.91925pt on input line 227.
LaTeX Font Info:    Font shape `U/msb/m/n' will be
(Font)              scaled to size 6.25204pt on input line 227.
LaTeX Font Info:    Font shape `U/msa/m/n' will be
(Font)              scaled to size 8.33606pt on input line 227.
LaTeX Font Info:    Font shape `U/msa/m/n' will be
(Font)              scaled to size 5.21004pt on input line 227.
LaTeX Font Info:    Font shape `U/msb/m/n' will be
(Font)              scaled to size 8.33606pt on input line 227.
LaTeX Font Info:    Font shape `U/msb/m/n' will be
(Font)              scaled to size 5.21004pt on input line 227.

Overfull \hbox (12.25981pt too wide) in paragraph at lines 226--228
[][]\T1/pplj/m/n/10 Fundamentally, gram-mar pro-duc-tion rules can be ex-presse
d in Backus-
 []


LaTeX Warning: Marginpar on page 11 moved.

LaTeX Font Info:    Font shape `T1/fvm/m/n' will be
(Font)              scaled to size 6.80005pt on input line 264.
[11]

LaTeX Warning: Marginpar on page 12 moved.


Underfull \hbox (badness 4217) in paragraph at lines 296--296
[]\T1/pplj/b/n/8 TODO\T1/pplj/m/n/8 : Venn di-a-gram of gram-mar
 []


LaTeX Warning: Marginpar on page 12 moved.

[12]

LaTeX Warning: Marginpar on page 13 moved.


Underfull \hbox (badness 3601) in paragraph at lines 335--335
[]\T1/pplj/m/n/8 Figure 1.4: A gram-mar for prop-
 []


Underfull \hbox (badness 2269) in paragraph at lines 335--335
\T1/pplj/m/n/8 erty ac-cess ex-pres-sions of the form
 []

[13]

LaTeX Warning: Marginpar on page 14 moved.


Overfull \hbox (0.95975pt too wide) in paragraph at lines 420--424
\T1/pplj/m/n/10 (non-equivalent) way from the pro-duc-tion rules, cor-re-spond-
ing to mul-
 []

[14]

LaTeX Warning: Marginpar on page 15 moved.

! Undefined control sequence.
l.500 the grammar of \Figure
                            {Fig:exp-grammar-simple} is readily accepted as ...
The control sequence at the end of the top line
of your error message was never \def'ed. If you have
misspelled it (e.g., `\hobx'), type `I' and the correct
spelling (e.g., `I\hbox'). Otherwise just continue,
and I'll forget about whatever was undefined.

[15]

LaTeX Warning: Marginpar on page 16 moved.

! Undefined control sequence.
l.542 grammar \Figure
                     {Fig:field-access-grammar}?
The control sequence at the end of the top line
of your error message was never \def'ed. If you have
misspelled it (e.g., `\hobx'), type `I' and the correct
spelling (e.g., `I\hbox'). Otherwise just continue,
and I'll forget about whatever was undefined.

[16]

LaTeX Warning: Marginpar on page 17 moved.


Overfull \hbox (6.78978pt too wide) in paragraph at lines 598--606
\T1/pplj/m/n/10 dimensional struc-ture of text (es-pe-cially when us-ing mono-s
paced fonts)
 []

LaTeX Font Info:    Try loading font information for TS1+pplj on input line 619
.
(/usr/local/texlive/2011/texmf-dist/tex/latex/psnfss/ts1pplj.fd
File: ts1pplj.fd 2004/09/06 font definitions for TS1/pplj.
) [17] [18]

LaTeX Warning: Marginpar on page 19 moved.


Underfull \hbox (badness 1661) in paragraph at lines 695--695
$[]$\T1/pplj/m/n/8 Many gram-mar for-malisms are not
 []


Overfull \hbox (1.63985pt too wide) in paragraph at lines 693--703
[][]\T1/pplj/m/n/10 After com-pos-ing sep-a-rately de-vel-oped lan-guages,
 []


LaTeX Warning: Marginpar on page 19 moved.

[19] <figures/1/mps-diff.png, id=267, 812.43526pt x 521.5485pt>
File: figures/1/mps-diff.png Graphic file (type png)

<use figures/1/mps-diff.png>
Package pdftex.def Info: figures/1/mps-diff.png used on input line 739.
(pdftex.def)             Requested size: 365.59248pt x 234.69464pt.

Overfull \hbox (53.59248pt too wide) in paragraph at lines 739--742
 [][] 
 []

[20 <./figures/1/mps-diff.png>]
<figures/1/ecore-metamodel-2.png, id=276, 980.66376pt x 858.20625pt>
File: figures/1/ecore-metamodel-2.png Graphic file (type png)

<use figures/1/ecore-metamodel-2.png>
Package pdftex.def Info: figures/1/ecore-metamodel-2.png used on input line 782
.
(pdftex.def)             Requested size: 441.29462pt x 386.18924pt.

Overfull \hbox (129.29462pt too wide) in paragraph at lines 782--785
 [][] 
 []


Overfull \hbox (60.31432pt too wide) in paragraph at lines 811--818
\T1/pplj/m/n/10 ad-di-tional in-for-ma-tion, e.g. []\T1/fvm/m/n/10 Order(5{Prod
uctName("Apples")}, 15, "Mr. White")\T1/pplj/m/n/10 .
 []

[21] [22 <./figures/1/ecore-metamodel-2.png>]

LaTeX Warning: Marginpar on page 23 moved.

[23]
Overfull \hbox (32.25575pt too wide) in paragraph at lines 957--968
[][]\T1/pplj/m/n/10 In pure gram-mar lan-guages, one would write []\T1/fvm/m/n/
10 "cooling" "program" ID"{"\T1/pplj/m/n/10 ,
 []

[24] [25] <figures/1/xtext-metamodel.png, id=304, 399.894pt x 318.59026pt>
File: figures/1/xtext-metamodel.png Graphic file (type png)

<use figures/1/xtext-metamodel.png>
Package pdftex.def Info: figures/1/xtext-metamodel.png used on input line 1038.

(pdftex.def)             Requested size: 279.92387pt x 223.01166pt.

Underfull \hbox (badness 4819) in paragraph at lines 1053--1053
[]\T1/pplj/b/n/8 EV\T1/pplj/m/n/8 : maybe this should first show
 []


LaTeX Warning: Marginpar on page 26 moved.

[26 <./figures/1/xtext-metamodel.png>]
Overfull \hbox (29.08984pt too wide) in paragraph at lines 1075--1084
\T1/pplj/m/n/10 tional gram-mars, the rule would be writ-ten as []\T1/fvm/m/n/1
0 "state" targetStateName=ID;
 []


LaTeX Warning: Marginpar on page 27 moved.

[27]
Overfull \hbox (19.58386pt too wide) in paragraph at lines 1137--1137
[][]                         \T1/fvm/m/n/8 ({Minus.left=current} "-")) right=Mu
ltiplicationLevel)?;[] 
 []

[28]

LaTeX Warning: Marginpar on page 29 moved.

[29]

LaTeX Warning: Marginpar on page 30 moved.

[30]
Overfull \hbox (0.13913pt too wide) in paragraph at lines 1322--1322
[][]    \T1/fvm/m/n/10 return open <= now.getTime() && close <= now().getTime()
;[] 
 []


Overfull \hbox (82.01169pt too wide) in paragraph at lines 1336--1336
[][]\T1/fvm/m/n/10 "entity" QId ":" Type "{" EntityBodyDecl* "}"  -> Definition
 {cons("Entity")}[] 
 []


Overfull \hbox (71.77762pt too wide) in paragraph at lines 1337--1337
[][]\T1/fvm/m/n/10 "entity" QId "{" EntityBodyDecl* "}"  -> Definition {cons("E
ntityNoSuper")}[] 
 []


Overfull \hbox (35.95837pt too wide) in paragraph at lines 1338--1338
[][]\T1/fvm/m/n/10 ID ":" Type "(" {Anno ","}* ")" -> EntityBodyDecl {cons("Pro
perty")}[] 
 []


Overfull \hbox (71.77762pt too wide) in paragraph at lines 1339--1339
[][]\T1/fvm/m/n/10 ID ":" Type                     -> EntityBodyDecl {cons("Pro
pertyNoAnnos")}[] 
 []


Overfull \hbox (0.13913pt too wide) in paragraph at lines 1342--1342
[][]\T1/fvm/m/n/10 "inverse" ":" ID                -> Anno {cons("InverseAnno")
}[] 
 []


Overfull \hbox (179.23535pt too wide) in paragraph at lines 1347--1347
[][]\T1/fvm/m/n/10 "function" QId "(" {FArg ","}* ")" ":" Type "{" Statement* "
}" -> FunctionDef {cons("Function")}[] 
 []

[31]

LaTeX Warning: Marginpar on page 32 moved.


Overfull \hbox (4.83646pt too wide) in paragraph at lines 1429--1435
[][]\T1/pplj/m/n/10 The State con-tains col-lec-tions of En-try-Ac-tions and Ex
-i-tAc-tions. These
 []

[32] <figures/1/mps-transeditor.png, id=341, 404.712pt x 49.98676pt>
File: figures/1/mps-transeditor.png Graphic file (type png)

<use figures/1/mps-transeditor.png>
Package pdftex.def Info: figures/1/mps-transeditor.png used on input line 1474.

(pdftex.def)             Requested size: 283.29646pt x 34.99048pt.


LaTeX Warning: Marginpar on page 33 moved.

[33 <./figures/1/mps-transeditor.png>]
<figures/1/mps-stateeditor.png, id=349, 294.50024pt x 178.86826pt>
File: figures/1/mps-stateeditor.png Graphic file (type png)

<use figures/1/mps-stateeditor.png>
Package pdftex.def Info: figures/1/mps-stateeditor.png used on input line 1492.

(pdftex.def)             Requested size: 206.14876pt x 125.20691pt.
 [34 <./figures/1/mps-stateeditor.png>]
[35]
Overfull \hbox (4.11977pt too wide) in paragraph at lines 1599--1602
[]\T1/pplj/m/n/10 The first al-ter-na-tive al-lows lower-precedence op-er-a-tor
s be-low higher-
 []


LaTeX Warning: Marginpar on page 36 moved.


LaTeX Warning: Marginpar on page 36 moved.

[36]) (./sections/3-scopeAndLink.ltx [37] [38

]
Chapter 2.

LaTeX Warning: Marginpar on page 39 moved.

[39]
Overfull \hbox (80.56099pt too wide) in paragraph at lines 53--60
\T1/pplj/m/n/10 name (e.g., []\T1/fvm/m/n/10 Map.Entry\T1/pplj/m/n/10 ) in the 
pres-ence of an \T1/pplj/m/it/10 im-port \T1/pplj/m/n/10 (in this case, []\T1/f
vm/m/n/10 import java.util.Map;\T1/pplj/m/n/10 ).
 []


Underfull \hbox (badness 1609) in paragraph at lines 62--62
\T1/pplj/m/n/8 more to the "vis-i-bil-ity" view of the
 []


LaTeX Warning: Marginpar on page 40 moved.


LaTeX Warning: Marginpar on page 40 moved.


LaTeX Warning: Marginpar on page 40 moved.

[40]

LaTeX Warning: Marginpar on page 41 moved.


Overfull \hbox (12.70972pt too wide) in paragraph at lines 179--184
\T1/pplj/m/n/10 declar-a-tive scope provider through the Ab-stract-Declar-a-tiv
eScope-Provider
 []

[41]
Overfull \hbox (14.08974pt too wide) in paragraph at lines 198--200
[][]\T1/pplj/m/n/10 Let's as-sume we want to scope the tar-get-State ref-er-enc
e of the ChangeS-
 []


Overfull \hbox (11.3966pt too wide) in paragraph at lines 249--249
[][]    \T1/fvm/m/n/8 CoolingProgram owningProgram = Utils.ancestor( ctx, Cooli
ngProgram.class );[] 
 []


Underfull \hbox (badness 1142) in paragraph at lines 268--268
\T1/pplj/m/n/8 ing a global scope by de-fault re-ally
 []

[42]

LaTeX Warning: Marginpar on page 43 moved.

[43]

LaTeX Warning: Marginpar on page 44 moved.


Overfull \hbox (59.61641pt too wide) in paragraph at lines 371--381
\T1/pplj/m/n/10 with the in-dex. The in-dex is a data struc-ture that stores (S
tring,IEObjectDescription)-
 []

[44] [45] <figures/2/mps-transeditor-2.png, id=408, 560.0925pt x 196.93575pt>
File: figures/2/mps-transeditor-2.png Graphic file (type png)

<use figures/2/mps-transeditor-2.png>
Package pdftex.def Info: figures/2/mps-transeditor-2.png used on input line 460
.
(pdftex.def)             Requested size: 448.0746pt x 157.54878pt.

Overfull \hbox (136.0746pt too wide) in paragraph at lines 460--463
 [][] 
 []


Overfull \hbox (10.77245pt too wide) in paragraph at lines 466--470
[][]\T1/pplj/m/n/10 To make a point, the ed-i-tor could also be de-fined as []\
T1/fvm/m/n/10 (%target% -> X )\T1/pplj/m/n/10 ,
 []


Underfull \vbox (badness 1072) has occurred while \output is active []

 [46 <./figures/2/mps-transeditor-2.png>]
Overfull \hbox (0.82988pt too wide) in paragraph at lines 471--473
[] []\T1/pplj/m/it/10 Nested Scopes[] []\T1/pplj/m/n/10 In a more com-plex, blo
ck ori-ented lan-guage with nested
 []

) (./sections/4-constraintsAndTypesys.ltx [47] [48

]
Chapter 3.

LaTeX Warning: Marginpar on page 49 moved.


Underfull \hbox (badness 2884) in paragraph at lines 28--28
[]\T1/pplj/b/n/8 TODO\T1/pplj/m/n/8 : Dis-cuss diff ap-proaches for
 []


LaTeX Warning: Marginpar on page 49 moved.

[49] [50] [51] [52

]
Chapter 4.
File: figures/1/astexample.png Graphic file (type png)
<use figures/1/astexample.png>
Package pdftex.def Info: figures/1/astexample.png used on input line 158.
(pdftex.def)             Requested size: 249.33342pt x 181.03773pt.
 [53] [54]

LaTeX Warning: Marginpar on page 55 moved.


LaTeX Warning: Marginpar on page 55 moved.


Overfull \hbox (0.94653pt too wide) in paragraph at lines 229--231
[]\T1/pplj/m/n/10 Recursion is widely used in com-puter sci-ence. Ac-cord-ing t
o Wikipedia,
 []

[55] [56] [57] [58]
Overfull \hbox (284.07185pt too wide) in paragraph at lines 536--541
\T1/pplj/m/n/10 the Xtext Type-sys-tem Frame-work (de-vel-oped by Markus Voel-t
er, []\T1/fvm/m/n/10 http://code.google.com/a/eclipselabs.org/p/xtext-typesyste
m/\T1/pplj/m/n/10 )
 []


Overfull \hbox (38.46092pt too wide) in paragraph at lines 536--541
\T1/pplj/m/n/10 and XTypes (de-vel-oped by Lorenzo Bet-tini, []\T1/fvm/m/n/10 h
ttp://xtypes.sourceforge.net/\T1/pplj/m/n/10 ).
 []

[59] [60] <figures/2/xtext-typesyseditor.png, id=482, 307.1475pt x 368.577pt>
File: figures/2/xtext-typesyseditor.png Graphic file (type png)

<use figures/2/xtext-typesyseditor.png>
Package pdftex.def Info: figures/2/xtext-typesyseditor.png used on input line 6
21.
(pdftex.def)             Requested size: 215.00177pt x 258.00212pt.
 [61 <./figures/2/xtext-typesyseditor.png>] [62]

LaTeX Warning: Marginpar on page 63 moved.


Overfull \hbox (42.86356pt too wide) in paragraph at lines 775--784
\T1/pplj/m/n/10 cept is the type of its type: []\T1/fvm/m/n/10 typeof(parameter
) :==: typeof(parameter.type);\T1/pplj/m/n/10 .
 []

[63]
Overfull \hbox (105.55005pt too wide) in paragraph at lines 827--827
[][]    \T1/fvm/m/n/8 (model, scope, referenceNode, linkTarget, enclosingNode)-
>join(ISearchScope | sequence<node< >>) {[] 
 []

[64]

LaTeX Warning: Marginpar on page 65 moved.

[65]) (./sections/6-trafoAndGen.ltx [66]
Chapter 5.
[67

]

LaTeX Warning: Marginpar on page 68 moved.


Underfull \vbox (badness 10000) has occurred while \output is active []

 [68]
[69]

LaTeX Warning: Marginpar on page 70 moved.


Overfull \hbox (0.67984pt too wide) in paragraph at lines 136--141
\T1/pplj/m/n/10 model-to-model trans-for-ma-tions is much less clear in MPS. Wh
ile there
 []

[70] <figures/6/mps-sm-gen.png, id=531, 655.248pt x 334.24875pt>
File: figures/6/mps-sm-gen.png Graphic file (type png)

<use figures/6/mps-sm-gen.png>
Package pdftex.def Info: figures/6/mps-sm-gen.png used on input line 182.
(pdftex.def)             Requested size: 458.67047pt x 233.97252pt.

Overfull \hbox (146.67047pt too wide) in paragraph at lines 182--185
 [][] 
 []

<figures/6/mps-gen-phases.png, id=533, 534.19576pt x 198.14024pt>
File: figures/6/mps-gen-phases.png Graphic file (type png)

<use figures/6/mps-gen-phases.png>
Package pdftex.def Info: figures/6/mps-gen-phases.png used on input line 200.
(pdftex.def)             Requested size: 373.93448pt x 138.6972pt.

Overfull \hbox (61.93448pt too wide) in paragraph at lines 200--203
 [][] 
 []

[71 <./figures/6/mps-sm-gen.png>]
<figures/6/mps-sm-inspector1.png, id=544, 450.483pt x 77.088pt>
File: figures/6/mps-sm-inspector1.png Graphic file (type png)

<use figures/6/mps-sm-inspector1.png>
Package pdftex.def Info: figures/6/mps-sm-inspector1.png used on input line 243
.
(pdftex.def)             Requested size: 315.33594pt x 53.96121pt.

Overfull \hbox (3.33594pt too wide) in paragraph at lines 243--246
 [][] 
 []

[72 <./figures/6/mps-gen-phases.png>] [73 <./figures/6/mps-sm-inspector1.png>]
<figures/6/mps-sm-eventtrigger.png, id=558, 546.843pt x 317.38576pt>
File: figures/6/mps-sm-eventtrigger.png Graphic file (type png)

<use figures/6/mps-sm-eventtrigger.png>
Package pdftex.def Info: figures/6/mps-sm-eventtrigger.png used on input line 3
16.
(pdftex.def)             Requested size: 382.78749pt x 222.1685pt.

Overfull \hbox (70.78749pt too wide) in paragraph at lines 316--319
 [][] 
 []


Underfull \vbox (badness 10000) has occurred while \output is active []

 [74 <./figures/6/mps-sm-eventtrigger.png>]
<figures/6/mps-sm-fireevent.png, id=565, 390.86024pt x 192.72pt>
File: figures/6/mps-sm-fireevent.png Graphic file (type png)

<use figures/6/mps-sm-fireevent.png>
Package pdftex.def Info: figures/6/mps-sm-fireevent.png used on input line 362.

(pdftex.def)             Requested size: 273.6003pt x 134.90306pt.
 [75 <./figures/6/mps-sm-fireevent.png>]
[76]
Chapter 6.
[77

]
Overfull \hbox (63.80682pt too wide) in paragraph at lines 483--504
\T1/pplj/m/n/10 turn value pass-ing. As-sume a func-tion []\T1/fvm/m/n/10 int a
dd(int a, int b) { return a+b; }\T1/pplj/m/n/10 .
 []


Overfull \hbox (118.8976pt too wide) in paragraph at lines 483--504
\T1/pplj/m/n/10 port-ing re-cur-sive callable en-ti-ties (as in []\T1/fvm/m/n/1
0 int fac(int i) { return i == 0 ? 1 : fac(i-1) };
 []

[78]
Overfull \hbox (1.34648pt too wide) in paragraph at lines 525--529
[][]\T1/pplj/m/n/10 The lan-guage sup-ports writ-ing tests for cool-ing pro-gra
ms incl. mock
 []

[79]
Overfull \hbox (11.3966pt too wide) in paragraph at lines 570--570
[][]    \T1/fvm/m/n/8 public AbstractCoolingLanguageExpressionEvaluator( Execut
ionContext ctx ) {[] 
 []

[80]
Overfull \hbox (19.58386pt too wide) in paragraph at lines 642--642
[][]        \T1/fvm/m/n/8 EObject type = eec().typesystem.typeof(expr, new Type
CalculationTrace());[] 
 []

[81]
Overfull \hbox (11.3966pt too wide) in paragraph at lines 694--694
[][]\T1/fvm/m/n/8 protected void executeAssignmentStatement(AssignmentStatement
 s, LogEntry log){[] 
 []

[82]
Overfull \hbox (19.58386pt too wide) in paragraph at lines 725--725
[][]        \T1/fvm/m/n/8 EObject type = eec().typesystem.typeof(expr, new Type
CalculationTrace());[] 
 []


Overfull \hbox (11.3966pt too wide) in paragraph at lines 728--728
[][]           \T1/fvm/m/n/8 "looking up value; nothing found, using neutral va
lue: " + neutral);[] 
 []


Overfull \hbox (8.39978pt too wide) in paragraph at lines 781--786
[][]\T1/pplj/m/n/10 The code for the Func-tion-Dec-la-ra-tion uses a pre-de-fin
ed util-ity method
 []

[83]
Overfull \hbox (15.49023pt too wide) in paragraph at lines 829--829
[][]\T1/fvm/m/n/8 protected void executeChangeStateStatement(ChangeStateStateme
nt s, LogEntry l) {[] 
 []


Overfull \hbox (7.30298pt too wide) in paragraph at lines 830--830
[][]    \T1/fvm/m/n/8 l.child(Kind.debug, s, "change state to " + s.getTargetSt
ate().getName());[] 
 []


Overfull \hbox (15.49023pt too wide) in paragraph at lines 835--835
[][]        \T1/fvm/m/n/8 throws TestFailedException, InterpreterException, Tes
tStoppedException {[] 
 []

[84]
Overfull \hbox (15.49023pt too wide) in paragraph at lines 862--862
[][]        \T1/fvm/m/n/8 executor.execute(getCurrentState().getEachTimeStateme
nts(), stepLogger);[] 
 []

[85]

LaTeX Warning: Marginpar on page 86 moved.


LaTeX Warning: Marginpar on page 86 moved.


LaTeX Warning: Marginpar on page 86 moved.


Overfull \hbox (1.01984pt too wide) in paragraph at lines 970--974
\T1/pplj/m/n/10 An al-ter-na-tive so-lu-tion in-volves a dis-patch state-ment, 
a kind of pimped
 []


LaTeX Warning: File `figures/6/mps-dispatch.png' not found on input line 977.


! Package pdftex.def Error: File `figures/6/mps-dispatch.png' not found.

See the pdftex.def package documentation for explanation.
Type  H <return>  for immediate help.
 ...                                              
                                                  
l.977 ...s[scale=0.65]{figures/6/mps-dispatch.png}
                                                  
Using draft setting for this image.
Try typing  <return>  to proceed.
If that doesn't work, type  X <return>  to quit.

) (./sections/7-testing.ltx
Underfull \hbox (badness 5533) in paragraph at lines 14--14
[]\T1/pplj/b/n/8 TODO\T1/pplj/m/n/8 : Bet-ter ar-gue, which kinds
 []


Underfull \hbox (badness 1406) in paragraph at lines 14--14
\T1/pplj/m/n/8 of tests are nec-es-sary: syn-tax, con-
 []

[86]

LaTeX Warning: Marginpar on page 87 moved.


LaTeX Warning: Marginpar on page 87 moved.


LaTeX Warning: Marginpar on page 87 moved.


Overfull \hbox (69.39651pt too wide) in paragraph at lines 35--39
\T1/pplj/m/n/10 at []\T1/fvm/m/n/10 http://code.google.com/a/eclipselabs.org/p/
xtext-utils/wiki/Unit_Testing\T1/pplj/m/n/10 .
 []


Overfull \hbox (56.42651pt too wide) in paragraph at lines 48--48
[][]        \T1/fvm/m/n/8 testFileNoSerializer("interpreter/engine0.cool", "tes
ts.appl", "stdparams.cool" );[] 
 []

[87]
Overfull \hbox (27.77112pt too wide) in paragraph at lines 73--73
[][]        \T1/fvm/m/n/8 testParserRule("state s: entry { do fach1->anOperatio
n }", "CustomState" );[] 
 []


Overfull \hbox (3.20935pt too wide) in paragraph at lines 74--74
[][]        \T1/fvm/m/n/8 testParserRule("state s: entry { do fach1->anOperatio
n }", "State" );[] 
 []


Overfull \hbox (15.91978pt too wide) in paragraph at lines 102--105
\T1/pplj/m/n/10 check-ing for the pres-ence of er-ror an-no-ta-tions af-ter par
s-ing and constraint-
 []


Overfull \hbox (35.95837pt too wide) in paragraph at lines 110--110
[][]        \T1/fvm/m/n/8 testFileNoSerializer("typesystem/tst1.cool", "tests.a
ppl", "stdparams.cool");[] 
 []


Overfull \hbox (11.3966pt too wide) in paragraph at lines 111--111
[][]        \T1/fvm/m/n/8 assertConstraints( issues.sizeIs(3) );               
              // 1[] 
 []


Overfull \hbox (11.3966pt too wide) in paragraph at lines 112--112
[][]        \T1/fvm/m/n/8 assertConstraints( issues.forElement(Variable.class, 
"v1").        // 2[] 
 []


Overfull \hbox (11.3966pt too wide) in paragraph at lines 113--113
[][]          \T1/fvm/m/n/8 theOneAndOnlyContains("incompatible type") );      
              // 2[] 
 []


Overfull \hbox (11.3966pt too wide) in paragraph at lines 114--114
[][]        \T1/fvm/m/n/8 assertConstraints( issues.under(Variable.class, "w1")
.             // 3[] 
 []


Overfull \hbox (11.3966pt too wide) in paragraph at lines 115--115
[][]          \T1/fvm/m/n/8 errorsOnly().sizeIs(2).oneOfThemContains("incompati
ble type") ); // 3[] 
 []

[88]
Overfull \hbox (16.31926pt too wide) in paragraph at lines 158--168
[][]\T1/pplj/m/n/10 A sim-i-lar fa-cil-ity is avail-able for MPS, it is called 
a NodesTest (Fig. []6.1.2[]).
 []


Overfull \hbox (31.82611pt too wide) in paragraph at lines 158--168
\T1/pplj/m/n/10 rors. For ex-am-ple, the third line of the nodes sec-tion reads
 []\T1/fvm/m/n/10 var double d3 = d
 []

<figures/7/mps-test.jpg, id=634, 395.4775pt x 190.7125pt>
File: figures/7/mps-test.jpg Graphic file (type jpg)

<use figures/7/mps-test.jpg>
Package pdftex.def Info: figures/7/mps-test.jpg used on input line 177.
(pdftex.def)             Requested size: 257.05733pt x 123.96164pt.


LaTeX Warning: Marginpar on page 89 moved.

[89]

LaTeX Warning: Marginpar on page 90 moved.


! Class tufte-book Error: \subsubsection is undefined by this class.
(tufte-book)              See Robert Bringhurst's _The Elements of 
(tufte-book)              Typographic Style_, section 4.2.2. 
(tufte-book)              \subsubsection was used.

See the tufte-book class documentation for explanation.
Type  H <return>  for immediate help.
 ...                                              
                                                  
l.212 \subsubsection
                    {Testing an Interpreter with Xtext}
From Bringhurst's _The Elements of Typographic Style_, section 4.2.2: Use as 
many levels of headings as you need, no more and no fewer. Also see the many 
related threads on Ask E.T. at http://www.edwardtufte.com/.


Underfull \vbox (badness 10000) has occurred while \output is active []

 [90 <./figures/7/mps-test.jpg>] [91]
Overfull \hbox (56.42651pt too wide) in paragraph at lines 289--289
[][]        \T1/fvm/m/n/8 testFileNoSerializer("interpreter/engine0.cool", "tes
ts.appl", "stdparams.cool" );[] 
 []


Overfull \hbox (1.52641pt too wide) in paragraph at lines 323--336
\T1/pplj/m/n/10 al-go-rithm works. The sec-ond test, test-Phys-i-calQuan-ti-tie
s, tests whether
 []

[92] [93]) (./sections/8-semantics.ltx [94]) (./sections/9-debugging.ltx)
(./sections/A-evolution.ltx) (./sections/B-editorServices.ltx))
No file doc.bbl.
Package atveryend Info: Empty hook `BeforeClearDocument' on input line 137.
[95]
Package atveryend Info: Empty hook `AfterLastShipout' on input line 137.
 (./doc.aux)
Package atveryend Info: Executing hook `AtVeryEndDocument' on input line 137.
Package atveryend Info: Executing hook `AtEndAfterFileList' on input line 137.
Package rerunfilecheck Info: File `doc.out' has not changed.
(rerunfilecheck)             Checksum: A3088AC6AF4A7A086E850DD55A2D8C2E;5504.
Package atveryend Info: Empty hook `AtVeryVeryEnd' on input line 137.
 ) 
Here is how much of TeX's memory you used:
 19972 strings out of 493633
 332065 string characters out of 3143378
 422524 words of memory out of 3000000
 22556 multiletter control sequences out of 15000+200000
 88787 words of font info for 130 fonts, out of 3000000 for 9000
 831 hyphenation exceptions out of 8191
 56i,13n,55p,502b,1096s stack positions out of 5000i,500n,10000p,200000b,50000s
{/usr/local/texlive/2011/texmf-dist/fonts/enc/dvips/cm-super/cm-super-t1.enc}
{/usr/local/texlive/2011/texmf-dist/fonts/enc/dvips/base/8r.enc}</usr/local/tex
live/2011/texmf-dist/fonts/type1/public/amsfonts/cm/cmmi10.pfb></usr/local/texl
ive/2011/texmf-dist/fonts/type1/public/amsfonts/cm/cmr10.pfb></usr/local/texliv
e/2011/texmf-dist/fonts/type1/public/amsfonts/cm/cmsy10.pfb></usr/local/texlive
/2011/texmf-dist/fonts/type1/public/fpl/fplrc8a.pfb></usr/local/texlive/2011/te
xmf-dist/fonts/type1/public/fpl/fplrij8a.pfb></usr/local/texlive/2011/texmf-dis
t/fonts/type1/public/bera/fvmr8a.pfb></usr/local/texlive/2011/texmf-dist/fonts/
type1/public/cm-super/sftt0800.pfb></usr/local/texlive/2011/texmf-dist/fonts/ty
pe1/public/cm-super/sftt1000.pfb></usr/local/texlive/2011/texmf-dist/fonts/type
1/urw/helvetic/uhvr8a.pfb></usr/local/texlive/2011/texmf-dist/fonts/type1/urw/p
alatino/uplb8a.pfb></usr/local/texlive/2011/texmf-dist/fonts/type1/urw/palatino
/uplr8a.pfb></usr/local/texlive/2011/texmf-dist/fonts/type1/urw/palatino/uplri8
a.pfb>
Output written on doc.pdf (95 pages, 648423 bytes).
PDF statistics:
 751 PDF objects out of 1000 (max. 8388607)
 606 compressed objects within 7 object streams
 179 named destinations out of 1000 (max. 500000)
 2928 words of extra memory for PDF output out of 10000 (max. 10000000)

