\BOOKMARK [1][-]{section.1}{Introduction}{}% 1
\BOOKMARK [1][-]{section.2}{Concrete and Abstract Syntax}{}% 2
\BOOKMARK [2][-]{subsection.2.1}{Fundamentals of Free Text Editing}{section.2}% 3
\BOOKMARK [3][-]{subsubsection.2.1.1}{Parser Generation Technology}{subsection.2.1}% 4
\BOOKMARK [2][-]{subsection.2.2}{Fundamentals of Projectional Editing}{section.2}% 5
\BOOKMARK [2][-]{subsection.2.3}{Comparing Parsing and Projection}{section.2}% 6
\BOOKMARK [3][-]{subsubsection.2.3.1}{Editing Experience}{subsection.2.3}% 7
\BOOKMARK [3][-]{subsubsection.2.3.2}{Language Modularity}{subsection.2.3}% 8
\BOOKMARK [3][-]{subsubsection.2.3.3}{Notational Freedom}{subsection.2.3}% 9
\BOOKMARK [3][-]{subsubsection.2.3.4}{Language Evolution}{subsection.2.3}% 10
\BOOKMARK [3][-]{subsubsection.2.3.5}{Infrastructure Integration}{subsection.2.3}% 11
\BOOKMARK [3][-]{subsubsection.2.3.6}{Other}{subsection.2.3}% 12
\BOOKMARK [2][-]{subsection.2.4}{Characteristics of AST formalisms}{section.2}% 13
\BOOKMARK [3][-]{subsubsection.2.4.1}{EMF Ecore}{subsection.2.4}% 14
\BOOKMARK [3][-]{subsubsection.2.4.2}{Spoofax' ATerm}{subsection.2.4}% 15
\BOOKMARK [3][-]{subsubsection.2.4.3}{MPS' Structure Definition}{subsection.2.4}% 16
\BOOKMARK [2][-]{subsection.2.5}{Xtext Example}{section.2}% 17
\BOOKMARK [2][-]{subsection.2.6}{Spoofax Example}{section.2}% 18
\BOOKMARK [2][-]{subsection.2.7}{MPS Example}{section.2}% 19
\BOOKMARK [1][-]{section.3}{Scoping and Linking}{}% 20
\BOOKMARK [2][-]{subsection.3.1}{Name resolution in Spoofax}{section.3}% 21
\BOOKMARK [2][-]{subsection.3.2}{Scoping in Xtext}{section.3}% 22
\BOOKMARK [2][-]{subsection.3.3}{Scoping in MPS}{section.3}% 23
\BOOKMARK [1][-]{section.4}{Constraints}{}% 24
\BOOKMARK [2][-]{subsection.4.1}{Constraints in Xtext}{section.4}% 25
\BOOKMARK [2][-]{subsection.4.2}{Constraints in MPS}{section.4}% 26
\BOOKMARK [2][-]{subsection.4.3}{Constraints in Spoofax}{section.4}% 27
\BOOKMARK [1][-]{section.5}{Type Systems}{}% 28
\BOOKMARK [2][-]{subsection.5.1}{Type System Basics}{section.5}% 29
\BOOKMARK [2][-]{subsection.5.2}{Type Calculation Strategies}{section.5}% 30
\BOOKMARK [3][-]{subsubsection.5.2.1}{Recursion}{subsection.5.2}% 31
\BOOKMARK [3][-]{subsubsection.5.2.2}{Unification}{subsection.5.2}% 32
\BOOKMARK [3][-]{subsubsection.5.2.3}{Pattern Matching}{subsection.5.2}% 33
\BOOKMARK [2][-]{subsection.5.3}{Xtext Example}{section.5}% 34
\BOOKMARK [2][-]{subsection.5.4}{MPS Example}{section.5}% 35
\BOOKMARK [2][-]{subsection.5.5}{Spoofax Example}{section.5}% 36
\BOOKMARK [1][-]{section.6}{Transformation and Generation}{}% 37
\BOOKMARK [2][-]{subsection.6.1}{Overview of the approaches}{section.6}% 38
\BOOKMARK [2][-]{subsection.6.2}{Code generation for incomplete languages}{section.6}% 39
\BOOKMARK [2][-]{subsection.6.3}{Xtext Example}{section.6}% 40
\BOOKMARK [3][-]{subsubsection.6.3.1}{Generator}{subsection.6.3}% 41
\BOOKMARK [3][-]{subsubsection.6.3.2}{Model-to-Model Transformation}{subsection.6.3}% 42
\BOOKMARK [2][-]{subsection.6.4}{MPS Example}{section.6}% 43
\BOOKMARK [2][-]{subsection.6.5}{Spoofax Example}{section.6}% 44
\BOOKMARK [1][-]{section.7}{Building Interpreters}{}% 45
\BOOKMARK [2][-]{subsection.7.1}{Building an Interpreter with Xtext}{section.7}% 46
\BOOKMARK [2][-]{subsection.7.2}{An interpreter in MPS}{section.7}% 47
\BOOKMARK [1][-]{section.8}{Testing DSLs}{}% 48
\BOOKMARK [2][-]{subsection.8.1}{Syntax Testing}{section.8}% 49
\BOOKMARK [2][-]{subsection.8.2}{Constaints Testing}{section.8}% 50
\BOOKMARK [2][-]{subsection.8.3}{Semantics Testing}{section.8}% 51
\BOOKMARK [3][-]{subsubsection.8.3.1}{Testing an Interpreter with Xtext}{subsection.8.3}% 52
\BOOKMARK [2][-]{subsection.8.4}{Testing for language completeness}{section.8}% 53
\BOOKMARK [2][-]{subsection.8.5}{Testing Editor Services}{section.8}% 54
\BOOKMARK [1][-]{section.9}{Semantics}{}% 55
\BOOKMARK [1][-]{section.10}{Debugging DSLs}{}% 56
\BOOKMARK [1][-]{section.11}{Evolution}{}% 57
\BOOKMARK [1][-]{section.12}{Editor Services}{}% 58
